PLEASE NOTE: predictor 'mania_history' not in dataframe loaded from 'results/main/miceRanger_imputed_formatted_Brighten-v1_all.csv'.
PLEASE NOTE: predictor 'psychosis_history' not in dataframe loaded from 'results/main/miceRanger_imputed_formatted_Brighten-v1_all.csv'.

------- random_forest predicting mdd_improve -------

Exploring models with complexity: 3

Exploring path with predictors: []
Current AUC: 0.5000
Predictor: base_phq9, Mean AUC: 0.5887, AUC increase: 0.0887, 95% CI: [-0.0065, 0.1802], p-value: 0.0332, Mean Acc: 0.5726, Acc 95% CI: [0.4922, 0.6484]
Predictor: gender, Mean AUC: 0.5049, AUC increase: 0.0049, 95% CI: [-0.0728, 0.0795], p-value: 0.4503, Mean Acc: 0.5904, Acc 95% CI: [0.5078, 0.6719]
Predictor: education, Mean AUC: 0.5027, AUC increase: 0.0027, 95% CI: [-0.0771, 0.0714], p-value: 0.4497, Mean Acc: 0.5928, Acc 95% CI: [0.5078, 0.6719]
Predictor: working, Mean AUC: 0.4982, AUC increase: -0.0018, 95% CI: [-0.0861, 0.0789], p-value: 0.5163, Mean Acc: 0.5928, Acc 95% CI: [0.5078, 0.6719]
Predictor: marital_status, Mean AUC: 0.5061, AUC increase: 0.0061, 95% CI: [-0.0766, 0.0826], p-value: 0.4320, Mean Acc: 0.5909, Acc 95% CI: [0.5078, 0.6719]
Predictor: race_is_latino, Mean AUC: 0.5009, AUC increase: 0.0009, 95% CI: [-0.0655, 0.0634], p-value: 0.4819, Mean Acc: 0.5898, Acc 95% CI: [0.5078, 0.6719]
Predictor: race_is_black, Mean AUC: 0.5155, AUC increase: 0.0155, 95% CI: [-0.0440, 0.0719], p-value: 0.2873, Mean Acc: 0.5888, Acc 95% CI: [0.5078, 0.6719]
Predictor: race_is_asian, Mean AUC: 0.5171, AUC increase: 0.0171, 95% CI: [-0.0372, 0.0625], p-value: 0.2283, Mean Acc: 0.5928, Acc 95% CI: [0.5078, 0.6719]
Predictor: race_is_multiracial_or_other, Mean AUC: 0.5002, AUC increase: 0.0002, 95% CI: [-0.0429, 0.0400], p-value: 0.4839, Mean Acc: 0.5924, Acc 95% CI: [0.5078, 0.6719]
Predictor: age, Mean AUC: 0.4995, AUC increase: -0.0005, 95% CI: [-0.0975, 0.0970], p-value: 0.5048, Mean Acc: 0.5766, Acc 95% CI: [0.5000, 0.6562]
Predictor: income_satisfaction, Mean AUC: 0.5018, AUC increase: 0.0018, 95% CI: [-0.0568, 0.0570], p-value: 0.4725, Mean Acc: 0.5908, Acc 95% CI: [0.5078, 0.6719]
Predictor: gad7_sum, Mean AUC: 0.7314, AUC increase: 0.2314, 95% CI: [0.1445, 0.3127], p-value: 0.0000, Mean Acc: 0.6990, Acc 95% CI: [0.6172, 0.7812]
Predictor: sds_sum, Mean AUC: 0.6942, AUC increase: 0.1942, 95% CI: [0.0986, 0.2817], p-value: 0.0001, Mean Acc: 0.6560, Acc 95% CI: [0.5703, 0.7344]
Predictor: alc_sum, Mean AUC: 0.5298, AUC increase: 0.0298, 95% CI: [-0.0713, 0.1311], p-value: 0.2839, Mean Acc: 0.5795, Acc 95% CI: [0.4922, 0.6641]
Predictor: study_arm_EVO, Mean AUC: 0.5298, AUC increase: 0.0298, 95% CI: [-0.0636, 0.1131], p-value: 0.2409, Mean Acc: 0.5915, Acc 95% CI: [0.5078, 0.6719]
Predictor: study_arm_HealthTips, Mean AUC: 0.5301, AUC increase: 0.0301, 95% CI: [-0.0585, 0.1106], p-value: 0.2351, Mean Acc: 0.5927, Acc 95% CI: [0.5078, 0.6719]
Predictor: study_arm_iPST, Mean AUC: 0.4935, AUC increase: -0.0065, 95% CI: [-0.0659, 0.0547], p-value: 0.5876, Mean Acc: 0.5915, Acc 95% CI: [0.5078, 0.6719]
Beam search: keeping top 5 predictors
Adding predictor gad7_sum. New AUC: 0.7314
Adding predictor sds_sum. New AUC: 0.6942

Exploring path with predictors: ['gad7_sum']
Current AUC: 0.7314
Predictor: base_phq9, Mean AUC: 0.7378, AUC increase: 0.0063, 95% CI: [-0.0331, 0.0451], p-value: 0.3693, Mean Acc: 0.7021, Acc 95% CI: [0.6250, 0.7812]
Predictor: gender, Mean AUC: 0.7353, AUC increase: 0.0038, 95% CI: [-0.0308, 0.0377], p-value: 0.4018, Mean Acc: 0.6976, Acc 95% CI: [0.6172, 0.7734]
Predictor: education, Mean AUC: 0.7339, AUC increase: 0.0025, 95% CI: [-0.0310, 0.0344], p-value: 0.4261, Mean Acc: 0.6967, Acc 95% CI: [0.6172, 0.7734]
Predictor: working, Mean AUC: 0.7303, AUC increase: -0.0011, 95% CI: [-0.0356, 0.0322], p-value: 0.5261, Mean Acc: 0.6985, Acc 95% CI: [0.6172, 0.7734]
Predictor: marital_status, Mean AUC: 0.7360, AUC increase: 0.0045, 95% CI: [-0.0297, 0.0390], p-value: 0.3988, Mean Acc: 0.6967, Acc 95% CI: [0.6172, 0.7734]
Predictor: race_is_latino, Mean AUC: 0.7390, AUC increase: 0.0075, 95% CI: [-0.0237, 0.0405], p-value: 0.3118, Mean Acc: 0.6987, Acc 95% CI: [0.6172, 0.7734]
Predictor: race_is_black, Mean AUC: 0.7370, AUC increase: 0.0056, 95% CI: [-0.0238, 0.0351], p-value: 0.3420, Mean Acc: 0.6993, Acc 95% CI: [0.6172, 0.7734]
Predictor: race_is_asian, Mean AUC: 0.7371, AUC increase: 0.0057, 95% CI: [-0.0303, 0.0404], p-value: 0.3644, Mean Acc: 0.7077, Acc 95% CI: [0.6250, 0.7812]
Predictor: race_is_multiracial_or_other, Mean AUC: 0.7319, AUC increase: 0.0004, 95% CI: [-0.0285, 0.0296], p-value: 0.4927, Mean Acc: 0.6970, Acc 95% CI: [0.6172, 0.7734]
Predictor: age, Mean AUC: 0.7394, AUC increase: 0.0079, 95% CI: [-0.0328, 0.0483], p-value: 0.3448, Mean Acc: 0.6987, Acc 95% CI: [0.6172, 0.7734]
Predictor: income_satisfaction, Mean AUC: 0.7333, AUC increase: 0.0018, 95% CI: [-0.0285, 0.0331], p-value: 0.4499, Mean Acc: 0.6986, Acc 95% CI: [0.6172, 0.7734]
Predictor: sds_sum, Mean AUC: 0.7453, AUC increase: 0.0139, 95% CI: [-0.0325, 0.0597], p-value: 0.2724, Mean Acc: 0.6949, Acc 95% CI: [0.6172, 0.7734]
Predictor: alc_sum, Mean AUC: 0.7517, AUC increase: 0.0203, 95% CI: [-0.0237, 0.0641], p-value: 0.1749, Mean Acc: 0.7068, Acc 95% CI: [0.6250, 0.7812]
Predictor: study_arm_EVO, Mean AUC: 0.7415, AUC increase: 0.0101, 95% CI: [-0.0278, 0.0475], p-value: 0.2885, Mean Acc: 0.6972, Acc 95% CI: [0.6172, 0.7734]
Predictor: study_arm_HealthTips, Mean AUC: 0.7477, AUC increase: 0.0163, 95% CI: [-0.0233, 0.0555], p-value: 0.2052, Mean Acc: 0.6978, Acc 95% CI: [0.6172, 0.7734]
Predictor: study_arm_iPST, Mean AUC: 0.7344, AUC increase: 0.0029, 95% CI: [-0.0268, 0.0335], p-value: 0.4209, Mean Acc: 0.6961, Acc 95% CI: [0.6172, 0.7734]
No predictors significantly improved the model. Stopping exploration for this path.

Exploring path with predictors: ['sds_sum']
Current AUC: 0.6942
Predictor: base_phq9, Mean AUC: 0.7096, AUC increase: 0.0154, 95% CI: [-0.0282, 0.0586], p-value: 0.2333, Mean Acc: 0.6593, Acc 95% CI: [0.5781, 0.7422]
Predictor: gender, Mean AUC: 0.6973, AUC increase: 0.0031, 95% CI: [-0.0291, 0.0369], p-value: 0.4274, Mean Acc: 0.6574, Acc 95% CI: [0.5703, 0.7344]
Predictor: education, Mean AUC: 0.6958, AUC increase: 0.0016, 95% CI: [-0.0304, 0.0340], p-value: 0.4639, Mean Acc: 0.6552, Acc 95% CI: [0.5703, 0.7344]
Predictor: working, Mean AUC: 0.6941, AUC increase: -0.0001, 95% CI: [-0.0345, 0.0353], p-value: 0.5105, Mean Acc: 0.6569, Acc 95% CI: [0.5703, 0.7344]
Predictor: marital_status, Mean AUC: 0.6942, AUC increase: -0.0000, 95% CI: [-0.0326, 0.0329], p-value: 0.5069, Mean Acc: 0.6563, Acc 95% CI: [0.5703, 0.7344]
Predictor: race_is_latino, Mean AUC: 0.6999, AUC increase: 0.0057, 95% CI: [-0.0259, 0.0382], p-value: 0.3523, Mean Acc: 0.6566, Acc 95% CI: [0.5703, 0.7344]
Predictor: race_is_black, Mean AUC: 0.7016, AUC increase: 0.0074, 95% CI: [-0.0231, 0.0399], p-value: 0.3183, Mean Acc: 0.6577, Acc 95% CI: [0.5703, 0.7344]
Predictor: race_is_asian, Mean AUC: 0.7005, AUC increase: 0.0063, 95% CI: [-0.0310, 0.0442], p-value: 0.3623, Mean Acc: 0.6613, Acc 95% CI: [0.5781, 0.7422]
Predictor: race_is_multiracial_or_other, Mean AUC: 0.6975, AUC increase: 0.0033, 95% CI: [-0.0334, 0.0381], p-value: 0.4136, Mean Acc: 0.6609, Acc 95% CI: [0.5781, 0.7422]
Predictor: age, Mean AUC: 0.6983, AUC increase: 0.0041, 95% CI: [-0.0366, 0.0447], p-value: 0.4141, Mean Acc: 0.6541, Acc 95% CI: [0.5703, 0.7344]
Predictor: income_satisfaction, Mean AUC: 0.6979, AUC increase: 0.0037, 95% CI: [-0.0293, 0.0376], p-value: 0.4060, Mean Acc: 0.6584, Acc 95% CI: [0.5703, 0.7422]
Predictor: gad7_sum, Mean AUC: 0.7453, AUC increase: 0.0511, 95% CI: [-0.0088, 0.1132], p-value: 0.0440, Mean Acc: 0.6949, Acc 95% CI: [0.6172, 0.7734]
Predictor: alc_sum, Mean AUC: 0.7100, AUC increase: 0.0158, 95% CI: [-0.0322, 0.0620], p-value: 0.2416, Mean Acc: 0.6698, Acc 95% CI: [0.5859, 0.7500]
Predictor: study_arm_EVO, Mean AUC: 0.6962, AUC increase: 0.0020, 95% CI: [-0.0319, 0.0378], p-value: 0.4622, Mean Acc: 0.6547, Acc 95% CI: [0.5703, 0.7344]
Predictor: study_arm_HealthTips, Mean AUC: 0.6966, AUC increase: 0.0024, 95% CI: [-0.0343, 0.0399], p-value: 0.4485, Mean Acc: 0.6518, Acc 95% CI: [0.5703, 0.7344]
Predictor: study_arm_iPST, Mean AUC: 0.6978, AUC increase: 0.0036, 95% CI: [-0.0306, 0.0376], p-value: 0.4109, Mean Acc: 0.6546, Acc 95% CI: [0.5703, 0.7344]
No predictors significantly improved the model. Stopping exploration for this path.
       outcome          model  ... complexity rf_n_estimators
0  mdd_improve  random_forest  ...          3             100
1  mdd_improve  random_forest  ...          3             100

[2 rows x 13 columns]
SAVING AS: results/main/results_Brighten-v1/fwd_rf_depth_3_seed_0.csv
Total time (seconds): 14143.63312792778
