PLEASE NOTE: predictor 'mania_history' not in dataframe loaded from 'results/main/miceRanger_imputed_formatted_Brighten-v1_all.csv'.
PLEASE NOTE: predictor 'psychosis_history' not in dataframe loaded from 'results/main/miceRanger_imputed_formatted_Brighten-v1_all.csv'.

------- random_forest predicting mdd_improve -------

Exploring models with complexity: 2

Exploring path with predictors: []
Current AUC: 0.5000
Predictor: base_phq9, Mean AUC: 0.5911, AUC increase: 0.0911, 95% CI: [-0.0029, 0.1815], p-value: 0.0294, Mean Acc: 0.5762, Acc 95% CI: [0.4922, 0.6562]
Predictor: gender, Mean AUC: 0.5049, AUC increase: 0.0049, 95% CI: [-0.0728, 0.0795], p-value: 0.4503, Mean Acc: 0.5904, Acc 95% CI: [0.5078, 0.6719]
Predictor: education, Mean AUC: 0.5027, AUC increase: 0.0027, 95% CI: [-0.0771, 0.0714], p-value: 0.4497, Mean Acc: 0.5928, Acc 95% CI: [0.5078, 0.6719]
Predictor: working, Mean AUC: 0.4982, AUC increase: -0.0018, 95% CI: [-0.0861, 0.0789], p-value: 0.5163, Mean Acc: 0.5928, Acc 95% CI: [0.5078, 0.6719]
Predictor: marital_status, Mean AUC: 0.5061, AUC increase: 0.0061, 95% CI: [-0.0766, 0.0826], p-value: 0.4320, Mean Acc: 0.5909, Acc 95% CI: [0.5078, 0.6719]
Predictor: race_is_latino, Mean AUC: 0.5009, AUC increase: 0.0009, 95% CI: [-0.0655, 0.0634], p-value: 0.4819, Mean Acc: 0.5898, Acc 95% CI: [0.5078, 0.6719]
Predictor: race_is_black, Mean AUC: 0.5155, AUC increase: 0.0155, 95% CI: [-0.0440, 0.0719], p-value: 0.2873, Mean Acc: 0.5888, Acc 95% CI: [0.5078, 0.6719]
Predictor: race_is_asian, Mean AUC: 0.5171, AUC increase: 0.0171, 95% CI: [-0.0372, 0.0625], p-value: 0.2283, Mean Acc: 0.5928, Acc 95% CI: [0.5078, 0.6719]
Predictor: race_is_multiracial_or_other, Mean AUC: 0.5002, AUC increase: 0.0002, 95% CI: [-0.0429, 0.0400], p-value: 0.4839, Mean Acc: 0.5924, Acc 95% CI: [0.5078, 0.6719]
Predictor: age, Mean AUC: 0.4991, AUC increase: -0.0009, 95% CI: [-0.1002, 0.0969], p-value: 0.5101, Mean Acc: 0.5834, Acc 95% CI: [0.5000, 0.6641]
Predictor: income_satisfaction, Mean AUC: 0.5018, AUC increase: 0.0018, 95% CI: [-0.0568, 0.0570], p-value: 0.4725, Mean Acc: 0.5908, Acc 95% CI: [0.5078, 0.6719]
Predictor: gad7_sum, Mean AUC: 0.7358, AUC increase: 0.2358, 95% CI: [0.1497, 0.3168], p-value: 0.0000, Mean Acc: 0.7015, Acc 95% CI: [0.6172, 0.7812]
Predictor: sds_sum, Mean AUC: 0.7026, AUC increase: 0.2026, 95% CI: [0.1111, 0.2887], p-value: 0.0001, Mean Acc: 0.6602, Acc 95% CI: [0.5781, 0.7422]
Predictor: alc_sum, Mean AUC: 0.5325, AUC increase: 0.0325, 95% CI: [-0.0693, 0.1325], p-value: 0.2653, Mean Acc: 0.5862, Acc 95% CI: [0.5000, 0.6641]
Predictor: study_arm_EVO, Mean AUC: 0.5298, AUC increase: 0.0298, 95% CI: [-0.0636, 0.1131], p-value: 0.2409, Mean Acc: 0.5915, Acc 95% CI: [0.5078, 0.6719]
Predictor: study_arm_HealthTips, Mean AUC: 0.5301, AUC increase: 0.0301, 95% CI: [-0.0585, 0.1106], p-value: 0.2351, Mean Acc: 0.5927, Acc 95% CI: [0.5078, 0.6719]
Predictor: study_arm_iPST, Mean AUC: 0.4935, AUC increase: -0.0065, 95% CI: [-0.0659, 0.0547], p-value: 0.5876, Mean Acc: 0.5915, Acc 95% CI: [0.5078, 0.6719]
Beam search: keeping top 5 predictors
Adding predictor gad7_sum. New AUC: 0.7358
Adding predictor sds_sum. New AUC: 0.7026

Exploring path with predictors: ['gad7_sum']
Current AUC: 0.7358
Predictor: base_phq9, Mean AUC: 0.7321, AUC increase: -0.0037, 95% CI: [-0.0416, 0.0331], p-value: 0.5721, Mean Acc: 0.6998, Acc 95% CI: [0.6172, 0.7812]
Predictor: gender, Mean AUC: 0.7336, AUC increase: -0.0022, 95% CI: [-0.0344, 0.0270], p-value: 0.5513, Mean Acc: 0.7009, Acc 95% CI: [0.6172, 0.7812]
Predictor: education, Mean AUC: 0.7351, AUC increase: -0.0007, 95% CI: [-0.0315, 0.0261], p-value: 0.5016, Mean Acc: 0.7002, Acc 95% CI: [0.6172, 0.7734]
Predictor: working, Mean AUC: 0.7317, AUC increase: -0.0041, 95% CI: [-0.0355, 0.0256], p-value: 0.6020, Mean Acc: 0.7013, Acc 95% CI: [0.6250, 0.7812]
Predictor: marital_status, Mean AUC: 0.7385, AUC increase: 0.0027, 95% CI: [-0.0287, 0.0321], p-value: 0.4210, Mean Acc: 0.7003, Acc 95% CI: [0.6172, 0.7812]
Predictor: race_is_latino, Mean AUC: 0.7403, AUC increase: 0.0045, 95% CI: [-0.0244, 0.0317], p-value: 0.3560, Mean Acc: 0.7009, Acc 95% CI: [0.6172, 0.7812]
Predictor: race_is_black, Mean AUC: 0.7400, AUC increase: 0.0042, 95% CI: [-0.0225, 0.0289], p-value: 0.3540, Mean Acc: 0.7012, Acc 95% CI: [0.6172, 0.7812]
Predictor: race_is_asian, Mean AUC: 0.7406, AUC increase: 0.0048, 95% CI: [-0.0231, 0.0338], p-value: 0.3619, Mean Acc: 0.7087, Acc 95% CI: [0.6250, 0.7891]
Predictor: race_is_multiracial_or_other, Mean AUC: 0.7334, AUC increase: -0.0024, 95% CI: [-0.0259, 0.0202], p-value: 0.5940, Mean Acc: 0.6985, Acc 95% CI: [0.6172, 0.7734]
Predictor: age, Mean AUC: 0.7367, AUC increase: 0.0009, 95% CI: [-0.0396, 0.0386], p-value: 0.4730, Mean Acc: 0.6988, Acc 95% CI: [0.6172, 0.7734]
Predictor: income_satisfaction, Mean AUC: 0.7357, AUC increase: -0.0001, 95% CI: [-0.0270, 0.0260], p-value: 0.4959, Mean Acc: 0.7010, Acc 95% CI: [0.6172, 0.7812]
Predictor: sds_sum, Mean AUC: 0.7484, AUC increase: 0.0126, 95% CI: [-0.0330, 0.0573], p-value: 0.2878, Mean Acc: 0.6956, Acc 95% CI: [0.6172, 0.7734]
Predictor: alc_sum, Mean AUC: 0.7474, AUC increase: 0.0116, 95% CI: [-0.0318, 0.0531], p-value: 0.2878, Mean Acc: 0.7024, Acc 95% CI: [0.6250, 0.7812]
Predictor: study_arm_EVO, Mean AUC: 0.7435, AUC increase: 0.0077, 95% CI: [-0.0296, 0.0417], p-value: 0.3210, Mean Acc: 0.7001, Acc 95% CI: [0.6172, 0.7734]
Predictor: study_arm_HealthTips, Mean AUC: 0.7463, AUC increase: 0.0105, 95% CI: [-0.0257, 0.0461], p-value: 0.2659, Mean Acc: 0.6979, Acc 95% CI: [0.6172, 0.7734]
Predictor: study_arm_iPST, Mean AUC: 0.7347, AUC increase: -0.0011, 95% CI: [-0.0314, 0.0256], p-value: 0.5195, Mean Acc: 0.6992, Acc 95% CI: [0.6172, 0.7734]
No predictors significantly improved the model. Stopping exploration for this path.

Exploring path with predictors: ['sds_sum']
Current AUC: 0.7026
Predictor: base_phq9, Mean AUC: 0.7052, AUC increase: 0.0026, 95% CI: [-0.0383, 0.0404], p-value: 0.4312, Mean Acc: 0.6513, Acc 95% CI: [0.5703, 0.7344]
Predictor: gender, Mean AUC: 0.6992, AUC increase: -0.0034, 95% CI: [-0.0298, 0.0199], p-value: 0.6105, Mean Acc: 0.6594, Acc 95% CI: [0.5781, 0.7422]
Predictor: education, Mean AUC: 0.6971, AUC increase: -0.0055, 95% CI: [-0.0336, 0.0175], p-value: 0.6562, Mean Acc: 0.6569, Acc 95% CI: [0.5703, 0.7344]
Predictor: working, Mean AUC: 0.6977, AUC increase: -0.0050, 95% CI: [-0.0338, 0.0213], p-value: 0.6488, Mean Acc: 0.6595, Acc 95% CI: [0.5781, 0.7422]
Predictor: marital_status, Mean AUC: 0.6972, AUC increase: -0.0054, 95% CI: [-0.0352, 0.0201], p-value: 0.6544, Mean Acc: 0.6581, Acc 95% CI: [0.5781, 0.7344]
Predictor: race_is_latino, Mean AUC: 0.7032, AUC increase: 0.0006, 95% CI: [-0.0252, 0.0247], p-value: 0.4704, Mean Acc: 0.6574, Acc 95% CI: [0.5703, 0.7344]
Predictor: race_is_black, Mean AUC: 0.7043, AUC increase: 0.0017, 95% CI: [-0.0235, 0.0246], p-value: 0.4281, Mean Acc: 0.6581, Acc 95% CI: [0.5703, 0.7422]
Predictor: race_is_asian, Mean AUC: 0.7046, AUC increase: 0.0019, 95% CI: [-0.0256, 0.0277], p-value: 0.4258, Mean Acc: 0.6623, Acc 95% CI: [0.5781, 0.7422]
Predictor: race_is_multiracial_or_other, Mean AUC: 0.7014, AUC increase: -0.0012, 95% CI: [-0.0259, 0.0201], p-value: 0.5293, Mean Acc: 0.6611, Acc 95% CI: [0.5781, 0.7422]
Predictor: age, Mean AUC: 0.6966, AUC increase: -0.0060, 95% CI: [-0.0435, 0.0268], p-value: 0.6222, Mean Acc: 0.6506, Acc 95% CI: [0.5625, 0.7344]
Predictor: income_satisfaction, Mean AUC: 0.7016, AUC increase: -0.0010, 95% CI: [-0.0247, 0.0208], p-value: 0.5309, Mean Acc: 0.6591, Acc 95% CI: [0.5781, 0.7422]
Predictor: gad7_sum, Mean AUC: 0.7484, AUC increase: 0.0458, 95% CI: [-0.0053, 0.0987], p-value: 0.0398, Mean Acc: 0.6956, Acc 95% CI: [0.6172, 0.7734]
Predictor: alc_sum, Mean AUC: 0.7096, AUC increase: 0.0069, 95% CI: [-0.0382, 0.0475], p-value: 0.3546, Mean Acc: 0.6697, Acc 95% CI: [0.5859, 0.7500]
Predictor: study_arm_EVO, Mean AUC: 0.6986, AUC increase: -0.0040, 95% CI: [-0.0351, 0.0254], p-value: 0.6081, Mean Acc: 0.6572, Acc 95% CI: [0.5703, 0.7344]
Predictor: study_arm_HealthTips, Mean AUC: 0.7009, AUC increase: -0.0017, 95% CI: [-0.0352, 0.0273], p-value: 0.5363, Mean Acc: 0.6553, Acc 95% CI: [0.5703, 0.7344]
Predictor: study_arm_iPST, Mean AUC: 0.7018, AUC increase: -0.0008, 95% CI: [-0.0271, 0.0230], p-value: 0.5112, Mean Acc: 0.6565, Acc 95% CI: [0.5703, 0.7344]
No predictors significantly improved the model. Stopping exploration for this path.
       outcome          model  ... complexity rf_n_estimators
0  mdd_improve  random_forest  ...          2             100
1  mdd_improve  random_forest  ...          2             100

[2 rows x 13 columns]
SAVING AS: results/main/results_Brighten-v1/fwd_rf_depth_2_seed_0.csv
Total time (seconds): 13979.798571825027
