PLEASE NOTE: predictor 'mania_history' not in dataframe loaded from 'results/main/miceRanger_imputed_formatted_Brighten-v1_all.csv'.
PLEASE NOTE: predictor 'psychosis_history' not in dataframe loaded from 'results/main/miceRanger_imputed_formatted_Brighten-v1_all.csv'.

------- decision_tree predicting mdd_improve -------

Exploring models with complexity: 3

Exploring path with predictors: []
Current AUC: 0.5000
Predictor: base_phq9, Mean AUC: 0.5846, AUC increase: 0.0846, 95% CI: [-0.0057, 0.1712], p-value: 0.0329, Mean Acc: 0.5733, Acc 95% CI: [0.4922, 0.6562]
Predictor: gender, Mean AUC: 0.5051, AUC increase: 0.0051, 95% CI: [-0.0724, 0.0803], p-value: 0.4504, Mean Acc: 0.5907, Acc 95% CI: [0.5078, 0.6719]
Predictor: education, Mean AUC: 0.5028, AUC increase: 0.0028, 95% CI: [-0.0773, 0.0711], p-value: 0.4460, Mean Acc: 0.5928, Acc 95% CI: [0.5078, 0.6719]
Predictor: working, Mean AUC: 0.4980, AUC increase: -0.0020, 95% CI: [-0.0860, 0.0792], p-value: 0.5200, Mean Acc: 0.5928, Acc 95% CI: [0.5078, 0.6719]
Predictor: marital_status, Mean AUC: 0.5063, AUC increase: 0.0063, 95% CI: [-0.0759, 0.0826], p-value: 0.4322, Mean Acc: 0.5910, Acc 95% CI: [0.5078, 0.6719]
Predictor: race_is_latino, Mean AUC: 0.5009, AUC increase: 0.0009, 95% CI: [-0.0655, 0.0632], p-value: 0.4805, Mean Acc: 0.5902, Acc 95% CI: [0.5078, 0.6719]
Predictor: race_is_black, Mean AUC: 0.5156, AUC increase: 0.0156, 95% CI: [-0.0441, 0.0719], p-value: 0.2857, Mean Acc: 0.5889, Acc 95% CI: [0.5078, 0.6719]
Predictor: race_is_asian, Mean AUC: 0.5171, AUC increase: 0.0171, 95% CI: [-0.0371, 0.0625], p-value: 0.2283, Mean Acc: 0.5928, Acc 95% CI: [0.5078, 0.6719]
Predictor: race_is_multiracial_or_other, Mean AUC: 0.5002, AUC increase: 0.0002, 95% CI: [-0.0427, 0.0400], p-value: 0.4845, Mean Acc: 0.5925, Acc 95% CI: [0.5078, 0.6719]
Predictor: age, Mean AUC: 0.4969, AUC increase: -0.0031, 95% CI: [-0.0862, 0.0786], p-value: 0.5337, Mean Acc: 0.5748, Acc 95% CI: [0.4922, 0.6562]
Predictor: income_satisfaction, Mean AUC: 0.5019, AUC increase: 0.0019, 95% CI: [-0.0566, 0.0570], p-value: 0.4706, Mean Acc: 0.5910, Acc 95% CI: [0.5078, 0.6719]
Predictor: gad7_sum, Mean AUC: 0.7283, AUC increase: 0.2283, 95% CI: [0.1446, 0.3078], p-value: 0.0000, Mean Acc: 0.6970, Acc 95% CI: [0.6094, 0.7734]
Predictor: sds_sum, Mean AUC: 0.6884, AUC increase: 0.1884, 95% CI: [0.0958, 0.2730], p-value: 0.0000, Mean Acc: 0.6546, Acc 95% CI: [0.5703, 0.7344]
Predictor: alc_sum, Mean AUC: 0.5261, AUC increase: 0.0261, 95% CI: [-0.0686, 0.1230], p-value: 0.3043, Mean Acc: 0.5790, Acc 95% CI: [0.4922, 0.6641]
Predictor: study_arm_EVO, Mean AUC: 0.5300, AUC increase: 0.0300, 95% CI: [-0.0625, 0.1132], p-value: 0.2392, Mean Acc: 0.5918, Acc 95% CI: [0.5078, 0.6719]
Predictor: study_arm_HealthTips, Mean AUC: 0.5303, AUC increase: 0.0303, 95% CI: [-0.0581, 0.1104], p-value: 0.2342, Mean Acc: 0.5927, Acc 95% CI: [0.5078, 0.6719]
Predictor: study_arm_iPST, Mean AUC: 0.4933, AUC increase: -0.0067, 95% CI: [-0.0659, 0.0547], p-value: 0.5905, Mean Acc: 0.5917, Acc 95% CI: [0.5078, 0.6719]
Beam search: keeping top 5 predictors
Adding predictor gad7_sum. New AUC: 0.7283
Adding predictor sds_sum. New AUC: 0.6884

Exploring path with predictors: ['gad7_sum']
Current AUC: 0.7283
Predictor: base_phq9, Mean AUC: 0.7245, AUC increase: -0.0038, 95% CI: [-0.0556, 0.0401], p-value: 0.5483, Mean Acc: 0.6978, Acc 95% CI: [0.6172, 0.7736]
Predictor: gender, Mean AUC: 0.7266, AUC increase: -0.0017, 95% CI: [-0.0278, 0.0180], p-value: 0.6864, Mean Acc: 0.6949, Acc 95% CI: [0.6094, 0.7734]
Predictor: education, Mean AUC: 0.7269, AUC increase: -0.0014, 95% CI: [-0.0265, 0.0200], p-value: 0.6620, Mean Acc: 0.6954, Acc 95% CI: [0.6094, 0.7734]
Predictor: working, Mean AUC: 0.7259, AUC increase: -0.0024, 95% CI: [-0.0295, 0.0143], p-value: 0.7292, Mean Acc: 0.6957, Acc 95% CI: [0.6094, 0.7734]
Predictor: marital_status, Mean AUC: 0.7295, AUC increase: 0.0012, 95% CI: [-0.0282, 0.0303], p-value: 0.5426, Mean Acc: 0.6956, Acc 95% CI: [0.6094, 0.7734]
Predictor: race_is_latino, Mean AUC: 0.7297, AUC increase: 0.0014, 95% CI: [-0.0284, 0.0301], p-value: 0.5182, Mean Acc: 0.6971, Acc 95% CI: [0.6094, 0.7812]
Predictor: race_is_black, Mean AUC: 0.7309, AUC increase: 0.0026, 95% CI: [-0.0267, 0.0295], p-value: 0.4721, Mean Acc: 0.6971, Acc 95% CI: [0.6094, 0.7734]
Predictor: race_is_asian, Mean AUC: 0.7328, AUC increase: 0.0045, 95% CI: [-0.0361, 0.0396], p-value: 0.3954, Mean Acc: 0.7060, Acc 95% CI: [0.6250, 0.7812]
Predictor: race_is_multiracial_or_other, Mean AUC: 0.7263, AUC increase: -0.0020, 95% CI: [-0.0269, 0.0145], p-value: 0.7138, Mean Acc: 0.6949, Acc 95% CI: [0.6094, 0.7734]
Predictor: age, Mean AUC: 0.7259, AUC increase: -0.0024, 95% CI: [-0.0527, 0.0395], p-value: 0.5198, Mean Acc: 0.6944, Acc 95% CI: [0.6094, 0.7734]
Predictor: income_satisfaction, Mean AUC: 0.7271, AUC increase: -0.0012, 95% CI: [-0.0275, 0.0225], p-value: 0.6673, Mean Acc: 0.6957, Acc 95% CI: [0.6094, 0.7734]
Predictor: sds_sum, Mean AUC: 0.7242, AUC increase: -0.0041, 95% CI: [-0.0585, 0.0447], p-value: 0.5531, Mean Acc: 0.6893, Acc 95% CI: [0.6016, 0.7734]
Predictor: alc_sum, Mean AUC: 0.7379, AUC increase: 0.0096, 95% CI: [-0.0471, 0.0602], p-value: 0.3343, Mean Acc: 0.7004, Acc 95% CI: [0.6172, 0.7812]
Predictor: study_arm_EVO, Mean AUC: 0.7339, AUC increase: 0.0056, 95% CI: [-0.0306, 0.0415], p-value: 0.3998, Mean Acc: 0.6941, Acc 95% CI: [0.6094, 0.7734]
Predictor: study_arm_HealthTips, Mean AUC: 0.7387, AUC increase: 0.0104, 95% CI: [-0.0282, 0.0481], p-value: 0.2929, Mean Acc: 0.6945, Acc 95% CI: [0.6094, 0.7734]
Predictor: study_arm_iPST, Mean AUC: 0.7276, AUC increase: -0.0007, 95% CI: [-0.0265, 0.0210], p-value: 0.6297, Mean Acc: 0.6952, Acc 95% CI: [0.6094, 0.7734]
No predictors significantly improved the model. Stopping exploration for this path.

Exploring path with predictors: ['sds_sum']
Current AUC: 0.6884
Predictor: base_phq9, Mean AUC: 0.6872, AUC increase: -0.0012, 95% CI: [-0.0631, 0.0543], p-value: 0.4962, Mean Acc: 0.6538, Acc 95% CI: [0.5625, 0.7344]
Predictor: gender, Mean AUC: 0.6860, AUC increase: -0.0023, 95% CI: [-0.0339, 0.0202], p-value: 0.7065, Mean Acc: 0.6525, Acc 95% CI: [0.5625, 0.7344]
Predictor: education, Mean AUC: 0.6854, AUC increase: -0.0029, 95% CI: [-0.0304, 0.0137], p-value: 0.7864, Mean Acc: 0.6520, Acc 95% CI: [0.5625, 0.7344]
Predictor: working, Mean AUC: 0.6858, AUC increase: -0.0026, 95% CI: [-0.0336, 0.0209], p-value: 0.7219, Mean Acc: 0.6519, Acc 95% CI: [0.5625, 0.7344]
Predictor: marital_status, Mean AUC: 0.6855, AUC increase: -0.0029, 95% CI: [-0.0324, 0.0167], p-value: 0.7425, Mean Acc: 0.6530, Acc 95% CI: [0.5625, 0.7344]
Predictor: race_is_latino, Mean AUC: 0.6866, AUC increase: -0.0017, 95% CI: [-0.0332, 0.0236], p-value: 0.6339, Mean Acc: 0.6533, Acc 95% CI: [0.5625, 0.7344]
Predictor: race_is_black, Mean AUC: 0.6882, AUC increase: -0.0002, 95% CI: [-0.0358, 0.0316], p-value: 0.5295, Mean Acc: 0.6535, Acc 95% CI: [0.5703, 0.7344]
Predictor: race_is_asian, Mean AUC: 0.6861, AUC increase: -0.0023, 95% CI: [-0.0440, 0.0329], p-value: 0.5989, Mean Acc: 0.6567, Acc 95% CI: [0.5703, 0.7344]
Predictor: race_is_multiracial_or_other, Mean AUC: 0.6843, AUC increase: -0.0040, 95% CI: [-0.0423, 0.0259], p-value: 0.6846, Mean Acc: 0.6549, Acc 95% CI: [0.5703, 0.7344]
Predictor: age, Mean AUC: 0.6793, AUC increase: -0.0090, 95% CI: [-0.0640, 0.0390], p-value: 0.6361, Mean Acc: 0.6482, Acc 95% CI: [0.5625, 0.7344]
Predictor: income_satisfaction, Mean AUC: 0.6857, AUC increase: -0.0027, 95% CI: [-0.0337, 0.0201], p-value: 0.6978, Mean Acc: 0.6536, Acc 95% CI: [0.5625, 0.7344]
Predictor: gad7_sum, Mean AUC: 0.7242, AUC increase: 0.0358, 95% CI: [-0.0434, 0.1138], p-value: 0.1753, Mean Acc: 0.6893, Acc 95% CI: [0.6016, 0.7734]
Predictor: alc_sum, Mean AUC: 0.6890, AUC increase: 0.0006, 95% CI: [-0.0608, 0.0558], p-value: 0.4748, Mean Acc: 0.6600, Acc 95% CI: [0.5703, 0.7422]
Predictor: study_arm_EVO, Mean AUC: 0.6859, AUC increase: -0.0025, 95% CI: [-0.0350, 0.0227], p-value: 0.6944, Mean Acc: 0.6516, Acc 95% CI: [0.5625, 0.7344]
Predictor: study_arm_HealthTips, Mean AUC: 0.6871, AUC increase: -0.0012, 95% CI: [-0.0364, 0.0264], p-value: 0.6103, Mean Acc: 0.6505, Acc 95% CI: [0.5625, 0.7344]
Predictor: study_arm_iPST, Mean AUC: 0.6867, AUC increase: -0.0017, 95% CI: [-0.0345, 0.0235], p-value: 0.6049, Mean Acc: 0.6530, Acc 95% CI: [0.5625, 0.7344]
No predictors significantly improved the model. Stopping exploration for this path.
       outcome          model  ... complexity rf_n_estimators
0  mdd_improve  decision_tree  ...          3             100
1  mdd_improve  decision_tree  ...          3             100

[2 rows x 13 columns]
SAVING AS: results/main/results_Brighten-v1/fwd_dt_depth_3_seed_0.csv
Total time (seconds): 966.7575364112854
