PLEASE NOTE: predictor 'mania_history' not in dataframe loaded from 'results/main/miceRanger_imputed_formatted_Brighten-v1_all.csv'.
PLEASE NOTE: predictor 'psychosis_history' not in dataframe loaded from 'results/main/miceRanger_imputed_formatted_Brighten-v1_all.csv'.

------- logistic_regression predicting mdd_improve -------

Exploring models with complexity: 1

Exploring path with predictors: []
Current AUC: 0.5000
Predictor: base_phq9, Mean AUC: 0.6065, AUC increase: 0.1065, 95% CI: [0.0141, 0.1964], p-value: 0.0122, Mean Acc: 0.5795, Acc 95% CI: [0.5000, 0.6641], Mean coefs: {'base_phq9': -0.4121160482779624}, Coefs CI lower: {'base_phq9': -0.5451597521680688}, Coefs CI upper: {'base_phq9': -0.2846352833489335}
Predictor: gender, Mean AUC: 0.5051, AUC increase: 0.0051, 95% CI: [-0.0724, 0.0803], p-value: 0.4502, Mean Acc: 0.5904, Acc 95% CI: [0.5078, 0.6719], Mean coefs: {'gender': 0.06891410752960067}, Coefs CI lower: {'gender': -0.06311082598887097}, Coefs CI upper: {'gender': 0.2061122903150444}
Predictor: education, Mean AUC: 0.5028, AUC increase: 0.0028, 95% CI: [-0.0773, 0.0711], p-value: 0.4459, Mean Acc: 0.5928, Acc 95% CI: [0.5078, 0.6719], Mean coefs: {'education': 0.06001053155040206}, Coefs CI lower: {'education': -0.0709624788188592}, Coefs CI upper: {'education': 0.1778771264927136}
Predictor: working, Mean AUC: 0.4980, AUC increase: -0.0020, 95% CI: [-0.0860, 0.0792], p-value: 0.5196, Mean Acc: 0.5928, Acc 95% CI: [0.5078, 0.6719], Mean coefs: {'working': 0.050520156384252037}, Coefs CI lower: {'working': -0.07033517247948588}, Coefs CI upper: {'working': 0.17152689687228498}
Predictor: marital_status, Mean AUC: 0.5063, AUC increase: 0.0063, 95% CI: [-0.0760, 0.0826], p-value: 0.4320, Mean Acc: 0.5908, Acc 95% CI: [0.5078, 0.6719], Mean coefs: {'marital_status': 0.06864148838851576}, Coefs CI lower: {'marital_status': -0.07074371667339192}, Coefs CI upper: {'marital_status': 0.20265543707329978}
Predictor: race_is_latino, Mean AUC: 0.5009, AUC increase: 0.0009, 95% CI: [-0.0655, 0.0632], p-value: 0.4798, Mean Acc: 0.5899, Acc 95% CI: [0.5078, 0.6719], Mean coefs: {'race_is_latino': 0.05126457277180632}, Coefs CI lower: {'race_is_latino': -0.08634148567287761}, Coefs CI upper: {'race_is_latino': 0.17481565814620798}
Predictor: race_is_black, Mean AUC: 0.5156, AUC increase: 0.0156, 95% CI: [-0.0441, 0.0719], p-value: 0.2855, Mean Acc: 0.5888, Acc 95% CI: [0.5078, 0.6641], Mean coefs: {'race_is_black': 0.11684953204388623}, Coefs CI lower: {'race_is_black': -0.01028424974643112}, Coefs CI upper: {'race_is_black': 0.23975245307057033}
Predictor: race_is_asian, Mean AUC: 0.5171, AUC increase: 0.0171, 95% CI: [-0.0371, 0.0625], p-value: 0.2283, Mean Acc: 0.5928, Acc 95% CI: [0.5078, 0.6719], Mean coefs: {'race_is_asian': -0.13857339423207402}, Coefs CI lower: {'race_is_asian': -0.2757771995790196}, Coefs CI upper: {'race_is_asian': -0.006384115778444882}
Predictor: race_is_multiracial_or_other, Mean AUC: 0.5002, AUC increase: 0.0002, 95% CI: [-0.0427, 0.0400], p-value: 0.4835, Mean Acc: 0.5924, Acc 95% CI: [0.5078, 0.6719], Mean coefs: {'race_is_multiracial_or_other': -0.05911932305523012}, Coefs CI lower: {'race_is_multiracial_or_other': -0.19850677114494514}, Coefs CI upper: {'race_is_multiracial_or_other': 0.06573780673344494}
Predictor: age, Mean AUC: 0.4907, AUC increase: -0.0093, 95% CI: [-0.1033, 0.0875], p-value: 0.5841, Mean Acc: 0.5925, Acc 95% CI: [0.5078, 0.6719], Mean coefs: {'age': -0.017356116423121175}, Coefs CI lower: {'age': -0.15942959785482017}, Coefs CI upper: {'age': 0.11997515717227565}
Predictor: income_satisfaction, Mean AUC: 0.5019, AUC increase: 0.0019, 95% CI: [-0.0566, 0.0571], p-value: 0.4700, Mean Acc: 0.5908, Acc 95% CI: [0.5078, 0.6719], Mean coefs: {'income_satisfaction': -0.013428496934323578}, Coefs CI lower: {'income_satisfaction': -0.1970278335993949}, Coefs CI upper: {'income_satisfaction': 0.15600795864961595}
Predictor: gad7_sum, Mean AUC: 0.7386, AUC increase: 0.2386, 95% CI: [0.1538, 0.3182], p-value: 0.0000, Mean Acc: 0.6942, Acc 95% CI: [0.6094, 0.7734], Mean coefs: {'gad7_sum': -0.9567986674599295}, Coefs CI lower: {'gad7_sum': -1.1279509551692972}, Coefs CI upper: {'gad7_sum': -0.8031857552285522}
Predictor: sds_sum, Mean AUC: 0.7053, AUC increase: 0.2053, 95% CI: [0.1150, 0.2910], p-value: 0.0000, Mean Acc: 0.6613, Acc 95% CI: [0.5781, 0.7422], Mean coefs: {'sds_sum': -0.7502446047133355}, Coefs CI lower: {'sds_sum': -0.9264248351652583}, Coefs CI upper: {'sds_sum': -0.5708679068157985}
Predictor: alc_sum, Mean AUC: 0.5468, AUC increase: 0.0468, 95% CI: [-0.0494, 0.1440], p-value: 0.1698, Mean Acc: 0.5900, Acc 95% CI: [0.5078, 0.6719], Mean coefs: {'alc_sum': -0.17590069460637933}, Coefs CI lower: {'alc_sum': -0.3199599167930835}, Coefs CI upper: {'alc_sum': -0.04712355546498103}
Predictor: study_arm_EVO, Mean AUC: 0.5300, AUC increase: 0.0300, 95% CI: [-0.0625, 0.1132], p-value: 0.2392, Mean Acc: 0.5917, Acc 95% CI: [0.5078, 0.6719], Mean coefs: {'study_arm_EVO': 0.13088841011014934}, Coefs CI lower: {'study_arm_EVO': 0.002359926634890013}, Coefs CI upper: {'study_arm_EVO': 0.25655642402464973}
Predictor: study_arm_HealthTips, Mean AUC: 0.5303, AUC increase: 0.0303, 95% CI: [-0.0582, 0.1104], p-value: 0.2341, Mean Acc: 0.5927, Acc 95% CI: [0.5078, 0.6719], Mean coefs: {'study_arm_HealthTips': -0.13384216979015548}, Coefs CI lower: {'study_arm_HealthTips': -0.2558510682451033}, Coefs CI upper: {'study_arm_HealthTips': -0.013589772304860727}
Predictor: study_arm_iPST, Mean AUC: 0.4933, AUC increase: -0.0067, 95% CI: [-0.0659, 0.0547], p-value: 0.5899, Mean Acc: 0.5915, Acc 95% CI: [0.5078, 0.6719], Mean coefs: {'study_arm_iPST': 0.006429806446504176}, Coefs CI lower: {'study_arm_iPST': -0.13645685485711248}, Coefs CI upper: {'study_arm_iPST': 0.15692461793012358}
Beam search: keeping top 5 predictors
Adding predictor gad7_sum. New AUC: 0.7386
Adding predictor sds_sum. New AUC: 0.7053

Exploring path with predictors: ['gad7_sum']
Current AUC: 0.7386
Predictor: base_phq9, Mean AUC: 0.7415, AUC increase: 0.0029, 95% CI: [-0.0136, 0.0167], p-value: 0.2964, Mean Acc: 0.6965, Acc 95% CI: [0.6172, 0.7734], Mean coefs: {'base_phq9': 0.16762292292071856, 'gad7_sum': -1.0583570350400102}, Coefs CI lower: {'base_phq9': -0.004535986273178218, 'gad7_sum': -1.2733027598587465}, Coefs CI upper: {'base_phq9': 0.33142128969161094, 'gad7_sum': -0.8574850962056191}
Predictor: gender, Mean AUC: 0.7377, AUC increase: -0.0009, 95% CI: [-0.0147, 0.0092], p-value: 0.5446, Mean Acc: 0.6914, Acc 95% CI: [0.6094, 0.7656], Mean coefs: {'gad7_sum': -0.9658401616454979, 'gender': -0.05336714118041226}, Coefs CI lower: {'gad7_sum': -1.1414184576842523, 'gender': -0.19811253261087666}, Coefs CI upper: {'gad7_sum': -0.8082021293427877, 'gender': 0.09381154639964383}
Predictor: education, Mean AUC: 0.7371, AUC increase: -0.0015, 95% CI: [-0.0122, 0.0043], p-value: 0.6368, Mean Acc: 0.6920, Acc 95% CI: [0.6094, 0.7656], Mean coefs: {'education': -0.002645000404348991, 'gad7_sum': -0.9575752317458438}, Coefs CI lower: {'education': -0.1437267468573086, 'gad7_sum': -1.1304028356634637}, Coefs CI upper: {'education': 0.11905817560666374, 'gad7_sum': -0.8037074775451579}
Predictor: working, Mean AUC: 0.7372, AUC increase: -0.0014, 95% CI: [-0.0129, 0.0046], p-value: 0.6285, Mean Acc: 0.6922, Acc 95% CI: [0.6094, 0.7656], Mean coefs: {'gad7_sum': -0.9575657917994939, 'working': 0.0027628526445448364}, Coefs CI lower: {'gad7_sum': -1.130427224003239, 'working': -0.13423680830142126}, Coefs CI upper: {'gad7_sum': -0.8020555511616466, 'working': 0.13760045108335658}
Predictor: marital_status, Mean AUC: 0.7375, AUC increase: -0.0011, 95% CI: [-0.0149, 0.0082], p-value: 0.5543, Mean Acc: 0.6911, Acc 95% CI: [0.6094, 0.7656], Mean coefs: {'gad7_sum': -0.9567744712982822, 'marital_status': 0.04888077151676961}, Coefs CI lower: {'gad7_sum': -1.1282563393810932, 'marital_status': -0.10282736432445178}, Coefs CI upper: {'gad7_sum': -0.8027925510299773, 'marital_status': 0.19272722162164868}
Predictor: race_is_latino, Mean AUC: 0.7379, AUC increase: -0.0007, 95% CI: [-0.0136, 0.0084], p-value: 0.5093, Mean Acc: 0.6892, Acc 95% CI: [0.6094, 0.7656], Mean coefs: {'gad7_sum': -0.9583619450801473, 'race_is_latino': 0.05789122478339925}, Coefs CI lower: {'gad7_sum': -1.1295367490336976, 'race_is_latino': -0.09530464267363829}, Coefs CI upper: {'gad7_sum': -0.8036925910038569, 'race_is_latino': 0.20252672454118192}
Predictor: race_is_black, Mean AUC: 0.7396, AUC increase: 0.0010, 95% CI: [-0.0150, 0.0134], p-value: 0.3852, Mean Acc: 0.6906, Acc 95% CI: [0.6094, 0.7656], Mean coefs: {'gad7_sum': -0.9574402671132258, 'race_is_black': 0.12294932892231443}, Coefs CI lower: {'gad7_sum': -1.131176416234569, 'race_is_black': -0.010894596893507838}, Coefs CI upper: {'gad7_sum': -0.8026252887281641, 'race_is_black': 0.2537804925765265}
Predictor: race_is_asian, Mean AUC: 0.7422, AUC increase: 0.0036, 95% CI: [-0.0195, 0.0219], p-value: 0.2948, Mean Acc: 0.6998, Acc 95% CI: [0.6172, 0.7734], Mean coefs: {'gad7_sum': -0.9632564303477992, 'race_is_asian': -0.17160956248060502}, Coefs CI lower: {'gad7_sum': -1.1359945409494459, 'race_is_asian': -0.3275958565788458}, Coefs CI upper: {'gad7_sum': -0.8083357664274519, 'race_is_asian': -0.02207756632225116}
Predictor: race_is_multiracial_or_other, Mean AUC: 0.7370, AUC increase: -0.0015, 95% CI: [-0.0144, 0.0056], p-value: 0.6004, Mean Acc: 0.6935, Acc 95% CI: [0.6094, 0.7734], Mean coefs: {'gad7_sum': -0.9567010732999215, 'race_is_multiracial_or_other': -0.029386955170502067}, Coefs CI lower: {'gad7_sum': -1.1275842629525406, 'race_is_multiracial_or_other': -0.18148393540777852}, Coefs CI upper: {'gad7_sum': -0.8032151587972536, 'race_is_multiracial_or_other': 0.10716114715679373}
Predictor: age, Mean AUC: 0.7387, AUC increase: 0.0001, 95% CI: [-0.0155, 0.0123], p-value: 0.4527, Mean Acc: 0.6933, Acc 95% CI: [0.6094, 0.7734], Mean coefs: {'age': -0.0914505632952442, 'gad7_sum': -0.9672257847611705}, Coefs CI lower: {'age': -0.23594146603261196, 'gad7_sum': -1.1417021878145381}, Coefs CI upper: {'age': 0.05758211310555412, 'gad7_sum': -0.8136458820682123}
Predictor: income_satisfaction, Mean AUC: 0.7384, AUC increase: -0.0002, 95% CI: [-0.0134, 0.0118], p-value: 0.4943, Mean Acc: 0.6928, Acc 95% CI: [0.6094, 0.7656], Mean coefs: {'gad7_sum': -0.9600680406385622, 'income_satisfaction': -0.0369709552665149}, Coefs CI lower: {'gad7_sum': -1.132743983632316, 'income_satisfaction': -0.25291899686754277}, Coefs CI upper: {'gad7_sum': -0.8059147196492499, 'income_satisfaction': 0.15850296223014346}
Predictor: sds_sum, Mean AUC: 0.7446, AUC increase: 0.0060, 95% CI: [-0.0208, 0.0303], p-value: 0.2854, Mean Acc: 0.6888, Acc 95% CI: [0.6094, 0.7656], Mean coefs: {'gad7_sum': -0.7664835661379603, 'sds_sum': -0.30550219049570343}, Coefs CI lower: {'gad7_sum': -0.9869050935009775, 'sds_sum': -0.5195205203979361}, Coefs CI upper: {'gad7_sum': -0.571557809939354, 'sds_sum': -0.0643291153796066}
Predictor: alc_sum, Mean AUC: 0.7419, AUC increase: 0.0034, 95% CI: [-0.0198, 0.0225], p-value: 0.3111, Mean Acc: 0.6927, Acc 95% CI: [0.6094, 0.7734], Mean coefs: {'alc_sum': -0.17271317799056551, 'gad7_sum': -0.9568903511838697}, Coefs CI lower: {'alc_sum': -0.329050275211485, 'gad7_sum': -1.128814494463722}, Coefs CI upper: {'alc_sum': -0.03787219923613296, 'gad7_sum': -0.8030058047116102}
Predictor: study_arm_EVO, Mean AUC: 0.7409, AUC increase: 0.0023, 95% CI: [-0.0154, 0.0186], p-value: 0.3254, Mean Acc: 0.6925, Acc 95% CI: [0.6094, 0.7656], Mean coefs: {'gad7_sum': -0.9568483961723457, 'study_arm_EVO': 0.13111922238878337}, Coefs CI lower: {'gad7_sum': -1.1283343876667262, 'study_arm_EVO': -0.008589220376141224}, Coefs CI upper: {'gad7_sum': -0.8015943084980293, 'study_arm_EVO': 0.2751439307334007}
Predictor: study_arm_HealthTips, Mean AUC: 0.7406, AUC increase: 0.0021, 95% CI: [-0.0167, 0.0176], p-value: 0.3260, Mean Acc: 0.6925, Acc 95% CI: [0.6172, 0.7734], Mean coefs: {'gad7_sum': -0.9564610845964857, 'study_arm_HealthTips': -0.1290480718651139}, Coefs CI lower: {'gad7_sum': -1.1285704584542955, 'study_arm_HealthTips': -0.26899960361598024}, Coefs CI upper: {'gad7_sum': -0.8018525333344191, 'study_arm_HealthTips': 0.006625817119823545}
Predictor: study_arm_iPST, Mean AUC: 0.7374, AUC increase: -0.0012, 95% CI: [-0.0133, 0.0069], p-value: 0.5826, Mean Acc: 0.6930, Acc 95% CI: [0.6172, 0.7734], Mean coefs: {'gad7_sum': -0.9578056437985477, 'study_arm_iPST': -0.0019365076426739482}, Coefs CI lower: {'gad7_sum': -1.1293898229048371, 'study_arm_iPST': -0.15939258264855638}, Coefs CI upper: {'gad7_sum': -0.8038350669883092, 'study_arm_iPST': 0.16115038131211046}
No predictors significantly improved the model. Stopping exploration for this path.

Exploring path with predictors: ['sds_sum']
Current AUC: 0.7053
Predictor: base_phq9, Mean AUC: 0.7033, AUC increase: -0.0020, 95% CI: [-0.0237, 0.0118], p-value: 0.5577, Mean Acc: 0.6530, Acc 95% CI: [0.5703, 0.7344], Mean coefs: {'base_phq9': -0.0911666673102776, 'sds_sum': -0.7078935466030033}, Coefs CI lower: {'base_phq9': -0.2473766999212844, 'sds_sum': -0.9053868953875417}, Coefs CI upper: {'base_phq9': 0.05144686325073291, 'sds_sum': -0.5026950622047816}
Predictor: gender, Mean AUC: 0.7031, AUC increase: -0.0022, 95% CI: [-0.0184, 0.0062], p-value: 0.6135, Mean Acc: 0.6592, Acc 95% CI: [0.5781, 0.7422], Mean coefs: {'gender': 0.0018322135497545005, 'sds_sum': -0.7505996655533494}, Coefs CI lower: {'gender': -0.1365958044323491, 'sds_sum': -0.9290528985391218}, Coefs CI upper: {'gender': 0.14971015354403072, 'sds_sum': -0.5706462853399145}
Predictor: education, Mean AUC: 0.7035, AUC increase: -0.0019, 95% CI: [-0.0194, 0.0077], p-value: 0.5566, Mean Acc: 0.6610, Acc 95% CI: [0.5781, 0.7422], Mean coefs: {'education': 0.05367168204411808, 'sds_sum': -0.7502577321375556}, Coefs CI lower: {'education': -0.0839669946874397, 'sds_sum': -0.927193034590213}, Coefs CI upper: {'education': 0.17620938832967273, 'sds_sum': -0.5707397250145982}
Predictor: working, Mean AUC: 0.7037, AUC increase: -0.0016, 95% CI: [-0.0192, 0.0103], p-value: 0.5737, Mean Acc: 0.6604, Acc 95% CI: [0.5781, 0.7422], Mean coefs: {'sds_sum': -0.7597600676317299, 'working': -0.05741377625671015}, Coefs CI lower: {'sds_sum': -0.9413438012502787, 'working': -0.19395778868716249}, Coefs CI upper: {'sds_sum': -0.577176172218721, 'working': 0.07215159244214764}
Predictor: marital_status, Mean AUC: 0.7038, AUC increase: -0.0016, 95% CI: [-0.0229, 0.0122], p-value: 0.5300, Mean Acc: 0.6590, Acc 95% CI: [0.5781, 0.7422], Mean coefs: {'marital_status': 0.08479525287259206, 'sds_sum': -0.7524882498623889}, Coefs CI lower: {'marital_status': -0.06271806855486167, 'sds_sum': -0.9300258827253742}, Coefs CI upper: {'marital_status': 0.22521111315305406, 'sds_sum': -0.5727468450343625}
Predictor: race_is_latino, Mean AUC: 0.7033, AUC increase: -0.0021, 95% CI: [-0.0174, 0.0059], p-value: 0.6256, Mean Acc: 0.6607, Acc 95% CI: [0.5781, 0.7422], Mean coefs: {'race_is_latino': 0.0030861045003331027, 'sds_sum': -0.7505644622215629}, Coefs CI lower: {'race_is_latino': -0.13885616868850176, 'sds_sum': -0.9270277057169539}, Coefs CI upper: {'race_is_latino': 0.1386013978054342, 'sds_sum': -0.571147891801369}
Predictor: race_is_black, Mean AUC: 0.7052, AUC increase: -0.0002, 95% CI: [-0.0268, 0.0195], p-value: 0.4553, Mean Acc: 0.6618, Acc 95% CI: [0.5781, 0.7422], Mean coefs: {'race_is_black': 0.15069637835533553, 'sds_sum': -0.757997402363887}, Coefs CI lower: {'race_is_black': 0.016753032776274393, 'sds_sum': -0.9322667504564087}, Coefs CI upper: {'race_is_black': 0.27776203714862296, 'sds_sum': -0.5770628545849134}
Predictor: race_is_asian, Mean AUC: 0.7070, AUC increase: 0.0017, 95% CI: [-0.0288, 0.0227], p-value: 0.3706, Mean Acc: 0.6666, Acc 95% CI: [0.5859, 0.7422], Mean coefs: {'race_is_asian': -0.17127164203675854, 'sds_sum': -0.7581372146544593}, Coefs CI lower: {'race_is_asian': -0.3246486864364885, 'sds_sum': -0.9347135482594557}, Coefs CI upper: {'race_is_asian': -0.027572676779152976, 'sds_sum': -0.5791570810597093}
Predictor: race_is_multiracial_or_other, Mean AUC: 0.7036, AUC increase: -0.0017, 95% CI: [-0.0198, 0.0098], p-value: 0.5642, Mean Acc: 0.6633, Acc 95% CI: [0.5781, 0.7422], Mean coefs: {'race_is_multiracial_or_other': -0.06463251786776303, 'sds_sum': -0.752062154080875}, Coefs CI lower: {'race_is_multiracial_or_other': -0.21684688620767736, 'sds_sum': -0.9299571422745253}, Coefs CI upper: {'race_is_multiracial_or_other': 0.07215300452987834, 'sds_sum': -0.5722152029383565}
Predictor: age, Mean AUC: 0.7040, AUC increase: -0.0013, 95% CI: [-0.0180, 0.0112], p-value: 0.5486, Mean Acc: 0.6595, Acc 95% CI: [0.5781, 0.7422], Mean coefs: {'age': 0.0566726405170801, 'sds_sum': -0.7564631164030133}, Coefs CI lower: {'age': -0.08495183749451729, 'sds_sum': -0.9347074179502579}, Coefs CI upper: {'age': 0.20348509617106794, 'sds_sum': -0.5706015361523762}
Predictor: income_satisfaction, Mean AUC: 0.7039, AUC increase: -0.0014, 95% CI: [-0.0188, 0.0109], p-value: 0.5625, Mean Acc: 0.6613, Acc 95% CI: [0.5781, 0.7422], Mean coefs: {'income_satisfaction': 0.01683745271121353, 'sds_sum': -0.7533112378004589}, Coefs CI lower: {'income_satisfaction': -0.18513849448121775, 'sds_sum': -0.9291160558425269}, Coefs CI upper: {'income_satisfaction': 0.20930168017325734, 'sds_sum': -0.5752113383905597}
Predictor: gad7_sum, Mean AUC: 0.7446, AUC increase: 0.0392, 95% CI: [-0.0224, 0.0961], p-value: 0.0937, Mean Acc: 0.6888, Acc 95% CI: [0.6094, 0.7656], Mean coefs: {'gad7_sum': -0.7664835661379603, 'sds_sum': -0.30550219049570343}, Coefs CI lower: {'gad7_sum': -0.9869050935009775, 'sds_sum': -0.5195205203979361}, Coefs CI upper: {'gad7_sum': -0.571557809939354, 'sds_sum': -0.0643291153796066}
Predictor: alc_sum, Mean AUC: 0.7081, AUC increase: 0.0028, 95% CI: [-0.0318, 0.0288], p-value: 0.3597, Mean Acc: 0.6745, Acc 95% CI: [0.5938, 0.7500], Mean coefs: {'alc_sum': -0.20688585633248135, 'sds_sum': -0.7605231403103607}, Coefs CI lower: {'alc_sum': -0.3605859661900333, 'sds_sum': -0.9368826677997664}, Coefs CI upper: {'alc_sum': -0.0762802380246921, 'sds_sum': -0.5793222879369646}
Predictor: study_arm_EVO, Mean AUC: 0.7048, AUC increase: -0.0006, 95% CI: [-0.0260, 0.0175], p-value: 0.4586, Mean Acc: 0.6573, Acc 95% CI: [0.5781, 0.7344], Mean coefs: {'sds_sum': -0.7502275634906066, 'study_arm_EVO': 0.12216272362939447}, Coefs CI lower: {'sds_sum': -0.9267800272701626, 'study_arm_EVO': -0.017393083891681687}, Coefs CI upper: {'sds_sum': -0.5704431669200979, 'study_arm_EVO': 0.2613481114062946}
Predictor: study_arm_HealthTips, Mean AUC: 0.7026, AUC increase: -0.0027, 95% CI: [-0.0280, 0.0126], p-value: 0.5483, Mean Acc: 0.6597, Acc 95% CI: [0.5781, 0.7344], Mean coefs: {'sds_sum': -0.7476575402032286, 'study_arm_HealthTips': -0.11365682129893095}, Coefs CI lower: {'sds_sum': -0.923219619890753, 'study_arm_HealthTips': -0.24505035726462693}, Coefs CI upper: {'sds_sum': -0.5681829243602107, 'study_arm_HealthTips': 0.01640908711271645}
Predictor: study_arm_iPST, Mean AUC: 0.7038, AUC increase: -0.0015, 95% CI: [-0.0167, 0.0083], p-value: 0.5874, Mean Acc: 0.6598, Acc 95% CI: [0.5781, 0.7422], Mean coefs: {'sds_sum': -0.751302739044167, 'study_arm_iPST': -0.013250364486693561}, Coefs CI lower: {'sds_sum': -0.9256005636298394, 'study_arm_iPST': -0.16346554082794384}, Coefs CI upper: {'sds_sum': -0.5733348386926479, 'study_arm_iPST': 0.14318335364975074}
No predictors significantly improved the model. Stopping exploration for this path.

------- knn predicting mdd_improve -------

Exploring models with complexity: 1

Exploring path with predictors: []
Current AUC: 0.5000
Predictor: base_phq9, Mean AUC: 0.5401, AUC increase: 0.0401, 95% CI: [-0.0628, 0.1393], p-value: 0.2139, Mean Acc: 0.5508, Acc 95% CI: [0.4607, 0.6406]
Predictor: gender, Mean AUC: 0.5004, AUC increase: 0.0004, 95% CI: [-0.0709, 0.0708], p-value: 0.6547, Mean Acc: 0.5256, Acc 95% CI: [0.3594, 0.6562]
Predictor: education, Mean AUC: 0.4996, AUC increase: -0.0004, 95% CI: [-0.0688, 0.0673], p-value: 0.6678, Mean Acc: 0.5259, Acc 95% CI: [0.3672, 0.6562]
Predictor: working, Mean AUC: 0.5002, AUC increase: 0.0002, 95% CI: [-0.0722, 0.0760], p-value: 0.6640, Mean Acc: 0.5258, Acc 95% CI: [0.3672, 0.6562]
Predictor: marital_status, Mean AUC: 0.5004, AUC increase: 0.0004, 95% CI: [-0.0714, 0.0726], p-value: 0.6545, Mean Acc: 0.5262, Acc 95% CI: [0.3594, 0.6562]
Predictor: race_is_latino, Mean AUC: 0.4999, AUC increase: -0.0001, 95% CI: [-0.0583, 0.0570], p-value: 0.6602, Mean Acc: 0.5267, Acc 95% CI: [0.3594, 0.6562]
Predictor: race_is_black, Mean AUC: 0.5026, AUC increase: 0.0026, 95% CI: [-0.0572, 0.0613], p-value: 0.6200, Mean Acc: 0.5280, Acc 95% CI: [0.3514, 0.6641]
Predictor: race_is_asian, Mean AUC: 0.5028, AUC increase: 0.0028, 95% CI: [-0.0496, 0.0545], p-value: 0.6144, Mean Acc: 0.5268, Acc 95% CI: [0.3672, 0.6562]
Predictor: race_is_multiracial_or_other, Mean AUC: 0.4995, AUC increase: -0.0005, 95% CI: [-0.0379, 0.0370], p-value: 0.6782, Mean Acc: 0.5266, Acc 95% CI: [0.3516, 0.6641]
Predictor: age, Mean AUC: 0.4982, AUC increase: -0.0018, 95% CI: [-0.0959, 0.0907], p-value: 0.5141, Mean Acc: 0.5214, Acc 95% CI: [0.4297, 0.6094]
Predictor: income_satisfaction, Mean AUC: 0.5001, AUC increase: 0.0001, 95% CI: [-0.0521, 0.0503], p-value: 0.6552, Mean Acc: 0.5266, Acc 95% CI: [0.3516, 0.6562]
Predictor: gad7_sum, Mean AUC: 0.6513, AUC increase: 0.1513, 95% CI: [0.0360, 0.2540], p-value: 0.0048, Mean Acc: 0.6323, Acc 95% CI: [0.5312, 0.7344]
Predictor: sds_sum, Mean AUC: 0.6096, AUC increase: 0.1096, 95% CI: [0.0039, 0.2076], p-value: 0.0226, Mean Acc: 0.6004, Acc 95% CI: [0.5000, 0.6953]
Predictor: alc_sum, Mean AUC: 0.5093, AUC increase: 0.0093, 95% CI: [-0.0849, 0.1054], p-value: 0.4177, Mean Acc: 0.5306, Acc 95% CI: [0.4219, 0.6328]
Predictor: study_arm_EVO, Mean AUC: 0.5028, AUC increase: 0.0028, 95% CI: [-0.0936, 0.0975], p-value: 0.6371, Mean Acc: 0.5280, Acc 95% CI: [0.3672, 0.6562]
Predictor: study_arm_HealthTips, Mean AUC: 0.5021, AUC increase: 0.0021, 95% CI: [-0.0921, 0.0933], p-value: 0.6326, Mean Acc: 0.5275, Acc 95% CI: [0.3750, 0.6562]
Predictor: study_arm_iPST, Mean AUC: 0.4995, AUC increase: -0.0005, 95% CI: [-0.0571, 0.0562], p-value: 0.6692, Mean Acc: 0.5258, Acc 95% CI: [0.3594, 0.6562]
No predictors significantly improved the model. Stopping exploration for this path.

------- svm predicting mdd_improve -------

Exploring models with complexity: 1

Exploring path with predictors: []
Current AUC: 0.5000
Predictor: base_phq9, Mean AUC: 0.4975, AUC increase: -0.0025, 95% CI: [-0.1803, 0.1765], p-value: 0.5007, Mean Acc: 0.5899, Acc 95% CI: [0.5078, 0.6719], Mean coefs: {'base_phq9': -0.03367683926988888}, Coefs CI lower: {'base_phq9': -0.8269849152965676}, Coefs CI upper: {'base_phq9': 1.9532267154787056e-06}
Predictor: gender, Mean AUC: 0.4997, AUC increase: -0.0003, 95% CI: [-0.0758, 0.0759], p-value: 0.5265, Mean Acc: 0.5907, Acc 95% CI: [0.5078, 0.6719], Mean coefs: {'gender': 0.033579183872479566}, Coefs CI lower: {'gender': -1.4662056457837025e-08}, Coefs CI upper: {'gender': 0.8332202922176695}
Predictor: education, Mean AUC: 0.5002, AUC increase: 0.0002, 95% CI: [-0.0724, 0.0727], p-value: 0.5239, Mean Acc: 0.5928, Acc 95% CI: [0.5078, 0.6719], Mean coefs: {'education': 2.997090169643002e-09}, Coefs CI lower: {'education': -1.4470426634716205e-08}, Coefs CI upper: {'education': 1.6804595048824922e-08}
Predictor: working, Mean AUC: 0.5004, AUC increase: 0.0004, 95% CI: [-0.0801, 0.0833], p-value: 0.5236, Mean Acc: 0.5928, Acc 95% CI: [0.5078, 0.6719], Mean coefs: {'working': 9.58170501272156e-05}, Coefs CI lower: {'working': -1.4952734161965964e-08}, Coefs CI upper: {'working': 1.5661132835020908e-08}
Predictor: marital_status, Mean AUC: 0.4991, AUC increase: -0.0009, 95% CI: [-0.0796, 0.0783], p-value: 0.5357, Mean Acc: 0.5910, Acc 95% CI: [0.5078, 0.6719], Mean coefs: {'marital_status': 0.023880655203240106}, Coefs CI lower: {'marital_status': -1.67006959372884e-08}, Coefs CI upper: {'marital_status': 0.8648903809218584}
Predictor: race_is_latino, Mean AUC: 0.4995, AUC increase: -0.0005, 95% CI: [-0.0625, 0.0641], p-value: 0.5376, Mean Acc: 0.5902, Acc 95% CI: [0.5078, 0.6719], Mean coefs: {'race_is_latino': 0.03530616863373838}, Coefs CI lower: {'race_is_latino': -1.781793468325077e-08}, Coefs CI upper: {'race_is_latino': 0.723622396915653}
Predictor: race_is_black, Mean AUC: 0.5004, AUC increase: 0.0004, 95% CI: [-0.0633, 0.0638], p-value: 0.5214, Mean Acc: 0.5889, Acc 95% CI: [0.5078, 0.6719], Mean coefs: {'race_is_black': 0.23709529001803936}, Coefs CI lower: {'race_is_black': -1.7763568394002505e-14}, Coefs CI upper: {'race_is_black': 0.6443794794178395}
Predictor: race_is_asian, Mean AUC: 0.4998, AUC increase: -0.0002, 95% CI: [-0.0563, 0.0571], p-value: 0.5183, Mean Acc: 0.5928, Acc 95% CI: [0.5078, 0.6719], Mean coefs: {'race_is_asian': 0.00011345002159544992}, Coefs CI lower: {'race_is_asian': -1.6684126080690476e-08}, Coefs CI upper: {'race_is_asian': 1.5987211554602254e-14}
Predictor: race_is_multiracial_or_other, Mean AUC: 0.5005, AUC increase: 0.0005, 95% CI: [-0.0398, 0.0413], p-value: 0.5295, Mean Acc: 0.5925, Acc 95% CI: [0.5078, 0.6719], Mean coefs: {'race_is_multiracial_or_other': 0.002754561218687029}, Coefs CI lower: {'race_is_multiracial_or_other': -1.9317039083588394e-08}, Coefs CI upper: {'race_is_multiracial_or_other': 1.2950848393700198e-08}
Predictor: age, Mean AUC: 0.4995, AUC increase: -0.0005, 95% CI: [-0.0953, 0.0982], p-value: 0.5095, Mean Acc: 0.5928, Acc 95% CI: [0.5078, 0.6719], Mean coefs: {'age': 5.562792889589385e-07}, Coefs CI lower: {'age': -1.1463381677900842e-06}, Coefs CI upper: {'age': 1.596956807414784e-06}
Predictor: income_satisfaction, Mean AUC: 0.4999, AUC increase: -0.0001, 95% CI: [-0.0556, 0.0565], p-value: 0.5270, Mean Acc: 0.5910, Acc 95% CI: [0.5078, 0.6719], Mean coefs: {'income_satisfaction': -0.05739871335744051}, Coefs CI lower: {'income_satisfaction': -0.6443794794178381}, Coefs CI upper: {'income_satisfaction': 2.4834491796354996e-08}
Predictor: gad7_sum, Mean AUC: 0.7385, AUC increase: 0.2385, 95% CI: [0.1538, 0.3181], p-value: 0.0001, Mean Acc: 0.7020, Acc 95% CI: [0.6172, 0.7812], Mean coefs: {'gad7_sum': -1.014942395701892}, Coefs CI lower: {'gad7_sum': -1.1526865505824782}, Coefs CI upper: {'gad7_sum': -0.8757377614182463}
Predictor: sds_sum, Mean AUC: 0.7045, AUC increase: 0.2045, 95% CI: [0.1136, 0.2910], p-value: 0.0018, Mean Acc: 0.6597, Acc 95% CI: [0.5703, 0.7422], Mean coefs: {'sds_sum': -0.8083059892473043}, Coefs CI lower: {'sds_sum': -0.9821863573727303}, Coefs CI upper: {'sds_sum': -0.578566377887346}
Predictor: alc_sum, Mean AUC: 0.4967, AUC increase: -0.0033, 95% CI: [-0.1256, 0.1202], p-value: 0.5266, Mean Acc: 0.5928, Acc 95% CI: [0.5078, 0.6719], Mean coefs: {'alc_sum': 3.5294657286267796e-07}, Coefs CI lower: {'alc_sum': -6.001918883669077e-07}, Coefs CI upper: {'alc_sum': 1.6110130931279442e-06}
Predictor: study_arm_EVO, Mean AUC: 0.4984, AUC increase: -0.0016, 95% CI: [-0.1007, 0.1012], p-value: 0.5278, Mean Acc: 0.5918, Acc 95% CI: [0.5078, 0.6719], Mean coefs: {'study_arm_EVO': 0.012272129196325561}, Coefs CI lower: {'study_arm_EVO': -1.2434497875801753e-14}, Coefs CI upper: {'study_arm_EVO': 1.8978534299662897e-08}
Predictor: study_arm_HealthTips, Mean AUC: 0.4990, AUC increase: -0.0010, 95% CI: [-0.0992, 0.0979], p-value: 0.5205, Mean Acc: 0.5927, Acc 95% CI: [0.5078, 0.6719], Mean coefs: {'study_arm_HealthTips': -0.0004914075353729221}, Coefs CI lower: {'study_arm_HealthTips': -1.5574153522379675e-08}, Coefs CI upper: {'study_arm_HealthTips': 1.2434497875801753e-14}
Predictor: study_arm_iPST, Mean AUC: 0.4995, AUC increase: -0.0005, 95% CI: [-0.0618, 0.0602], p-value: 0.5473, Mean Acc: 0.5917, Acc 95% CI: [0.5078, 0.6719], Mean coefs: {'study_arm_iPST': 0.014341153213528912}, Coefs CI lower: {'study_arm_iPST': -2.0338072559411557e-08}, Coefs CI upper: {'study_arm_iPST': 2.033806723034104e-08}
Beam search: keeping top 5 predictors
Adding predictor gad7_sum. New AUC: 0.7385
Adding predictor sds_sum. New AUC: 0.7045

Exploring path with predictors: ['gad7_sum']
Current AUC: 0.7385
Predictor: base_phq9, Mean AUC: 0.7421, AUC increase: 0.0036, 95% CI: [-0.0163, 0.0201], p-value: 0.2998, Mean Acc: 0.7073, Acc 95% CI: [0.6250, 0.7812], Mean coefs: {'base_phq9': 0.23011164589763247, 'gad7_sum': -1.1630183939249683}, Coefs CI lower: {'base_phq9': 0.0004432248551811104, 'gad7_sum': -1.3515382673747338}, Coefs CI upper: {'base_phq9': 0.42669142604470406, 'gad7_sum': -0.9701045515403758}
Predictor: gender, Mean AUC: 0.7370, AUC increase: -0.0015, 95% CI: [-0.0203, 0.0098], p-value: 0.5651, Mean Acc: 0.6956, Acc 95% CI: [0.6094, 0.7734], Mean coefs: {'gad7_sum': -1.0208124287081233, 'gender': -0.05111677532446775}, Coefs CI lower: {'gad7_sum': -1.1542721991238332, 'gender': -0.2770285013106026}, Coefs CI upper: {'gad7_sum': -0.8751384338238741, 'gender': 0.13726613072015117}
Predictor: education, Mean AUC: 0.7373, AUC increase: -0.0012, 95% CI: [-0.0130, 0.0072], p-value: 0.5935, Mean Acc: 0.6981, Acc 95% CI: [0.6172, 0.7734], Mean coefs: {'education': -0.054287515598392476, 'gad7_sum': -1.027880047513076}, Coefs CI lower: {'education': -0.17383001473852247, 'gad7_sum': -1.155609594764068}, Coefs CI upper: {'education': 0.07743254873405966, 'gad7_sum': -0.8904736264098985}
Predictor: working, Mean AUC: 0.7370, AUC increase: -0.0015, 95% CI: [-0.0143, 0.0064], p-value: 0.5983, Mean Acc: 0.6993, Acc 95% CI: [0.6172, 0.7734], Mean coefs: {'gad7_sum': -1.0178293359518529, 'working': -0.026248084357207286}, Coefs CI lower: {'gad7_sum': -1.1530950113391203, 'working': -0.17529025815807311}, Coefs CI upper: {'gad7_sum': -0.8781215059413247, 'working': 0.1549266824453584}
Predictor: marital_status, Mean AUC: 0.7372, AUC increase: -0.0013, 95% CI: [-0.0155, 0.0074], p-value: 0.5743, Mean Acc: 0.6982, Acc 95% CI: [0.6172, 0.7734], Mean coefs: {'gad7_sum': -1.012547712214256, 'marital_status': 0.022087237932160456}, Coefs CI lower: {'gad7_sum': -1.152197258131952, 'marital_status': -0.16007310366382627}, Coefs CI upper: {'gad7_sum': -0.8729137094566611, 'marital_status': 0.16218996995792304}
Predictor: race_is_latino, Mean AUC: 0.7379, AUC increase: -0.0006, 95% CI: [-0.0123, 0.0070], p-value: 0.5001, Mean Acc: 0.6984, Acc 95% CI: [0.6172, 0.7734], Mean coefs: {'gad7_sum': -1.0166702462731305, 'race_is_latino': 0.04327772583190348}, Coefs CI lower: {'gad7_sum': -1.153584222763224, 'race_is_latino': -0.11871430136944174}, Coefs CI upper: {'gad7_sum': -0.8739462475393004, 'race_is_latino': 0.1732690990219232}
Predictor: race_is_black, Mean AUC: 0.7399, AUC increase: 0.0014, 95% CI: [-0.0118, 0.0123], p-value: 0.3528, Mean Acc: 0.7010, Acc 95% CI: [0.6172, 0.7736], Mean coefs: {'gad7_sum': -1.011722621607078, 'race_is_black': 0.10801536993671154}, Coefs CI lower: {'gad7_sum': -1.151977710445076, 'race_is_black': -1.3455903058456877e-14}, Coefs CI upper: {'gad7_sum': -0.8552699549345572, 'race_is_black': 0.22734729094610967}
Predictor: race_is_asian, Mean AUC: 0.7427, AUC increase: 0.0042, 95% CI: [-0.0275, 0.0289], p-value: 0.3315, Mean Acc: 0.7025, Acc 95% CI: [0.6250, 0.7812], Mean coefs: {'gad7_sum': -0.9959319589659282, 'race_is_asian': -0.2480257558344555}, Coefs CI lower: {'gad7_sum': -1.1414034846382082, 'race_is_asian': -0.4631765154004177}, Coefs CI upper: {'gad7_sum': -0.8732183098258005, 'race_is_asian': -0.05111953670930102}
Predictor: race_is_multiracial_or_other, Mean AUC: 0.7365, AUC increase: -0.0020, 95% CI: [-0.0180, 0.0075], p-value: 0.5980, Mean Acc: 0.6992, Acc 95% CI: [0.6172, 0.7734], Mean coefs: {'gad7_sum': -1.009770677798231, 'race_is_multiracial_or_other': -0.047225063161719524}, Coefs CI lower: {'gad7_sum': -1.1490657975674576, 'race_is_multiracial_or_other': -0.24253439762141268}, Coefs CI upper: {'gad7_sum': -0.8744873108018635, 'race_is_multiracial_or_other': 0.09174745219640994}
Predictor: age, Mean AUC: 0.7386, AUC increase: 0.0001, 95% CI: [-0.0143, 0.0118], p-value: 0.4660, Mean Acc: 0.6986, Acc 95% CI: [0.6172, 0.7734], Mean coefs: {'age': -0.08150167397700225, 'gad7_sum': -1.0288378282436559}, Coefs CI lower: {'age': -0.2267060708458546, 'gad7_sum': -1.1536884291552985}, Coefs CI upper: {'age': 0.060653175898420814, 'gad7_sum': -0.9030004830284215}
Predictor: income_satisfaction, Mean AUC: 0.7384, AUC increase: -0.0001, 95% CI: [-0.0119, 0.0112], p-value: 0.4880, Mean Acc: 0.7004, Acc 95% CI: [0.6172, 0.7734], Mean coefs: {'gad7_sum': -1.013489974668155, 'income_satisfaction': -0.04098319310903245}, Coefs CI lower: {'gad7_sum': -1.153266870059208, 'income_satisfaction': -0.23173942274705417}, Coefs CI upper: {'gad7_sum': -0.8690660820471022, 'income_satisfaction': 0.1623985494211669}
Predictor: sds_sum, Mean AUC: 0.7443, AUC increase: 0.0058, 95% CI: [-0.0260, 0.0342], p-value: 0.3166, Mean Acc: 0.6877, Acc 95% CI: [0.6094, 0.7656], Mean coefs: {'gad7_sum': -0.7348156904439546, 'sds_sum': -0.36111022997164893}, Coefs CI lower: {'gad7_sum': -1.0070224810203443, 'sds_sum': -0.5808801462315075}, Coefs CI upper: {'gad7_sum': -0.4836237723025364, 'sds_sum': -0.025722254128550323}
Predictor: alc_sum, Mean AUC: 0.7413, AUC increase: 0.0028, 95% CI: [-0.0259, 0.0264], p-value: 0.3594, Mean Acc: 0.6943, Acc 95% CI: [0.6172, 0.7734], Mean coefs: {'alc_sum': -0.21777927977267522, 'gad7_sum': -0.9932568456817383}, Coefs CI lower: {'alc_sum': -0.3835504435753735, 'gad7_sum': -1.1293490114598197}, Coefs CI upper: {'alc_sum': 1.678820829957548e-07, 'gad7_sum': -0.8431941368772049}
Predictor: study_arm_EVO, Mean AUC: 0.7404, AUC increase: 0.0019, 95% CI: [-0.0191, 0.0200], p-value: 0.3592, Mean Acc: 0.6953, Acc 95% CI: [0.6172, 0.7734], Mean coefs: {'gad7_sum': -1.0082850091615585, 'study_arm_EVO': 0.14676513774700758}, Coefs CI lower: {'gad7_sum': -1.1510487403163958, 'study_arm_EVO': -4.2799738235732567e-07}, Coefs CI upper: {'gad7_sum': -0.8543002475495717, 'study_arm_EVO': 0.33073472411579685}
Predictor: study_arm_HealthTips, Mean AUC: 0.7397, AUC increase: 0.0012, 95% CI: [-0.0233, 0.0187], p-value: 0.3709, Mean Acc: 0.6925, Acc 95% CI: [0.6094, 0.7734], Mean coefs: {'gad7_sum': -1.0049999057706915, 'study_arm_HealthTips': -0.145436898839381}, Coefs CI lower: {'gad7_sum': -1.1503781941202198, 'study_arm_HealthTips': -0.3286750653039691}, Coefs CI upper: {'gad7_sum': -0.8587755389065539, 'study_arm_HealthTips': 4.846905135802429e-07}
Predictor: study_arm_iPST, Mean AUC: 0.7372, AUC increase: -0.0013, 95% CI: [-0.0159, 0.0071], p-value: 0.5733, Mean Acc: 0.6995, Acc 95% CI: [0.6172, 0.7734], Mean coefs: {'gad7_sum': -1.0140161883088599, 'study_arm_iPST': -0.020680947067273674}, Coefs CI lower: {'gad7_sum': -1.152653321395968, 'study_arm_iPST': -0.2062771752145669}, Coefs CI upper: {'gad7_sum': -0.8786808235320407, 'study_arm_iPST': 0.13282721836126687}
No predictors significantly improved the model. Stopping exploration for this path.

Exploring path with predictors: ['sds_sum']
Current AUC: 0.7045
Predictor: base_phq9, Mean AUC: 0.7035, AUC increase: -0.0010, 95% CI: [-0.0143, 0.0065], p-value: 0.6061, Mean Acc: 0.6589, Acc 95% CI: [0.5703, 0.7422], Mean coefs: {'base_phq9': 0.0009019538835527936, 'sds_sum': -0.8104912021463937}, Coefs CI lower: {'base_phq9': -0.13774309172030208, 'sds_sum': -0.9947779053975742}, Coefs CI upper: {'base_phq9': 0.12735287015404975, 'sds_sum': -0.5678337386915642}
Predictor: gender, Mean AUC: 0.7019, AUC increase: -0.0026, 95% CI: [-0.0222, 0.0072], p-value: 0.6233, Mean Acc: 0.6578, Acc 95% CI: [0.5703, 0.7422], Mean coefs: {'gender': -0.01657905561551533, 'sds_sum': -0.8114652274103584}, Coefs CI lower: {'gender': -0.17993436456808543, 'sds_sum': -0.9759330213522716}, Coefs CI upper: {'gender': 0.15819526840957773, 'sds_sum': -0.5802744064402289}
Predictor: education, Mean AUC: 0.7027, AUC increase: -0.0018, 95% CI: [-0.0199, 0.0086], p-value: 0.5501, Mean Acc: 0.6590, Acc 95% CI: [0.5703, 0.7422], Mean coefs: {'education': 0.055391661219228935, 'sds_sum': -0.8098553130460859}, Coefs CI lower: {'education': -0.106790481321373, 'sds_sum': -0.9754017885799786}, Coefs CI upper: {'education': 0.18220149998715982, 'sds_sum': -0.5796999698651484}
Predictor: working, Mean AUC: 0.7024, AUC increase: -0.0021, 95% CI: [-0.0176, 0.0066], p-value: 0.6034, Mean Acc: 0.6588, Acc 95% CI: [0.5703, 0.7422], Mean coefs: {'sds_sum': -0.8139036483325026, 'working': -0.025394320414250143}, Coefs CI lower: {'sds_sum': -0.9770738126681757, 'working': -0.161391540142792}, Coefs CI upper: {'sds_sum': -0.5883826370946341, 'working': 0.12736743858915406}
Predictor: marital_status, Mean AUC: 0.7030, AUC increase: -0.0014, 95% CI: [-0.0215, 0.0122], p-value: 0.5397, Mean Acc: 0.6585, Acc 95% CI: [0.5703, 0.7422], Mean coefs: {'marital_status': 0.07782478612268778, 'sds_sum': -0.8073227641884492}, Coefs CI lower: {'marital_status': -0.08209030632441512, 'sds_sum': -0.9676744846552702}, Coefs CI upper: {'marital_status': 0.2297429008232439, 'sds_sum': -0.588088975660885}
Predictor: race_is_latino, Mean AUC: 0.7025, AUC increase: -0.0020, 95% CI: [-0.0172, 0.0060], p-value: 0.6250, Mean Acc: 0.6588, Acc 95% CI: [0.5703, 0.7422], Mean coefs: {'race_is_latino': 0.01398249737311289, 'sds_sum': -0.8057968655073268}, Coefs CI lower: {'race_is_latino': -0.11245922057908692, 'sds_sum': -0.973243211562616}, Coefs CI upper: {'race_is_latino': 0.14891048788535916, 'sds_sum': -0.5865774164802959}
Predictor: race_is_black, Mean AUC: 0.7045, AUC increase: 0.0000, 95% CI: [-0.0277, 0.0177], p-value: 0.4296, Mean Acc: 0.6605, Acc 95% CI: [0.5703, 0.7422], Mean coefs: {'race_is_black': 0.1405604772915385, 'sds_sum': -0.8066607280193676}, Coefs CI lower: {'race_is_black': 7.097100684916321e-15, 'sds_sum': -0.9783248192244508}, Coefs CI upper: {'race_is_black': 0.29873351606169285, 'sds_sum': -0.5953693389109542}
Predictor: race_is_asian, Mean AUC: 0.7073, AUC increase: 0.0028, 95% CI: [-0.0237, 0.0222], p-value: 0.3555, Mean Acc: 0.6659, Acc 95% CI: [0.5781, 0.7422], Mean coefs: {'race_is_asian': -0.16570635118978827, 'sds_sum': -0.8221885254437923}, Coefs CI lower: {'race_is_asian': -0.30335105544342106, 'sds_sum': -0.9732759094138435}, Coefs CI upper: {'race_is_asian': -0.035003795401372474, 'sds_sum': -0.5972223648698676}
Predictor: race_is_multiracial_or_other, Mean AUC: 0.7029, AUC increase: -0.0016, 95% CI: [-0.0230, 0.0121], p-value: 0.5574, Mean Acc: 0.6631, Acc 95% CI: [0.5703, 0.7422], Mean coefs: {'race_is_multiracial_or_other': -0.08086091363937613, 'sds_sum': -0.81385204687187}, Coefs CI lower: {'race_is_multiracial_or_other': -0.2688546455073815, 'sds_sum': -0.9823496528883802}, Coefs CI upper: {'race_is_multiracial_or_other': 0.09223332536327457, 'sds_sum': -0.5838934833050907}
Predictor: age, Mean AUC: 0.7037, AUC increase: -0.0007, 95% CI: [-0.0198, 0.0124], p-value: 0.5363, Mean Acc: 0.6589, Acc 95% CI: [0.5703, 0.7422], Mean coefs: {'age': 0.07276153410106448, 'sds_sum': -0.8153671971381643}, Coefs CI lower: {'age': -0.06234566631993672, 'sds_sum': -0.9775476204469473}, Coefs CI upper: {'age': 0.24787482163681107, 'sds_sum': -0.5894970637545603}
Predictor: income_satisfaction, Mean AUC: 0.7033, AUC increase: -0.0012, 95% CI: [-0.0172, 0.0102], p-value: 0.5496, Mean Acc: 0.6598, Acc 95% CI: [0.5703, 0.7422], Mean coefs: {'income_satisfaction': -0.025460692746092542, 'sds_sum': -0.8075175884658342}, Coefs CI lower: {'income_satisfaction': -0.2131018917984947, 'sds_sum': -0.9778713506751365}, Coefs CI upper: {'income_satisfaction': 0.1841338217880931, 'sds_sum': -0.5761207403568125}
Predictor: gad7_sum, Mean AUC: 0.7443, AUC increase: 0.0398, 95% CI: [-0.0204, 0.0937], p-value: 0.0806, Mean Acc: 0.6877, Acc 95% CI: [0.6094, 0.7656], Mean coefs: {'gad7_sum': -0.7348156904439546, 'sds_sum': -0.36111022997164893}, Coefs CI lower: {'gad7_sum': -1.0070224810203443, 'sds_sum': -0.5808801462315075}, Coefs CI upper: {'gad7_sum': -0.4836237723025364, 'sds_sum': -0.025722254128550323}
Predictor: alc_sum, Mean AUC: 0.7080, AUC increase: 0.0035, 95% CI: [-0.0322, 0.0309], p-value: 0.3791, Mean Acc: 0.6733, Acc 95% CI: [0.5859, 0.7500], Mean coefs: {'alc_sum': -0.23843532082087027, 'sds_sum': -0.8067682339124492}, Coefs CI lower: {'alc_sum': -0.39969862254885163, 'sds_sum': -0.9495377857675618}, Coefs CI upper: {'alc_sum': -0.076073808806968, 'sds_sum': -0.611445138111237}
Predictor: study_arm_EVO, Mean AUC: 0.7039, AUC increase: -0.0006, 95% CI: [-0.0187, 0.0131], p-value: 0.4875, Mean Acc: 0.6580, Acc 95% CI: [0.5703, 0.7422], Mean coefs: {'sds_sum': -0.8064871001262958, 'study_arm_EVO': 0.06892899128086218}, Coefs CI lower: {'sds_sum': -0.9691649058601327, 'study_arm_EVO': -0.07572476331313328}, Coefs CI upper: {'sds_sum': -0.5849455258202576, 'study_arm_EVO': 0.21334925879631034}
Predictor: study_arm_HealthTips, Mean AUC: 0.7028, AUC increase: -0.0016, 95% CI: [-0.0209, 0.0101], p-value: 0.5465, Mean Acc: 0.6589, Acc 95% CI: [0.5703, 0.7422], Mean coefs: {'sds_sum': -0.803524626385985, 'study_arm_HealthTips': -0.0690260360258723}, Coefs CI lower: {'sds_sum': -0.9658415478881429, 'study_arm_HealthTips': -0.21017479679860268}, Coefs CI upper: {'sds_sum': -0.5778976171887475, 'study_arm_HealthTips': 0.07009818592894178}
Predictor: study_arm_iPST, Mean AUC: 0.7030, AUC increase: -0.0015, 95% CI: [-0.0169, 0.0077], p-value: 0.5867, Mean Acc: 0.6587, Acc 95% CI: [0.5703, 0.7422], Mean coefs: {'sds_sum': -0.8078455297785319, 'study_arm_iPST': 0.001592224691019851}, Coefs CI lower: {'sds_sum': -0.9756265372999651, 'study_arm_iPST': -0.14772232107156233}, Coefs CI upper: {'sds_sum': -0.5794825923196297, 'study_arm_iPST': 0.15389720132842577}
No predictors significantly improved the model. Stopping exploration for this path.
       outcome                model  ... complexity rf_n_estimators
0  mdd_improve  logistic_regression  ...          1             100
1  mdd_improve  logistic_regression  ...          1             100
2  mdd_improve                  svm  ...          1             100
3  mdd_improve                  svm  ...          1             100

[4 rows x 13 columns]
SAVING AS: results/main/results_Brighten-v1/fwd_fast_depth_1_seed_0.csv
Total time (seconds): 6775.681478261948
