PLEASE NOTE: predictor 'mania_history' not in dataframe loaded from 'results/sens_12wk/miceRanger_imputed_formatted_Brighten-v1_all.csv'.
PLEASE NOTE: predictor 'psychosis_history' not in dataframe loaded from 'results/sens_12wk/miceRanger_imputed_formatted_Brighten-v1_all.csv'.

------- logistic_regression predicting mdd_improve -------

Exploring models with complexity: 1

Exploring path with predictors: []
Current AUC: 0.5000
Predictor: base_phq9, Mean AUC: 0.5322, AUC increase: 0.0322, 95% CI: [-0.0719, 0.1300], p-value: 0.2557, Mean Acc: 0.5153, Acc 95% CI: [0.4297, 0.6016], Mean coefs: {'base_phq9': -0.1328463953106792}, Coefs CI lower: {'base_phq9': -0.27725343632679306}, Coefs CI upper: {'base_phq9': -6.60653866708617e-05}
Predictor: gender, Mean AUC: 0.4943, AUC increase: -0.0057, 95% CI: [-0.0740, 0.0636], p-value: 0.5687, Mean Acc: 0.4900, Acc 95% CI: [0.4062, 0.5703], Mean coefs: {'gender': -0.02363805244137917}, Coefs CI lower: {'gender': -0.17279231726636718}, Coefs CI upper: {'gender': 0.10954011864183912}
Predictor: education, Mean AUC: 0.4946, AUC increase: -0.0054, 95% CI: [-0.0746, 0.0663], p-value: 0.5695, Mean Acc: 0.4897, Acc 95% CI: [0.4062, 0.5703], Mean coefs: {'education': 0.03468314571119421}, Coefs CI lower: {'education': -0.08995351599022564}, Coefs CI upper: {'education': 0.16283069335795528}
Predictor: working, Mean AUC: 0.4991, AUC increase: -0.0009, 95% CI: [-0.0848, 0.0811], p-value: 0.5134, Mean Acc: 0.4948, Acc 95% CI: [0.4062, 0.5781], Mean coefs: {'working': 0.05146349087467798}, Coefs CI lower: {'working': -0.07390555268520521}, Coefs CI upper: {'working': 0.18250520062000783}
Predictor: marital_status, Mean AUC: 0.4939, AUC increase: -0.0061, 95% CI: [-0.0775, 0.0672], p-value: 0.5788, Mean Acc: 0.4885, Acc 95% CI: [0.4062, 0.5703], Mean coefs: {'marital_status': 0.013935106355614449}, Coefs CI lower: {'marital_status': -0.11832499293066591}, Coefs CI upper: {'marital_status': 0.14879229176176959}
Predictor: race_is_latino, Mean AUC: 0.5005, AUC increase: 0.0005, 95% CI: [-0.0625, 0.0630], p-value: 0.4955, Mean Acc: 0.4940, Acc 95% CI: [0.4062, 0.5781], Mean coefs: {'race_is_latino': 0.05666840238157808}, Coefs CI lower: {'race_is_latino': -0.0686499194360019}, Coefs CI upper: {'race_is_latino': 0.19093257990049728}
Predictor: race_is_black, Mean AUC: 0.4984, AUC increase: -0.0016, 95% CI: [-0.0537, 0.0511], p-value: 0.5337, Mean Acc: 0.4912, Acc 95% CI: [0.4062, 0.5703], Mean coefs: {'race_is_black': -0.0394546551244596}, Coefs CI lower: {'race_is_black': -0.17940416741645038}, Coefs CI upper: {'race_is_black': 0.09784286434497844}
Predictor: race_is_asian, Mean AUC: 0.5212, AUC increase: 0.0212, 95% CI: [-0.0279, 0.0685], p-value: 0.1893, Mean Acc: 0.5086, Acc 95% CI: [0.4219, 0.5938], Mean coefs: {'race_is_asian': -0.15866191458065843}, Coefs CI lower: {'race_is_asian': -0.2894400310588877}, Coefs CI upper: {'race_is_asian': -0.023923560032510397}
Predictor: race_is_multiracial_or_other, Mean AUC: 0.4948, AUC increase: -0.0052, 95% CI: [-0.0426, 0.0350], p-value: 0.6178, Mean Acc: 0.4889, Acc 95% CI: [0.4062, 0.5703], Mean coefs: {'race_is_multiracial_or_other': -0.024093550184413552}, Coefs CI lower: {'race_is_multiracial_or_other': -0.15779333405343307}, Coefs CI upper: {'race_is_multiracial_or_other': 0.10610177604955731}
Predictor: age, Mean AUC: 0.4888, AUC increase: -0.0112, 95% CI: [-0.1066, 0.0877], p-value: 0.5986, Mean Acc: 0.4883, Acc 95% CI: [0.4062, 0.5781], Mean coefs: {'age': -0.017567175128247833}, Coefs CI lower: {'age': -0.15919060551953623}, Coefs CI upper: {'age': 0.12113655902176007}
Predictor: income_satisfaction, Mean AUC: 0.5075, AUC increase: 0.0075, 95% CI: [-0.0531, 0.0630], p-value: 0.3866, Mean Acc: 0.4999, Acc 95% CI: [0.4141, 0.5859], Mean coefs: {'income_satisfaction': -0.07432162047488544}, Coefs CI lower: {'income_satisfaction': -0.24021515652633818}, Coefs CI upper: {'income_satisfaction': 0.09235144313199459}
Predictor: gad7_sum, Mean AUC: 0.6791, AUC increase: 0.1791, 95% CI: [0.0893, 0.2682], p-value: 0.0001, Mean Acc: 0.6367, Acc 95% CI: [0.5547, 0.7188], Mean coefs: {'gad7_sum': -0.6534520632560689}, Coefs CI lower: {'gad7_sum': -0.8472216330144761}, Coefs CI upper: {'gad7_sum': -0.49969485834757676}
Predictor: sds_sum, Mean AUC: 0.6554, AUC increase: 0.1554, 95% CI: [0.0636, 0.2468], p-value: 0.0005, Mean Acc: 0.6087, Acc 95% CI: [0.5234, 0.6953], Mean coefs: {'sds_sum': -0.5751722192641003}, Coefs CI lower: {'sds_sum': -0.7617592927982308}, Coefs CI upper: {'sds_sum': -0.40826289130765525}
Predictor: alc_sum, Mean AUC: 0.5041, AUC increase: 0.0041, 95% CI: [-0.0975, 0.1105], p-value: 0.4730, Mean Acc: 0.4976, Acc 95% CI: [0.4062, 0.5859], Mean coefs: {'alc_sum': -0.036489646478554905}, Coefs CI lower: {'alc_sum': -0.19996903175640493}, Coefs CI upper: {'alc_sum': 0.12126806477649055}
Predictor: study_arm_EVO, Mean AUC: 0.5117, AUC increase: 0.0117, 95% CI: [-0.0781, 0.0960], p-value: 0.3913, Mean Acc: 0.5038, Acc 95% CI: [0.4141, 0.5859], Mean coefs: {'study_arm_EVO': 0.08359483718011061}, Coefs CI lower: {'study_arm_EVO': -0.04935920487889183}, Coefs CI upper: {'study_arm_EVO': 0.21957711767942564}
Predictor: study_arm_HealthTips, Mean AUC: 0.4932, AUC increase: -0.0068, 95% CI: [-0.0882, 0.0703], p-value: 0.5668, Mean Acc: 0.4880, Acc 95% CI: [0.4062, 0.5703], Mean coefs: {'study_arm_HealthTips': -0.030281675737932272}, Coefs CI lower: {'study_arm_HealthTips': -0.1618564931427428}, Coefs CI upper: {'study_arm_HealthTips': 0.09952760841409113}
Predictor: study_arm_iPST, Mean AUC: 0.5064, AUC increase: 0.0064, 95% CI: [-0.0607, 0.0676], p-value: 0.4071, Mean Acc: 0.4978, Acc 95% CI: [0.4141, 0.5781], Mean coefs: {'study_arm_iPST': -0.07514652341199525}, Coefs CI lower: {'study_arm_iPST': -0.19969473809874433}, Coefs CI upper: {'study_arm_iPST': 0.04698419308779507}
Beam search: keeping top 5 predictors
Adding predictor gad7_sum. New AUC: 0.6791
Adding predictor sds_sum. New AUC: 0.6554

Exploring path with predictors: ['gad7_sum']
Current AUC: 0.6791
Predictor: base_phq9, Mean AUC: 0.6980, AUC increase: 0.0189, 95% CI: [-0.0213, 0.0569], p-value: 0.1425, Mean Acc: 0.6582, Acc 95% CI: [0.5781, 0.7344], Mean coefs: {'base_phq9': 0.34739933710190773, 'gad7_sum': -0.8600211884527292}, Coefs CI lower: {'base_phq9': 0.1758742349868171, 'gad7_sum': -1.1019829147631564}, Coefs CI upper: {'base_phq9': 0.5489843526454677, 'gad7_sum': -0.6786971558503622}
Predictor: gender, Mean AUC: 0.6787, AUC increase: -0.0004, 95% CI: [-0.0258, 0.0188], p-value: 0.4586, Mean Acc: 0.6334, Acc 95% CI: [0.5469, 0.7188], Mean coefs: {'gad7_sum': -0.6689216488519878, 'gender': -0.10731607846084673}, Coefs CI lower: {'gad7_sum': -0.8665258891481871, 'gender': -0.2692586038215384}, Coefs CI upper: {'gad7_sum': -0.5101410335519071, 'gender': 0.033138373403823376}
Predictor: education, Mean AUC: 0.6771, AUC increase: -0.0020, 95% CI: [-0.0184, 0.0073], p-value: 0.6089, Mean Acc: 0.6364, Acc 95% CI: [0.5547, 0.7188], Mean coefs: {'education': -0.012618530241812672, 'gad7_sum': -0.6551357596000845}, Coefs CI lower: {'education': -0.1436003231999693, 'gad7_sum': -0.8486817020032245}, Coefs CI upper: {'education': 0.12734459522878616, 'gad7_sum': -0.499271663431786}
Predictor: working, Mean AUC: 0.6768, AUC increase: -0.0023, 95% CI: [-0.0208, 0.0075], p-value: 0.6062, Mean Acc: 0.6338, Acc 95% CI: [0.5547, 0.7188], Mean coefs: {'gad7_sum': -0.6532186197480332, 'working': 0.019734773502496132}, Coefs CI lower: {'gad7_sum': -0.848112926980457, 'working': -0.11705542777862472}, Coefs CI upper: {'gad7_sum': -0.49969635154575925, 'working': 0.1575670771768986}
Predictor: marital_status, Mean AUC: 0.6769, AUC increase: -0.0021, 95% CI: [-0.0197, 0.0077], p-value: 0.6036, Mean Acc: 0.6353, Acc 95% CI: [0.5547, 0.7188], Mean coefs: {'gad7_sum': -0.6544342045799736, 'marital_status': -0.005820340045655922}, Coefs CI lower: {'gad7_sum': -0.8482747301512118, 'marital_status': -0.14812411379234042}, Coefs CI upper: {'gad7_sum': -0.49987444358854033, 'marital_status': 0.13714222280106028}
Predictor: race_is_latino, Mean AUC: 0.6780, AUC increase: -0.0011, 95% CI: [-0.0198, 0.0123], p-value: 0.5207, Mean Acc: 0.6374, Acc 95% CI: [0.5547, 0.7188], Mean coefs: {'gad7_sum': -0.6551170038105737, 'race_is_latino': 0.06487673144253443}, Coefs CI lower: {'gad7_sum': -0.8487030196149278, 'race_is_latino': -0.07054834225092943}, Coefs CI upper: {'gad7_sum': -0.5002983304640571, 'race_is_latino': 0.20896613449907012}
Predictor: race_is_black, Mean AUC: 0.6772, AUC increase: -0.0019, 95% CI: [-0.0212, 0.0102], p-value: 0.5812, Mean Acc: 0.6352, Acc 95% CI: [0.5547, 0.7188], Mean coefs: {'gad7_sum': -0.6553625103790996, 'race_is_black': -0.05303221595217133}, Coefs CI lower: {'gad7_sum': -0.8495971860934758, 'race_is_black': -0.20008645164860886}, Coefs CI upper: {'gad7_sum': -0.5017261867003389, 'race_is_black': 0.0884851321333946}
Predictor: race_is_asian, Mean AUC: 0.6828, AUC increase: 0.0037, 95% CI: [-0.0258, 0.0282], p-value: 0.3347, Mean Acc: 0.6362, Acc 95% CI: [0.5547, 0.7188], Mean coefs: {'gad7_sum': -0.6607678132897156, 'race_is_asian': -0.1830081479790681}, Coefs CI lower: {'gad7_sum': -0.8534907187017643, 'race_is_asian': -0.3176976303689174}, Coefs CI upper: {'gad7_sum': -0.5038966220263313, 'race_is_asian': -0.043929979266387115}
Predictor: race_is_multiracial_or_other, Mean AUC: 0.6762, AUC increase: -0.0028, 95% CI: [-0.0208, 0.0067], p-value: 0.6660, Mean Acc: 0.6362, Acc 95% CI: [0.5547, 0.7188], Mean coefs: {'gad7_sum': -0.6546804717997843, 'race_is_multiracial_or_other': 0.007241804164859575}, Coefs CI lower: {'gad7_sum': -0.8507837730814992, 'race_is_multiracial_or_other': -0.13867366676238504}, Coefs CI upper: {'gad7_sum': -0.5010107642552839, 'race_is_multiracial_or_other': 0.14816505529067103}
Predictor: age, Mean AUC: 0.6780, AUC increase: -0.0011, 95% CI: [-0.0220, 0.0151], p-value: 0.5331, Mean Acc: 0.6361, Acc 95% CI: [0.5547, 0.7188], Mean coefs: {'age': -0.07199526729281758, 'gad7_sum': -0.6609776997562048}, Coefs CI lower: {'age': -0.22242854046747762, 'gad7_sum': -0.8541029308906258}, Coefs CI upper: {'age': 0.07169839172277445, 'gad7_sum': -0.5060048385532041}
Predictor: income_satisfaction, Mean AUC: 0.6788, AUC increase: -0.0003, 95% CI: [-0.0223, 0.0182], p-value: 0.4740, Mean Acc: 0.6389, Acc 95% CI: [0.5547, 0.7188], Mean coefs: {'gad7_sum': -0.6572284449655654, 'income_satisfaction': -0.09277044114839207}, Coefs CI lower: {'gad7_sum': -0.8493068791581825, 'income_satisfaction': -0.2611412672109066}, Coefs CI upper: {'gad7_sum': -0.502810161316183, 'income_satisfaction': 0.09020429438140071}
Predictor: sds_sum, Mean AUC: 0.6830, AUC increase: 0.0039, 95% CI: [-0.0322, 0.0368], p-value: 0.3706, Mean Acc: 0.6344, Acc 95% CI: [0.5547, 0.7188], Mean coefs: {'gad7_sum': -0.4834952782143971, 'sds_sum': -0.28319323747708064}, Coefs CI lower: {'gad7_sum': -0.7092749645744724, 'sds_sum': -0.5173732450050218}, Coefs CI upper: {'gad7_sum': -0.28091485080033124, 'sds_sum': -0.07160773055657187}
Predictor: alc_sum, Mean AUC: 0.6772, AUC increase: -0.0019, 95% CI: [-0.0201, 0.0094], p-value: 0.5879, Mean Acc: 0.6364, Acc 95% CI: [0.5547, 0.7188], Mean coefs: {'alc_sum': -0.008343246832320428, 'gad7_sum': -0.6534878749042686}, Coefs CI lower: {'alc_sum': -0.17832548921195232, 'gad7_sum': -0.8485035431603113}, Coefs CI upper: {'alc_sum': 0.1437523521633177, 'gad7_sum': -0.49953851916690123}
Predictor: study_arm_EVO, Mean AUC: 0.6788, AUC increase: -0.0003, 95% CI: [-0.0219, 0.0165], p-value: 0.4680, Mean Acc: 0.6382, Acc 95% CI: [0.5547, 0.7188], Mean coefs: {'gad7_sum': -0.6536444627022863, 'study_arm_EVO': 0.07970405785630152}, Coefs CI lower: {'gad7_sum': -0.8473327877591433, 'study_arm_EVO': -0.06549982433642632}, Coefs CI upper: {'gad7_sum': -0.5000570012262185, 'study_arm_EVO': 0.22460236431018166}
Predictor: study_arm_HealthTips, Mean AUC: 0.6770, AUC increase: -0.0021, 95% CI: [-0.0193, 0.0071], p-value: 0.5970, Mean Acc: 0.6358, Acc 95% CI: [0.5547, 0.7188], Mean coefs: {'gad7_sum': -0.6537824418023629, 'study_arm_HealthTips': -0.022487129142047563}, Coefs CI lower: {'gad7_sum': -0.8481941363111383, 'study_arm_HealthTips': -0.16135900493551794}, Coefs CI upper: {'gad7_sum': -0.4999492229739498, 'study_arm_HealthTips': 0.11638108165240664}
Predictor: study_arm_iPST, Mean AUC: 0.6784, AUC increase: -0.0006, 95% CI: [-0.0214, 0.0142], p-value: 0.4821, Mean Acc: 0.6377, Acc 95% CI: [0.5547, 0.7188], Mean coefs: {'gad7_sum': -0.6549225166491622, 'study_arm_iPST': -0.08182920914599184}, Coefs CI lower: {'gad7_sum': -0.8488412753614988, 'study_arm_iPST': -0.21701742039313496}, Coefs CI upper: {'gad7_sum': -0.501342627259948, 'study_arm_iPST': 0.04680866251712511}
No predictors significantly improved the model. Stopping exploration for this path.

Exploring path with predictors: ['sds_sum']
Current AUC: 0.6554
Predictor: base_phq9, Mean AUC: 0.6613, AUC increase: 0.0059, 95% CI: [-0.0231, 0.0325], p-value: 0.2893, Mean Acc: 0.6198, Acc 95% CI: [0.5391, 0.7031], Mean coefs: {'base_phq9': 0.14701330466740772, 'sds_sum': -0.6441951539052576}, Coefs CI lower: {'base_phq9': -0.024620764884091723, 'sds_sum': -0.8549482660212437}, Coefs CI upper: {'base_phq9': 0.3089915758810933, 'sds_sum': -0.4544089382201607}
Predictor: gender, Mean AUC: 0.6534, AUC increase: -0.0020, 95% CI: [-0.0279, 0.0173], p-value: 0.5537, Mean Acc: 0.6074, Acc 95% CI: [0.5234, 0.6875], Mean coefs: {'gender': -0.07259654508540075, 'sds_sum': -0.5823715046168664}, Coefs CI lower: {'gender': -0.22884584467055058, 'sds_sum': -0.7698160230659307}, Coefs CI upper: {'gender': 0.06391071207283194, 'sds_sum': -0.41629565490405157}
Predictor: education, Mean AUC: 0.6526, AUC increase: -0.0028, 95% CI: [-0.0238, 0.0091], p-value: 0.6384, Mean Acc: 0.6071, Acc 95% CI: [0.5234, 0.6875], Mean coefs: {'education': 0.029792021033345863, 'sds_sum': -0.5755453469131436}, Coefs CI lower: {'education': -0.098601212907003, 'sds_sum': -0.7634137021094464}, Coefs CI upper: {'education': 0.1714357668261041, 'sds_sum': -0.4084972641163366}
Predictor: working, Mean AUC: 0.6529, AUC increase: -0.0025, 95% CI: [-0.0232, 0.0097], p-value: 0.5996, Mean Acc: 0.6071, Acc 95% CI: [0.5234, 0.6875], Mean coefs: {'sds_sum': -0.5790821728193674, 'working': -0.023761333405469192}, Coefs CI lower: {'sds_sum': -0.7668059135195849, 'working': -0.1576577936351261}, Coefs CI upper: {'sds_sum': -0.4106440308658451, 'working': 0.11437475424242836}
Predictor: marital_status, Mean AUC: 0.6535, AUC increase: -0.0019, 95% CI: [-0.0228, 0.0124], p-value: 0.5620, Mean Acc: 0.6081, Acc 95% CI: [0.5234, 0.6875], Mean coefs: {'marital_status': 0.024633436279865605, 'sds_sum': -0.576394045206565}, Coefs CI lower: {'marital_status': -0.11558909852083786, 'sds_sum': -0.7640068121072784}, Coefs CI upper: {'marital_status': 0.16771603114826134, 'sds_sum': -0.4100028341847378}
Predictor: race_is_latino, Mean AUC: 0.6534, AUC increase: -0.0020, 95% CI: [-0.0211, 0.0101], p-value: 0.5985, Mean Acc: 0.6074, Acc 95% CI: [0.5234, 0.6875], Mean coefs: {'race_is_latino': 0.028501647515116333, 'sds_sum': -0.5742036280928925}, Coefs CI lower: {'race_is_latino': -0.10508525776272704, 'sds_sum': -0.7611947660105128}, Coefs CI upper: {'race_is_latino': 0.17043561121220213, 'sds_sum': -0.4061287922546873}
Predictor: race_is_black, Mean AUC: 0.6528, AUC increase: -0.0025, 95% CI: [-0.0234, 0.0096], p-value: 0.6042, Mean Acc: 0.6070, Acc 95% CI: [0.5234, 0.6875], Mean coefs: {'race_is_black': -0.02932349040354343, 'sds_sum': -0.5750942095560048}, Coefs CI lower: {'race_is_black': -0.17503582369127357, 'sds_sum': -0.7620709107316755}, Coefs CI upper: {'race_is_black': 0.1085887507601214, 'sds_sum': -0.40762379073075805}
Predictor: race_is_asian, Mean AUC: 0.6610, AUC increase: 0.0056, 95% CI: [-0.0286, 0.0352], p-value: 0.3143, Mean Acc: 0.6134, Acc 95% CI: [0.5312, 0.6953], Mean coefs: {'race_is_asian': -0.18283049527158532, 'sds_sum': -0.5836788490265074}, Coefs CI lower: {'race_is_asian': -0.32161117148503465, 'sds_sum': -0.7710108229591255}, Coefs CI upper: {'race_is_asian': -0.04008399575297645, 'sds_sum': -0.41742532457591225}
Predictor: race_is_multiracial_or_other, Mean AUC: 0.6531, AUC increase: -0.0022, 95% CI: [-0.0206, 0.0103], p-value: 0.6334, Mean Acc: 0.6071, Acc 95% CI: [0.5234, 0.6875], Mean coefs: {'race_is_multiracial_or_other': -0.014733009705660547, 'sds_sum': -0.5759310990835181}, Coefs CI lower: {'race_is_multiracial_or_other': -0.15792850342219777, 'sds_sum': -0.7627919290374439}, Coefs CI upper: {'race_is_multiracial_or_other': 0.12768461807799966, 'sds_sum': -0.4097258001740426}
Predictor: age, Mean AUC: 0.6542, AUC increase: -0.0012, 95% CI: [-0.0218, 0.0147], p-value: 0.5371, Mean Acc: 0.6086, Acc 95% CI: [0.5234, 0.6875], Mean coefs: {'age': 0.03480616499411464, 'sds_sum': -0.5790814121747028}, Coefs CI lower: {'age': -0.11644526112949981, 'sds_sum': -0.7673108281862778}, Coefs CI upper: {'age': 0.17537862326110434, 'sds_sum': -0.4109012581816448}
Predictor: income_satisfaction, Mean AUC: 0.6543, AUC increase: -0.0010, 95% CI: [-0.0240, 0.0176], p-value: 0.5376, Mean Acc: 0.6094, Acc 95% CI: [0.5312, 0.6953], Mean coefs: {'income_satisfaction': -0.06254819687235665, 'sds_sum': -0.5751684195013806}, Coefs CI lower: {'income_satisfaction': -0.23727715694514337, 'sds_sum': -0.7617546701690717}, Coefs CI upper: {'income_satisfaction': 0.1112322294239203, 'sds_sum': -0.40614634404157784}
Predictor: gad7_sum, Mean AUC: 0.6830, AUC increase: 0.0276, 95% CI: [-0.0304, 0.0835], p-value: 0.1560, Mean Acc: 0.6344, Acc 95% CI: [0.5547, 0.7188], Mean coefs: {'gad7_sum': -0.4834952782143971, 'sds_sum': -0.28319323747708064}, Coefs CI lower: {'gad7_sum': -0.7092749645744724, 'sds_sum': -0.5173732450050218}, Coefs CI upper: {'gad7_sum': -0.28091485080033124, 'sds_sum': -0.07160773055657187}
Predictor: alc_sum, Mean AUC: 0.6531, AUC increase: -0.0023, 95% CI: [-0.0266, 0.0127], p-value: 0.5773, Mean Acc: 0.6050, Acc 95% CI: [0.5234, 0.6875], Mean coefs: {'alc_sum': -0.03922507476421971, 'sds_sum': -0.5756003455539389}, Coefs CI lower: {'alc_sum': -0.2036091586852404, 'sds_sum': -0.7623258243582073}, Coefs CI upper: {'alc_sum': 0.11222466372713447, 'sds_sum': -0.40930004005611}
Predictor: study_arm_EVO, Mean AUC: 0.6531, AUC increase: -0.0022, 95% CI: [-0.0275, 0.0144], p-value: 0.5550, Mean Acc: 0.6084, Acc 95% CI: [0.5234, 0.6953], Mean coefs: {'sds_sum': -0.5736866896783553, 'study_arm_EVO': 0.06518395123790895}, Coefs CI lower: {'sds_sum': -0.7607773227478729, 'study_arm_EVO': -0.07706515090447962}, Coefs CI upper: {'sds_sum': -0.40705708072385566, 'study_arm_EVO': 0.2133188355535429}
Predictor: study_arm_HealthTips, Mean AUC: 0.6525, AUC increase: -0.0028, 95% CI: [-0.0230, 0.0082], p-value: 0.6410, Mean Acc: 0.6071, Acc 95% CI: [0.5234, 0.6875], Mean coefs: {'sds_sum': -0.5754878525254548, 'study_arm_HealthTips': -0.007260167014930572}, Coefs CI lower: {'sds_sum': -0.7646359438173411, 'study_arm_HealthTips': -0.1494424112512416}, Coefs CI upper: {'sds_sum': -0.40899395459179233, 'study_arm_HealthTips': 0.1287621773070708}
Predictor: study_arm_iPST, Mean AUC: 0.6549, AUC increase: -0.0005, 95% CI: [-0.0257, 0.0170], p-value: 0.4744, Mean Acc: 0.6095, Acc 95% CI: [0.5234, 0.6953], Mean coefs: {'sds_sum': -0.5776077373765486, 'study_arm_iPST': -0.08489081341626946}, Coefs CI lower: {'sds_sum': -0.7672620510034965, 'study_arm_iPST': -0.21865723191775527}, Coefs CI upper: {'sds_sum': -0.41237893598325115, 'study_arm_iPST': 0.041262297911214316}
No predictors significantly improved the model. Stopping exploration for this path.

------- knn predicting mdd_improve -------

Exploring models with complexity: 1

Exploring path with predictors: []
Current AUC: 0.5000
Predictor: base_phq9, Mean AUC: 0.4993, AUC increase: -0.0007, 95% CI: [-0.0919, 0.0929], p-value: 0.5096, Mean Acc: 0.4984, Acc 95% CI: [0.4141, 0.5859]
Predictor: gender, Mean AUC: 0.4991, AUC increase: -0.0009, 95% CI: [-0.0651, 0.0625], p-value: 0.6609, Mean Acc: 0.4987, Acc 95% CI: [0.4141, 0.5781]
Predictor: education, Mean AUC: 0.4989, AUC increase: -0.0011, 95% CI: [-0.0656, 0.0627], p-value: 0.6716, Mean Acc: 0.4994, Acc 95% CI: [0.4141, 0.5781]
Predictor: working, Mean AUC: 0.5001, AUC increase: 0.0001, 95% CI: [-0.0753, 0.0760], p-value: 0.6607, Mean Acc: 0.4995, Acc 95% CI: [0.4141, 0.5859]
Predictor: marital_status, Mean AUC: 0.4993, AUC increase: -0.0007, 95% CI: [-0.0680, 0.0655], p-value: 0.6684, Mean Acc: 0.4990, Acc 95% CI: [0.4141, 0.5781]
Predictor: race_is_latino, Mean AUC: 0.5001, AUC increase: 0.0001, 95% CI: [-0.0578, 0.0577], p-value: 0.6634, Mean Acc: 0.4995, Acc 95% CI: [0.4141, 0.5859]
Predictor: race_is_black, Mean AUC: 0.4995, AUC increase: -0.0005, 95% CI: [-0.0499, 0.0486], p-value: 0.6649, Mean Acc: 0.4992, Acc 95% CI: [0.4141, 0.5859]
Predictor: race_is_asian, Mean AUC: 0.5049, AUC increase: 0.0049, 95% CI: [-0.0532, 0.0613], p-value: 0.5733, Mean Acc: 0.5038, Acc 95% CI: [0.4141, 0.5938]
Predictor: race_is_multiracial_or_other, Mean AUC: 0.4994, AUC increase: -0.0006, 95% CI: [-0.0377, 0.0347], p-value: 0.6663, Mean Acc: 0.4985, Acc 95% CI: [0.4141, 0.5781]
Predictor: age, Mean AUC: 0.5223, AUC increase: 0.0223, 95% CI: [-0.0749, 0.1166], p-value: 0.3212, Mean Acc: 0.5162, Acc 95% CI: [0.4297, 0.6016]
Predictor: income_satisfaction, Mean AUC: 0.5013, AUC increase: 0.0013, 95% CI: [-0.0533, 0.0562], p-value: 0.6362, Mean Acc: 0.5003, Acc 95% CI: [0.4141, 0.5859]
Predictor: gad7_sum, Mean AUC: 0.5928, AUC increase: 0.0928, 95% CI: [-0.0184, 0.1989], p-value: 0.0503, Mean Acc: 0.5738, Acc 95% CI: [0.4688, 0.6719]
Predictor: sds_sum, Mean AUC: 0.5638, AUC increase: 0.0638, 95% CI: [-0.0381, 0.1624], p-value: 0.1086, Mean Acc: 0.5500, Acc 95% CI: [0.4531, 0.6406]
Predictor: alc_sum, Mean AUC: 0.5015, AUC increase: 0.0015, 95% CI: [-0.0924, 0.0914], p-value: 0.4831, Mean Acc: 0.5011, Acc 95% CI: [0.4141, 0.5859]
Predictor: study_arm_EVO, Mean AUC: 0.5003, AUC increase: 0.0003, 95% CI: [-0.0814, 0.0829], p-value: 0.6565, Mean Acc: 0.4996, Acc 95% CI: [0.4141, 0.5859]
Predictor: study_arm_HealthTips, Mean AUC: 0.4995, AUC increase: -0.0005, 95% CI: [-0.0766, 0.0745], p-value: 0.6596, Mean Acc: 0.4991, Acc 95% CI: [0.4141, 0.5859]
Predictor: study_arm_iPST, Mean AUC: 0.5002, AUC increase: 0.0002, 95% CI: [-0.0604, 0.0587], p-value: 0.6552, Mean Acc: 0.5000, Acc 95% CI: [0.4141, 0.5859]
No predictors significantly improved the model. Stopping exploration for this path.

------- svm predicting mdd_improve -------

Exploring models with complexity: 1

Exploring path with predictors: []
Current AUC: 0.5000
Predictor: base_phq9, Mean AUC: 0.5017, AUC increase: 0.0017, 95% CI: [-0.1126, 0.1158], p-value: 0.5127, Mean Acc: 0.5111, Acc 95% CI: [0.4219, 0.6016], Mean coefs: {'base_phq9': -0.39353932076040826}, Coefs CI lower: {'base_phq9': -0.6969217602151428}, Coefs CI upper: {'base_phq9': 1.3868948489426091e-06}
Predictor: gender, Mean AUC: 0.4995, AUC increase: -0.0005, 95% CI: [-0.0695, 0.0667], p-value: 0.5590, Mean Acc: 0.4901, Acc 95% CI: [0.4062, 0.5703], Mean coefs: {'gender': -0.11927640811670688}, Coefs CI lower: {'gender': -0.8507996555155959}, Coefs CI upper: {'gender': 0.8483650059915178}
Predictor: education, Mean AUC: 0.5008, AUC increase: 0.0008, 95% CI: [-0.0701, 0.0703], p-value: 0.5545, Mean Acc: 0.4898, Acc 95% CI: [0.4062, 0.5703], Mean coefs: {'education': 0.2159330064625824}, Coefs CI lower: {'education': -0.8579546146054575}, Coefs CI upper: {'education': 0.8671545073622138}
Predictor: working, Mean AUC: 0.4989, AUC increase: -0.0011, 95% CI: [-0.0833, 0.0789], p-value: 0.5585, Mean Acc: 0.4946, Acc 95% CI: [0.4062, 0.5781], Mean coefs: {'working': 0.36696271532389585}, Coefs CI lower: {'working': -0.9569672074125828}, Coefs CI upper: {'working': 0.9637888196534004}
Predictor: marital_status, Mean AUC: 0.5008, AUC increase: 0.0008, 95% CI: [-0.0704, 0.0709], p-value: 0.5450, Mean Acc: 0.4884, Acc 95% CI: [0.4062, 0.5703], Mean coefs: {'marital_status': 0.08331048353193818}, Coefs CI lower: {'marital_status': -0.8885274159293699}, Coefs CI upper: {'marital_status': 0.8905415240597008}
Predictor: race_is_latino, Mean AUC: 0.4984, AUC increase: -0.0016, 95% CI: [-0.0625, 0.0594], p-value: 0.5718, Mean Acc: 0.4938, Acc 95% CI: [0.4062, 0.5781], Mean coefs: {'race_is_latino': 0.29922666307846874}, Coefs CI lower: {'race_is_latino': -0.7273426270976886}, Coefs CI upper: {'race_is_latino': 0.7488450674371698}
Predictor: race_is_black, Mean AUC: 0.4998, AUC increase: -0.0002, 95% CI: [-0.0512, 0.0505], p-value: 0.5576, Mean Acc: 0.4912, Acc 95% CI: [0.4062, 0.5703], Mean coefs: {'race_is_black': -0.16453208849451834}, Coefs CI lower: {'race_is_black': -0.6443794794178488}, Coefs CI upper: {'race_is_black': 0.630153493686695}
Predictor: race_is_asian, Mean AUC: 0.4996, AUC increase: -0.0004, 95% CI: [-0.0616, 0.0599], p-value: 0.5436, Mean Acc: 0.5083, Acc 95% CI: [0.4219, 0.5938], Mean coefs: {'race_is_asian': -0.40049827826295775}, Coefs CI lower: {'race_is_asian': -0.5999999999999943}, Coefs CI upper: {'race_is_asian': 1.0658141036401503e-14}
Predictor: race_is_multiracial_or_other, Mean AUC: 0.5017, AUC increase: 0.0017, 95% CI: [-0.0377, 0.0391], p-value: 0.5230, Mean Acc: 0.4889, Acc 95% CI: [0.4062, 0.5703], Mean coefs: {'race_is_multiracial_or_other': -0.07213131695178181}, Coefs CI lower: {'race_is_multiracial_or_other': -0.5056390964010782}, Coefs CI upper: {'race_is_multiracial_or_other': 0.49888765156985215}
Predictor: age, Mean AUC: 0.5030, AUC increase: 0.0030, 95% CI: [-0.0919, 0.0984], p-value: 0.5303, Mean Acc: 0.4898, Acc 95% CI: [0.4062, 0.5703], Mean coefs: {'age': -0.05137212760907854}, Coefs CI lower: {'age': -0.5479781202794338}, Coefs CI upper: {'age': 0.5443695562019282}
Predictor: income_satisfaction, Mean AUC: 0.5000, AUC increase: 0.0000, 95% CI: [-0.0573, 0.0584], p-value: 0.5608, Mean Acc: 0.4995, Acc 95% CI: [0.4141, 0.5859], Mean coefs: {'income_satisfaction': -0.27099004879521416}, Coefs CI lower: {'income_satisfaction': -0.6756146901413516}, Coefs CI upper: {'income_satisfaction': 0.6535738558745043}
Predictor: gad7_sum, Mean AUC: 0.6791, AUC increase: 0.1791, 95% CI: [0.0893, 0.2682], p-value: 0.0001, Mean Acc: 0.6316, Acc 95% CI: [0.5469, 0.7109], Mean coefs: {'gad7_sum': -0.8400247242148922}, Coefs CI lower: {'gad7_sum': -0.9974543930521683}, Coefs CI upper: {'gad7_sum': -0.7234087797946609}
Predictor: sds_sum, Mean AUC: 0.6553, AUC increase: 0.1553, 95% CI: [0.0634, 0.2468], p-value: 0.0006, Mean Acc: 0.6083, Acc 95% CI: [0.5234, 0.6875], Mean coefs: {'sds_sum': -0.8079463997122613}, Coefs CI lower: {'sds_sum': -0.9223969483028596}, Coefs CI upper: {'sds_sum': -0.6953323560232688}
Predictor: alc_sum, Mean AUC: 0.5003, AUC increase: 0.0003, 95% CI: [-0.1016, 0.1019], p-value: 0.5500, Mean Acc: 0.4963, Acc 95% CI: [0.4062, 0.5859], Mean coefs: {'alc_sum': -0.09029351287722134}, Coefs CI lower: {'alc_sum': -0.6379400569017187}, Coefs CI upper: {'alc_sum': 0.44702705245099567}
Predictor: study_arm_EVO, Mean AUC: 0.4977, AUC increase: -0.0023, 95% CI: [-0.0896, 0.0853], p-value: 0.5599, Mean Acc: 0.5032, Acc 95% CI: [0.4141, 0.5859], Mean coefs: {'study_arm_EVO': 0.5868108854233233}, Coefs CI lower: {'study_arm_EVO': -0.985679858156729}, Coefs CI upper: {'study_arm_EVO': 0.9943786639583756}
Predictor: study_arm_HealthTips, Mean AUC: 0.5005, AUC increase: 0.0005, 95% CI: [-0.0779, 0.0793], p-value: 0.5548, Mean Acc: 0.4878, Acc 95% CI: [0.4062, 0.5703], Mean coefs: {'study_arm_HealthTips': -0.24152393407862574}, Coefs CI lower: {'study_arm_HealthTips': -0.9863427255869794}, Coefs CI upper: {'study_arm_HealthTips': 0.9843059135695071}
Predictor: study_arm_iPST, Mean AUC: 0.4960, AUC increase: -0.0040, 95% CI: [-0.0652, 0.0603], p-value: 0.6080, Mean Acc: 0.4973, Acc 95% CI: [0.4141, 0.5781], Mean coefs: {'study_arm_iPST': -0.3637278001059867}, Coefs CI lower: {'study_arm_iPST': -0.7522975189999221}, Coefs CI upper: {'study_arm_iPST': 0.7122155974742689}
Beam search: keeping top 5 predictors
Adding predictor gad7_sum. New AUC: 0.6791
Adding predictor sds_sum. New AUC: 0.6553

Exploring path with predictors: ['gad7_sum']
Current AUC: 0.6791
Predictor: base_phq9, Mean AUC: 0.6984, AUC increase: 0.0193, 95% CI: [-0.0176, 0.0548], p-value: 0.1325, Mean Acc: 0.6566, Acc 95% CI: [0.5781, 0.7344], Mean coefs: {'base_phq9': 0.41503741239877945, 'gad7_sum': -1.0679041859389518}, Coefs CI lower: {'base_phq9': 0.25325952121083845, 'gad7_sum': -1.2024830071107098}, Coefs CI upper: {'base_phq9': 0.5908126697616969, 'gad7_sum': -0.9612245488266522}
Predictor: gender, Mean AUC: 0.6784, AUC increase: -0.0007, 95% CI: [-0.0232, 0.0161], p-value: 0.4947, Mean Acc: 0.6301, Acc 95% CI: [0.5469, 0.7109], Mean coefs: {'gad7_sum': -0.842349631202011, 'gender': -0.08047247425029608}, Coefs CI lower: {'gad7_sum': -1.00253675661558, 'gender': -0.3309809603771564}, Coefs CI upper: {'gad7_sum': -0.7273542416405651, 'gender': 0.06637343708421387}
Predictor: education, Mean AUC: 0.6775, AUC increase: -0.0015, 95% CI: [-0.0168, 0.0078], p-value: 0.5851, Mean Acc: 0.6323, Acc 95% CI: [0.5469, 0.7109], Mean coefs: {'education': -0.024898567607000644, 'gad7_sum': -0.8409148479650533}, Coefs CI lower: {'education': -0.17082365012482156, 'gad7_sum': -0.9986619274232994}, Coefs CI upper: {'education': 0.13144799448816963, 'gad7_sum': -0.7259182784883084}
Predictor: working, Mean AUC: 0.6771, AUC increase: -0.0019, 95% CI: [-0.0171, 0.0065], p-value: 0.6055, Mean Acc: 0.6302, Acc 95% CI: [0.5469, 0.7109], Mean coefs: {'gad7_sum': -0.8381620335889184, 'working': 0.0022119660520410027}, Coefs CI lower: {'gad7_sum': -0.9933333351024926, 'working': -0.14791336082828052}, Coefs CI upper: {'gad7_sum': -0.7267385236463175, 'working': 0.15783949685184118}
Predictor: marital_status, Mean AUC: 0.6772, AUC increase: -0.0019, 95% CI: [-0.0176, 0.0076], p-value: 0.5958, Mean Acc: 0.6306, Acc 95% CI: [0.5469, 0.7109], Mean coefs: {'gad7_sum': -0.8377938757065149, 'marital_status': 0.005787260442176696}, Coefs CI lower: {'gad7_sum': -0.9975135867738629, 'marital_status': -0.15682897839056043}, Coefs CI upper: {'gad7_sum': -0.72519484935661, 'marital_status': 0.1374691827556514}
Predictor: race_is_latino, Mean AUC: 0.6785, AUC increase: -0.0005, 95% CI: [-0.0136, 0.0098], p-value: 0.5188, Mean Acc: 0.6322, Acc 95% CI: [0.5469, 0.7109], Mean coefs: {'gad7_sum': -0.8470320454013305, 'race_is_latino': 0.051490441036989486}, Coefs CI lower: {'gad7_sum': -0.9984502043744782, 'race_is_latino': -0.06397092905820036}, Coefs CI upper: {'gad7_sum': -0.7269577030226171, 'race_is_latino': 0.202199898921656}
Predictor: race_is_black, Mean AUC: 0.6779, AUC increase: -0.0012, 95% CI: [-0.0153, 0.0075], p-value: 0.5768, Mean Acc: 0.6310, Acc 95% CI: [0.5469, 0.7109], Mean coefs: {'gad7_sum': -0.8379680848105098, 'race_is_black': -0.0283387129179686}, Coefs CI lower: {'gad7_sum': -0.9970293897217871, 'race_is_black': -0.18942319521509904}, Coefs CI upper: {'gad7_sum': -0.7242036235118352, 'race_is_black': 0.0976076836724832}
Predictor: race_is_asian, Mean AUC: 0.6828, AUC increase: 0.0037, 95% CI: [-0.0259, 0.0295], p-value: 0.3442, Mean Acc: 0.6312, Acc 95% CI: [0.5469, 0.7109], Mean coefs: {'gad7_sum': -0.8207727010119376, 'race_is_asian': -0.23070362481032347}, Coefs CI lower: {'gad7_sum': -0.9995339012710385, 'race_is_asian': -0.3745481180892925}, Coefs CI upper: {'gad7_sum': -0.7180213172800469, 'race_is_asian': -0.04645055606184799}
Predictor: race_is_multiracial_or_other, Mean AUC: 0.6764, AUC increase: -0.0027, 95% CI: [-0.0204, 0.0070], p-value: 0.6563, Mean Acc: 0.6297, Acc 95% CI: [0.5469, 0.7109], Mean coefs: {'gad7_sum': -0.837311361889793, 'race_is_multiracial_or_other': -0.0075337131022548175}, Coefs CI lower: {'gad7_sum': -0.9938560187811266, 'race_is_multiracial_or_other': -0.2172142890781481}, Coefs CI upper: {'gad7_sum': -0.7222423090206161, 'race_is_multiracial_or_other': 0.15123689364815235}
Predictor: age, Mean AUC: 0.6783, AUC increase: -0.0008, 95% CI: [-0.0153, 0.0104], p-value: 0.5414, Mean Acc: 0.6315, Acc 95% CI: [0.5469, 0.7109], Mean coefs: {'age': -0.0430247256071512, 'gad7_sum': -0.8443800434446692}, Coefs CI lower: {'age': -0.22221174712771105, 'gad7_sum': -0.9889314100091022}, Coefs CI upper: {'age': 0.1030502639377366, 'gad7_sum': -0.7326236324868115}
Predictor: income_satisfaction, Mean AUC: 0.6794, AUC increase: 0.0003, 95% CI: [-0.0140, 0.0132], p-value: 0.4596, Mean Acc: 0.6338, Acc 95% CI: [0.5469, 0.7188], Mean coefs: {'gad7_sum': -0.8450268141413558, 'income_satisfaction': -0.07285601157263655}, Coefs CI lower: {'gad7_sum': -0.9950626120310391, 'income_satisfaction': -0.22090105741204583}, Coefs CI upper: {'gad7_sum': -0.7280582439817006, 'income_satisfaction': 0.09071969004019186}
Predictor: sds_sum, Mean AUC: 0.6832, AUC increase: 0.0041, 95% CI: [-0.0247, 0.0319], p-value: 0.3299, Mean Acc: 0.6342, Acc 95% CI: [0.5547, 0.7188], Mean coefs: {'gad7_sum': -0.6557552838848293, 'sds_sum': -0.2617185719815846}, Coefs CI lower: {'gad7_sum': -0.8632491120354119, 'sds_sum': -0.5796897195675712}, Coefs CI upper: {'gad7_sum': -0.3785087170735696, 'sds_sum': -0.058842934459883325}
Predictor: alc_sum, Mean AUC: 0.6777, AUC increase: -0.0014, 95% CI: [-0.0165, 0.0085], p-value: 0.5718, Mean Acc: 0.6323, Acc 95% CI: [0.5469, 0.7109], Mean coefs: {'alc_sum': -0.010484340118868658, 'gad7_sum': -0.8402945728257142}, Coefs CI lower: {'alc_sum': -0.19703973434690397, 'gad7_sum': -0.9864727336597203}, Coefs CI upper: {'alc_sum': 0.1571414567342865, 'gad7_sum': -0.7301287258668457}
Predictor: study_arm_EVO, Mean AUC: 0.6794, AUC increase: 0.0003, 95% CI: [-0.0175, 0.0157], p-value: 0.4442, Mean Acc: 0.6339, Acc 95% CI: [0.5547, 0.7188], Mean coefs: {'gad7_sum': -0.8406315944760583, 'study_arm_EVO': 0.09485891681537556}, Coefs CI lower: {'gad7_sum': -0.9796682368304326, 'study_arm_EVO': -0.07611354047714962}, Coefs CI upper: {'gad7_sum': -0.732539713608302, 'study_arm_EVO': 0.22924149072888592}
Predictor: study_arm_HealthTips, Mean AUC: 0.6775, AUC increase: -0.0016, 95% CI: [-0.0173, 0.0082], p-value: 0.5767, Mean Acc: 0.6314, Acc 95% CI: [0.5469, 0.7109], Mean coefs: {'gad7_sum': -0.8395121606715075, 'study_arm_HealthTips': -0.02806121724470854}, Coefs CI lower: {'gad7_sum': -0.9925047077554269, 'study_arm_HealthTips': -0.1641467384812192}, Coefs CI upper: {'gad7_sum': -0.7268591391643023, 'study_arm_HealthTips': 0.1404548425508769}
Predictor: study_arm_iPST, Mean AUC: 0.6784, AUC increase: -0.0006, 95% CI: [-0.0238, 0.0149], p-value: 0.4654, Mean Acc: 0.6316, Acc 95% CI: [0.5469, 0.7109], Mean coefs: {'gad7_sum': -0.832952643664333, 'study_arm_iPST': -0.10646884850522627}, Coefs CI lower: {'gad7_sum': -0.9980017739595957, 'study_arm_iPST': -0.2896839709687845}, Coefs CI upper: {'gad7_sum': -0.7230892702813345, 'study_arm_iPST': 1.5064116499596666e-06}
No predictors significantly improved the model. Stopping exploration for this path.

Exploring path with predictors: ['sds_sum']
Current AUC: 0.6553
Predictor: base_phq9, Mean AUC: 0.6621, AUC increase: 0.0067, 95% CI: [-0.0235, 0.0343], p-value: 0.2760, Mean Acc: 0.6207, Acc 95% CI: [0.5391, 0.7031], Mean coefs: {'base_phq9': 0.22958688498011443, 'sds_sum': -0.910218042206347}, Coefs CI lower: {'base_phq9': 3.5340209557219034e-05, 'sds_sum': -1.0486494570699625}, Coefs CI upper: {'base_phq9': 0.4344085324076907, 'sds_sum': -0.7712089943010374}
Predictor: gender, Mean AUC: 0.6535, AUC increase: -0.0019, 95% CI: [-0.0258, 0.0156], p-value: 0.5608, Mean Acc: 0.6062, Acc 95% CI: [0.5234, 0.6875], Mean coefs: {'gender': -0.07605980903708237, 'sds_sum': -0.8086243406850393}, Coefs CI lower: {'gender': -0.28090102953121726, 'sds_sum': -0.9240249712604129}, Coefs CI upper: {'gender': 0.11251153444851243, 'sds_sum': -0.6907554239966834}
Predictor: education, Mean AUC: 0.6530, AUC increase: -0.0023, 95% CI: [-0.0222, 0.0087], p-value: 0.6124, Mean Acc: 0.6067, Acc 95% CI: [0.5234, 0.6875], Mean coefs: {'education': 0.019360968113755084, 'sds_sum': -0.8052076034920114}, Coefs CI lower: {'education': -0.17741131885758007, 'sds_sum': -0.9224114939540862}, Coefs CI upper: {'education': 0.21099427518247182, 'sds_sum': -0.6893910485448875}
Predictor: working, Mean AUC: 0.6531, AUC increase: -0.0023, 95% CI: [-0.0252, 0.0104], p-value: 0.5749, Mean Acc: 0.6070, Acc 95% CI: [0.5234, 0.6875], Mean coefs: {'sds_sum': -0.8120082109568169, 'working': -0.05391149996268882}, Coefs CI lower: {'sds_sum': -0.9351471277225365, 'working': -0.27414504237458104}, Coefs CI upper: {'sds_sum': -0.6938407657308712, 'working': 0.13639023860391272}
Predictor: marital_status, Mean AUC: 0.6541, AUC increase: -0.0012, 95% CI: [-0.0230, 0.0138], p-value: 0.5209, Mean Acc: 0.6082, Acc 95% CI: [0.5234, 0.6953], Mean coefs: {'marital_status': 0.07459950053113948, 'sds_sum': -0.8068131494371544}, Coefs CI lower: {'marital_status': -0.10870539051701888, 'sds_sum': -0.9207820578711474}, Coefs CI upper: {'marital_status': 0.27849503343216603, 'sds_sum': -0.693426298083288}
Predictor: race_is_latino, Mean AUC: 0.6539, AUC increase: -0.0014, 95% CI: [-0.0187, 0.0102], p-value: 0.5591, Mean Acc: 0.6065, Acc 95% CI: [0.5234, 0.6875], Mean coefs: {'race_is_latino': 0.05054316513413572, 'sds_sum': -0.7997281424343108}, Coefs CI lower: {'race_is_latino': -0.10630222672665911, 'sds_sum': -0.9183922491936547}, Coefs CI upper: {'race_is_latino': 0.2363028180244646, 'sds_sum': -0.6784302426217577}
Predictor: race_is_black, Mean AUC: 0.6536, AUC increase: -0.0017, 95% CI: [-0.0171, 0.0073], p-value: 0.5971, Mean Acc: 0.6074, Acc 95% CI: [0.5234, 0.6875], Mean coefs: {'race_is_black': -0.014198557455851739, 'sds_sum': -0.8059624853711435}, Coefs CI lower: {'race_is_black': -0.16139856236472705, 'sds_sum': -0.922723364317717}, Coefs CI upper: {'race_is_black': 0.14281003467900993, 'sds_sum': -0.6893934293752749}
Predictor: race_is_asian, Mean AUC: 0.6612, AUC increase: 0.0059, 95% CI: [-0.0235, 0.0325], p-value: 0.3007, Mean Acc: 0.6121, Acc 95% CI: [0.5312, 0.6953], Mean coefs: {'race_is_asian': -0.21173628137383635, 'sds_sum': -0.8019735916752945}, Coefs CI lower: {'race_is_asian': -0.34991907221944535, 'sds_sum': -0.9227673526692909}, Coefs CI upper: {'race_is_asian': -0.04145865839938211, 'sds_sum': -0.6843325415919507}
Predictor: race_is_multiracial_or_other, Mean AUC: 0.6532, AUC increase: -0.0022, 95% CI: [-0.0208, 0.0101], p-value: 0.6248, Mean Acc: 0.6070, Acc 95% CI: [0.5234, 0.6875], Mean coefs: {'race_is_multiracial_or_other': -0.015512833430222648, 'sds_sum': -0.8068118417414373}, Coefs CI lower: {'race_is_multiracial_or_other': -0.2080131352612217, 'sds_sum': -0.9213295328063426}, Coefs CI upper: {'race_is_multiracial_or_other': 0.2108333076890007, 'sds_sum': -0.6912621996356764}
Predictor: age, Mean AUC: 0.6546, AUC increase: -0.0008, 95% CI: [-0.0259, 0.0188], p-value: 0.4969, Mean Acc: 0.6085, Acc 95% CI: [0.5312, 0.6953], Mean coefs: {'age': 0.10480676763334727, 'sds_sum': -0.8114041085512702}, Coefs CI lower: {'age': -0.12434604191162658, 'sds_sum': -0.924997366809821}, Coefs CI upper: {'age': 0.2949764338697473, 'sds_sum': -0.6985441234058463}
Predictor: income_satisfaction, Mean AUC: 0.6550, AUC increase: -0.0004, 95% CI: [-0.0188, 0.0159], p-value: 0.5051, Mean Acc: 0.6093, Acc 95% CI: [0.5312, 0.6953], Mean coefs: {'income_satisfaction': -0.08493651359572221, 'sds_sum': -0.8017788455425297}, Coefs CI lower: {'income_satisfaction': -0.28180408272450774, 'sds_sum': -0.9184240197926626}, Coefs CI upper: {'income_satisfaction': 0.1210726457560613, 'sds_sum': -0.675980809506}
Predictor: gad7_sum, Mean AUC: 0.6832, AUC increase: 0.0278, 95% CI: [-0.0366, 0.0896], p-value: 0.1853, Mean Acc: 0.6342, Acc 95% CI: [0.5547, 0.7188], Mean coefs: {'gad7_sum': -0.6557552838848293, 'sds_sum': -0.2617185719815846}, Coefs CI lower: {'gad7_sum': -0.8632491120354119, 'sds_sum': -0.5796897195675712}, Coefs CI upper: {'gad7_sum': -0.3785087170735696, 'sds_sum': -0.058842934459883325}
Predictor: alc_sum, Mean AUC: 0.6536, AUC increase: -0.0017, 95% CI: [-0.0216, 0.0096], p-value: 0.5671, Mean Acc: 0.6062, Acc 95% CI: [0.5234, 0.6875], Mean coefs: {'alc_sum': -0.013800377318095036, 'sds_sum': -0.8013224372979642}, Coefs CI lower: {'alc_sum': -0.2454186124368671, 'sds_sum': -0.9231041799710333}, Coefs CI upper: {'alc_sum': 0.16660480419829607, 'sds_sum': -0.6819925039882057}
Predictor: study_arm_EVO, Mean AUC: 0.6530, AUC increase: -0.0024, 95% CI: [-0.0265, 0.0122], p-value: 0.5651, Mean Acc: 0.6070, Acc 95% CI: [0.5234, 0.6875], Mean coefs: {'sds_sum': -0.7962542007353591, 'study_arm_EVO': 0.056916082979773214}, Coefs CI lower: {'sds_sum': -0.9200859158030082, 'study_arm_EVO': -0.13220660252058528}, Coefs CI upper: {'sds_sum': -0.6566124460988118, 'study_arm_EVO': 0.30885941952271007}
Predictor: study_arm_HealthTips, Mean AUC: 0.6529, AUC increase: -0.0025, 95% CI: [-0.0214, 0.0076], p-value: 0.6267, Mean Acc: 0.6068, Acc 95% CI: [0.5234, 0.6875], Mean coefs: {'sds_sum': -0.804370054017404, 'study_arm_HealthTips': -0.004106714874502416}, Coefs CI lower: {'sds_sum': -0.9195131268130103, 'study_arm_HealthTips': -0.18542962002454588}, Coefs CI upper: {'sds_sum': -0.6875861298709756, 'study_arm_HealthTips': 0.1836541097005286}
Predictor: study_arm_iPST, Mean AUC: 0.6547, AUC increase: -0.0007, 95% CI: [-0.0191, 0.0122], p-value: 0.5096, Mean Acc: 0.6082, Acc 95% CI: [0.5234, 0.6875], Mean coefs: {'sds_sum': -0.8033082480685, 'study_arm_iPST': -0.06284092444214447}, Coefs CI lower: {'sds_sum': -0.9235352355133185, 'study_arm_iPST': -0.2435621316288853}, Coefs CI upper: {'sds_sum': -0.6693886571797786, 'study_arm_iPST': 0.0537292073916953}
No predictors significantly improved the model. Stopping exploration for this path.
       outcome                model  ... complexity rf_n_estimators
0  mdd_improve  logistic_regression  ...          1             100
1  mdd_improve  logistic_regression  ...          1             100
2  mdd_improve                  svm  ...          1             100
3  mdd_improve                  svm  ...          1             100

[4 rows x 13 columns]
SAVING AS: results/sens_12wk/results_Brighten-v1/fwd_fast_depth_1_seed_0.csv
Total time (seconds): 7304.478230714798
