PLEASE NOTE: predictor 'mania_history' not in dataframe loaded from 'results/sens_12wk/miceRanger_imputed_formatted_Brighten-v1_all.csv'.
PLEASE NOTE: predictor 'psychosis_history' not in dataframe loaded from 'results/sens_12wk/miceRanger_imputed_formatted_Brighten-v1_all.csv'.

------- decision_tree predicting mdd_improve -------

Exploring models with complexity: 2

Exploring path with predictors: []
Current AUC: 0.5000
Predictor: base_phq9, Mean AUC: 0.5090, AUC increase: 0.0090, 95% CI: [-0.0750, 0.0909], p-value: 0.4194, Mean Acc: 0.5041, Acc 95% CI: [0.4141, 0.5859]
Predictor: gender, Mean AUC: 0.4943, AUC increase: -0.0057, 95% CI: [-0.0740, 0.0636], p-value: 0.5688, Mean Acc: 0.4900, Acc 95% CI: [0.4062, 0.5703]
Predictor: education, Mean AUC: 0.4946, AUC increase: -0.0054, 95% CI: [-0.0746, 0.0663], p-value: 0.5696, Mean Acc: 0.4899, Acc 95% CI: [0.4062, 0.5703]
Predictor: working, Mean AUC: 0.4991, AUC increase: -0.0009, 95% CI: [-0.0848, 0.0811], p-value: 0.5137, Mean Acc: 0.4950, Acc 95% CI: [0.4062, 0.5781]
Predictor: marital_status, Mean AUC: 0.4939, AUC increase: -0.0061, 95% CI: [-0.0775, 0.0672], p-value: 0.5788, Mean Acc: 0.4885, Acc 95% CI: [0.4062, 0.5703]
Predictor: race_is_latino, Mean AUC: 0.5005, AUC increase: 0.0005, 95% CI: [-0.0625, 0.0630], p-value: 0.4956, Mean Acc: 0.4938, Acc 95% CI: [0.4062, 0.5781]
Predictor: race_is_black, Mean AUC: 0.4983, AUC increase: -0.0017, 95% CI: [-0.0537, 0.0511], p-value: 0.5339, Mean Acc: 0.4914, Acc 95% CI: [0.4062, 0.5703]
Predictor: race_is_asian, Mean AUC: 0.5212, AUC increase: 0.0212, 95% CI: [-0.0279, 0.0685], p-value: 0.1893, Mean Acc: 0.5085, Acc 95% CI: [0.4219, 0.5938]
Predictor: race_is_multiracial_or_other, Mean AUC: 0.4948, AUC increase: -0.0052, 95% CI: [-0.0426, 0.0350], p-value: 0.6179, Mean Acc: 0.4891, Acc 95% CI: [0.4062, 0.5703]
Predictor: age, Mean AUC: 0.5252, AUC increase: 0.0252, 95% CI: [-0.0493, 0.1014], p-value: 0.2524, Mean Acc: 0.5181, Acc 95% CI: [0.4297, 0.6094]
Predictor: income_satisfaction, Mean AUC: 0.5075, AUC increase: 0.0075, 95% CI: [-0.0531, 0.0630], p-value: 0.3866, Mean Acc: 0.4998, Acc 95% CI: [0.4141, 0.5859]
Predictor: gad7_sum, Mean AUC: 0.6593, AUC increase: 0.1593, 95% CI: [0.0744, 0.2436], p-value: 0.0002, Mean Acc: 0.6446, Acc 95% CI: [0.5625, 0.7266]
Predictor: sds_sum, Mean AUC: 0.6278, AUC increase: 0.1278, 95% CI: [0.0405, 0.2153], p-value: 0.0019, Mean Acc: 0.5959, Acc 95% CI: [0.5078, 0.6797]
Predictor: alc_sum, Mean AUC: 0.5129, AUC increase: 0.0129, 95% CI: [-0.0692, 0.1039], p-value: 0.4122, Mean Acc: 0.5070, Acc 95% CI: [0.4141, 0.6016]
Predictor: study_arm_EVO, Mean AUC: 0.5117, AUC increase: 0.0117, 95% CI: [-0.0781, 0.0960], p-value: 0.3913, Mean Acc: 0.5038, Acc 95% CI: [0.4141, 0.5859]
Predictor: study_arm_HealthTips, Mean AUC: 0.4932, AUC increase: -0.0068, 95% CI: [-0.0882, 0.0703], p-value: 0.5671, Mean Acc: 0.4881, Acc 95% CI: [0.4062, 0.5703]
Predictor: study_arm_iPST, Mean AUC: 0.5064, AUC increase: 0.0064, 95% CI: [-0.0607, 0.0676], p-value: 0.4074, Mean Acc: 0.4978, Acc 95% CI: [0.4141, 0.5781]
Beam search: keeping top 5 predictors
Adding predictor gad7_sum. New AUC: 0.6593
Adding predictor sds_sum. New AUC: 0.6278

Exploring path with predictors: ['gad7_sum']
Current AUC: 0.6593
Predictor: base_phq9, Mean AUC: 0.6576, AUC increase: -0.0017, 95% CI: [-0.0432, 0.0330], p-value: 0.6730, Mean Acc: 0.6442, Acc 95% CI: [0.5625, 0.7266]
Predictor: gender, Mean AUC: 0.6604, AUC increase: 0.0012, 95% CI: [-0.0184, 0.0238], p-value: 0.7754, Mean Acc: 0.6443, Acc 95% CI: [0.5625, 0.7266]
Predictor: education, Mean AUC: 0.6588, AUC increase: -0.0005, 95% CI: [-0.0116, 0.0005], p-value: 0.9743, Mean Acc: 0.6445, Acc 95% CI: [0.5625, 0.7266]
Predictor: working, Mean AUC: 0.6595, AUC increase: 0.0002, 95% CI: [-0.0147, 0.0176], p-value: 0.8954, Mean Acc: 0.6447, Acc 95% CI: [0.5625, 0.7266]
Predictor: marital_status, Mean AUC: 0.6587, AUC increase: -0.0006, 95% CI: [-0.0164, 0.0090], p-value: 0.9456, Mean Acc: 0.6444, Acc 95% CI: [0.5625, 0.7266]
Predictor: race_is_latino, Mean AUC: 0.6586, AUC increase: -0.0007, 95% CI: [-0.0149, 0.0034], p-value: 0.9645, Mean Acc: 0.6443, Acc 95% CI: [0.5625, 0.7266]
Predictor: race_is_black, Mean AUC: 0.6587, AUC increase: -0.0006, 95% CI: [-0.0166, 0.0084], p-value: 0.9536, Mean Acc: 0.6446, Acc 95% CI: [0.5625, 0.7266]
Predictor: race_is_asian, Mean AUC: 0.6574, AUC increase: -0.0019, 95% CI: [-0.0298, 0.0121], p-value: 0.9121, Mean Acc: 0.6434, Acc 95% CI: [0.5625, 0.7266]
Predictor: race_is_multiracial_or_other, Mean AUC: 0.6571, AUC increase: -0.0022, 95% CI: [-0.0325, 0.0139], p-value: 0.8911, Mean Acc: 0.6433, Acc 95% CI: [0.5625, 0.7266]
Predictor: age, Mean AUC: 0.6553, AUC increase: -0.0040, 95% CI: [-0.0526, 0.0363], p-value: 0.6096, Mean Acc: 0.6448, Acc 95% CI: [0.5625, 0.7266]
Predictor: income_satisfaction, Mean AUC: 0.6589, AUC increase: -0.0004, 95% CI: [-0.0187, 0.0132], p-value: 0.9176, Mean Acc: 0.6441, Acc 95% CI: [0.5625, 0.7266]
Predictor: sds_sum, Mean AUC: 0.6634, AUC increase: 0.0041, 95% CI: [-0.0452, 0.0520], p-value: 0.4494, Mean Acc: 0.6420, Acc 95% CI: [0.5547, 0.7266]
Predictor: alc_sum, Mean AUC: 0.6579, AUC increase: -0.0014, 95% CI: [-0.0368, 0.0268], p-value: 0.6924, Mean Acc: 0.6439, Acc 95% CI: [0.5625, 0.7266]
Predictor: study_arm_EVO, Mean AUC: 0.6610, AUC increase: 0.0017, 95% CI: [-0.0214, 0.0279], p-value: 0.7515, Mean Acc: 0.6451, Acc 95% CI: [0.5625, 0.7266]
Predictor: study_arm_HealthTips, Mean AUC: 0.6590, AUC increase: -0.0003, 95% CI: [-0.0183, 0.0148], p-value: 0.9004, Mean Acc: 0.6448, Acc 95% CI: [0.5625, 0.7266]
Predictor: study_arm_iPST, Mean AUC: 0.6592, AUC increase: -0.0001, 95% CI: [-0.0171, 0.0164], p-value: 0.8882, Mean Acc: 0.6432, Acc 95% CI: [0.5625, 0.7266]
No predictors significantly improved the model. Stopping exploration for this path.

Exploring path with predictors: ['sds_sum']
Current AUC: 0.6278
Predictor: base_phq9, Mean AUC: 0.6227, AUC increase: -0.0050, 95% CI: [-0.0560, 0.0135], p-value: 0.8473, Mean Acc: 0.5934, Acc 95% CI: [0.5000, 0.6797]
Predictor: gender, Mean AUC: 0.6272, AUC increase: -0.0006, 95% CI: [-0.0076, 0.0017], p-value: 0.9648, Mean Acc: 0.5957, Acc 95% CI: [0.5078, 0.6797]
Predictor: education, Mean AUC: 0.6273, AUC increase: -0.0005, 95% CI: [-0.0066, 0.0000], p-value: 0.9815, Mean Acc: 0.5955, Acc 95% CI: [0.5078, 0.6797]
Predictor: working, Mean AUC: 0.6271, AUC increase: -0.0007, 95% CI: [-0.0095, 0.0002], p-value: 0.9742, Mean Acc: 0.5955, Acc 95% CI: [0.5078, 0.6797]
Predictor: marital_status, Mean AUC: 0.6270, AUC increase: -0.0008, 95% CI: [-0.0100, 0.0000], p-value: 0.9765, Mean Acc: 0.5956, Acc 95% CI: [0.5078, 0.6797]
Predictor: race_is_latino, Mean AUC: 0.6273, AUC increase: -0.0005, 95% CI: [-0.0059, 0.0000], p-value: 0.9779, Mean Acc: 0.5957, Acc 95% CI: [0.5078, 0.6797]
Predictor: race_is_black, Mean AUC: 0.6272, AUC increase: -0.0006, 95% CI: [-0.0111, 0.0032], p-value: 0.9521, Mean Acc: 0.5959, Acc 95% CI: [0.5078, 0.6797]
Predictor: race_is_asian, Mean AUC: 0.6255, AUC increase: -0.0022, 95% CI: [-0.0399, 0.0150], p-value: 0.9010, Mean Acc: 0.5961, Acc 95% CI: [0.5078, 0.6797]
Predictor: race_is_multiracial_or_other, Mean AUC: 0.6260, AUC increase: -0.0018, 95% CI: [-0.0332, 0.0157], p-value: 0.8780, Mean Acc: 0.5953, Acc 95% CI: [0.5078, 0.6797]
Predictor: age, Mean AUC: 0.6198, AUC increase: -0.0080, 95% CI: [-0.0693, 0.0345], p-value: 0.7161, Mean Acc: 0.5956, Acc 95% CI: [0.5078, 0.6797]
Predictor: income_satisfaction, Mean AUC: 0.6268, AUC increase: -0.0010, 95% CI: [-0.0182, 0.0044], p-value: 0.9478, Mean Acc: 0.5956, Acc 95% CI: [0.5078, 0.6797]
Predictor: gad7_sum, Mean AUC: 0.6634, AUC increase: 0.0356, 95% CI: [-0.0435, 0.1150], p-value: 0.1871, Mean Acc: 0.6420, Acc 95% CI: [0.5547, 0.7266]
Predictor: alc_sum, Mean AUC: 0.6251, AUC increase: -0.0027, 95% CI: [-0.0407, 0.0147], p-value: 0.7898, Mean Acc: 0.5945, Acc 95% CI: [0.5078, 0.6797]
Predictor: study_arm_EVO, Mean AUC: 0.6271, AUC increase: -0.0006, 95% CI: [-0.0094, 0.0000], p-value: 0.9772, Mean Acc: 0.5958, Acc 95% CI: [0.5078, 0.6797]
Predictor: study_arm_HealthTips, Mean AUC: 0.6273, AUC increase: -0.0005, 95% CI: [-0.0086, 0.0027], p-value: 0.9571, Mean Acc: 0.5959, Acc 95% CI: [0.5078, 0.6797]
Predictor: study_arm_iPST, Mean AUC: 0.6270, AUC increase: -0.0008, 95% CI: [-0.0116, 0.0011], p-value: 0.9689, Mean Acc: 0.5957, Acc 95% CI: [0.5078, 0.6797]
No predictors significantly improved the model. Stopping exploration for this path.
       outcome          model  ... complexity rf_n_estimators
0  mdd_improve  decision_tree  ...          2             100
1  mdd_improve  decision_tree  ...          2             100

[2 rows x 13 columns]
SAVING AS: results/sens_12wk/results_Brighten-v1/fwd_dt_depth_2_seed_0.csv
Total time (seconds): 975.7875669002533
