PLEASE NOTE: predictor 'mania_history' not in dataframe loaded from 'results/sens_12wk/miceRanger_imputed_formatted_Brighten-v1_all.csv'.
PLEASE NOTE: predictor 'psychosis_history' not in dataframe loaded from 'results/sens_12wk/miceRanger_imputed_formatted_Brighten-v1_all.csv'.

------- random_forest predicting mdd_improve -------

Exploring models with complexity: 4

Exploring path with predictors: []
Current AUC: 0.5000
Predictor: base_phq9, Mean AUC: 0.5039, AUC increase: 0.0039, 95% CI: [-0.0946, 0.0984], p-value: 0.4648, Mean Acc: 0.4993, Acc 95% CI: [0.4141, 0.5781]
Predictor: gender, Mean AUC: 0.4944, AUC increase: -0.0056, 95% CI: [-0.0739, 0.0636], p-value: 0.5667, Mean Acc: 0.4900, Acc 95% CI: [0.4062, 0.5703]
Predictor: education, Mean AUC: 0.4944, AUC increase: -0.0056, 95% CI: [-0.0750, 0.0665], p-value: 0.5688, Mean Acc: 0.4898, Acc 95% CI: [0.4062, 0.5703]
Predictor: working, Mean AUC: 0.4991, AUC increase: -0.0009, 95% CI: [-0.0851, 0.0810], p-value: 0.5128, Mean Acc: 0.4947, Acc 95% CI: [0.4062, 0.5781]
Predictor: marital_status, Mean AUC: 0.4937, AUC increase: -0.0063, 95% CI: [-0.0776, 0.0672], p-value: 0.5800, Mean Acc: 0.4885, Acc 95% CI: [0.4062, 0.5703]
Predictor: race_is_latino, Mean AUC: 0.5006, AUC increase: 0.0006, 95% CI: [-0.0626, 0.0628], p-value: 0.4921, Mean Acc: 0.4937, Acc 95% CI: [0.4062, 0.5703]
Predictor: race_is_black, Mean AUC: 0.4982, AUC increase: -0.0018, 95% CI: [-0.0543, 0.0508], p-value: 0.5334, Mean Acc: 0.4911, Acc 95% CI: [0.4062, 0.5703]
Predictor: race_is_asian, Mean AUC: 0.5212, AUC increase: 0.0212, 95% CI: [-0.0279, 0.0683], p-value: 0.1892, Mean Acc: 0.5085, Acc 95% CI: [0.4219, 0.5938]
Predictor: race_is_multiracial_or_other, Mean AUC: 0.4949, AUC increase: -0.0051, 95% CI: [-0.0429, 0.0350], p-value: 0.6132, Mean Acc: 0.4890, Acc 95% CI: [0.4062, 0.5703]
Predictor: age, Mean AUC: 0.5430, AUC increase: 0.0430, 95% CI: [-0.0563, 0.1413], p-value: 0.1930, Mean Acc: 0.5275, Acc 95% CI: [0.4453, 0.6094]
Predictor: income_satisfaction, Mean AUC: 0.5074, AUC increase: 0.0074, 95% CI: [-0.0534, 0.0628], p-value: 0.3876, Mean Acc: 0.4999, Acc 95% CI: [0.4141, 0.5859]
Predictor: gad7_sum, Mean AUC: 0.6639, AUC increase: 0.1639, 95% CI: [0.0710, 0.2574], p-value: 0.0004, Mean Acc: 0.6370, Acc 95% CI: [0.5469, 0.7188]
Predictor: sds_sum, Mean AUC: 0.6304, AUC increase: 0.1304, 95% CI: [0.0355, 0.2245], p-value: 0.0040, Mean Acc: 0.5897, Acc 95% CI: [0.5000, 0.6797]
Predictor: alc_sum, Mean AUC: 0.5117, AUC increase: 0.0117, 95% CI: [-0.0907, 0.1144], p-value: 0.4146, Mean Acc: 0.5080, Acc 95% CI: [0.4141, 0.5938]
Predictor: study_arm_EVO, Mean AUC: 0.5114, AUC increase: 0.0114, 95% CI: [-0.0785, 0.0958], p-value: 0.3933, Mean Acc: 0.5039, Acc 95% CI: [0.4141, 0.5859]
Predictor: study_arm_HealthTips, Mean AUC: 0.4935, AUC increase: -0.0065, 95% CI: [-0.0881, 0.0703], p-value: 0.5613, Mean Acc: 0.4882, Acc 95% CI: [0.4062, 0.5703]
Predictor: study_arm_iPST, Mean AUC: 0.5062, AUC increase: 0.0062, 95% CI: [-0.0625, 0.0675], p-value: 0.4075, Mean Acc: 0.4974, Acc 95% CI: [0.4141, 0.5781]
Beam search: keeping top 5 predictors
Adding predictor gad7_sum. New AUC: 0.6639
Adding predictor sds_sum. New AUC: 0.6304

Exploring path with predictors: ['gad7_sum']
Current AUC: 0.6639
Predictor: base_phq9, Mean AUC: 0.6881, AUC increase: 0.0242, 95% CI: [-0.0304, 0.0782], p-value: 0.1919, Mean Acc: 0.6527, Acc 95% CI: [0.5703, 0.7344]
Predictor: gender, Mean AUC: 0.6636, AUC increase: -0.0003, 95% CI: [-0.0473, 0.0425], p-value: 0.4893, Mean Acc: 0.6331, Acc 95% CI: [0.5469, 0.7188]
Predictor: education, Mean AUC: 0.6617, AUC increase: -0.0022, 95% CI: [-0.0488, 0.0396], p-value: 0.5269, Mean Acc: 0.6375, Acc 95% CI: [0.5547, 0.7188]
Predictor: working, Mean AUC: 0.6599, AUC increase: -0.0041, 95% CI: [-0.0510, 0.0395], p-value: 0.5678, Mean Acc: 0.6353, Acc 95% CI: [0.5547, 0.7188]
Predictor: marital_status, Mean AUC: 0.6560, AUC increase: -0.0079, 95% CI: [-0.0526, 0.0329], p-value: 0.6387, Mean Acc: 0.6336, Acc 95% CI: [0.5469, 0.7188]
Predictor: race_is_latino, Mean AUC: 0.6602, AUC increase: -0.0037, 95% CI: [-0.0475, 0.0381], p-value: 0.5579, Mean Acc: 0.6401, Acc 95% CI: [0.5547, 0.7266]
Predictor: race_is_black, Mean AUC: 0.6609, AUC increase: -0.0030, 95% CI: [-0.0411, 0.0308], p-value: 0.5592, Mean Acc: 0.6349, Acc 95% CI: [0.5469, 0.7188]
Predictor: race_is_asian, Mean AUC: 0.6651, AUC increase: 0.0012, 95% CI: [-0.0383, 0.0372], p-value: 0.4610, Mean Acc: 0.6363, Acc 95% CI: [0.5547, 0.7188]
Predictor: race_is_multiracial_or_other, Mean AUC: 0.6632, AUC increase: -0.0007, 95% CI: [-0.0420, 0.0386], p-value: 0.5033, Mean Acc: 0.6399, Acc 95% CI: [0.5547, 0.7266]
Predictor: age, Mean AUC: 0.6801, AUC increase: 0.0162, 95% CI: [-0.0385, 0.0714], p-value: 0.2818, Mean Acc: 0.6436, Acc 95% CI: [0.5625, 0.7266]
Predictor: income_satisfaction, Mean AUC: 0.6618, AUC increase: -0.0021, 95% CI: [-0.0439, 0.0379], p-value: 0.5407, Mean Acc: 0.6390, Acc 95% CI: [0.5547, 0.7266]
Predictor: sds_sum, Mean AUC: 0.6776, AUC increase: 0.0137, 95% CI: [-0.0397, 0.0704], p-value: 0.3116, Mean Acc: 0.6365, Acc 95% CI: [0.5547, 0.7188]
Predictor: alc_sum, Mean AUC: 0.6706, AUC increase: 0.0067, 95% CI: [-0.0431, 0.0553], p-value: 0.3914, Mean Acc: 0.6408, Acc 95% CI: [0.5547, 0.7266]
Predictor: study_arm_EVO, Mean AUC: 0.6657, AUC increase: 0.0018, 95% CI: [-0.0464, 0.0469], p-value: 0.4613, Mean Acc: 0.6363, Acc 95% CI: [0.5547, 0.7188]
Predictor: study_arm_HealthTips, Mean AUC: 0.6621, AUC increase: -0.0018, 95% CI: [-0.0482, 0.0421], p-value: 0.5285, Mean Acc: 0.6360, Acc 95% CI: [0.5469, 0.7188]
Predictor: study_arm_iPST, Mean AUC: 0.6585, AUC increase: -0.0054, 95% CI: [-0.0484, 0.0339], p-value: 0.5956, Mean Acc: 0.6349, Acc 95% CI: [0.5469, 0.7188]
No predictors significantly improved the model. Stopping exploration for this path.

Exploring path with predictors: ['sds_sum']
Current AUC: 0.6304
Predictor: base_phq9, Mean AUC: 0.6523, AUC increase: 0.0219, 95% CI: [-0.0376, 0.0834], p-value: 0.2298, Mean Acc: 0.6097, Acc 95% CI: [0.5234, 0.6953]
Predictor: gender, Mean AUC: 0.6285, AUC increase: -0.0019, 95% CI: [-0.0543, 0.0459], p-value: 0.5236, Mean Acc: 0.5888, Acc 95% CI: [0.5000, 0.6719]
Predictor: education, Mean AUC: 0.6269, AUC increase: -0.0035, 95% CI: [-0.0559, 0.0441], p-value: 0.5499, Mean Acc: 0.5876, Acc 95% CI: [0.5000, 0.6719]
Predictor: working, Mean AUC: 0.6288, AUC increase: -0.0016, 95% CI: [-0.0540, 0.0464], p-value: 0.5164, Mean Acc: 0.5899, Acc 95% CI: [0.5078, 0.6719]
Predictor: marital_status, Mean AUC: 0.6278, AUC increase: -0.0026, 95% CI: [-0.0547, 0.0461], p-value: 0.5380, Mean Acc: 0.5914, Acc 95% CI: [0.5078, 0.6797]
Predictor: race_is_latino, Mean AUC: 0.6255, AUC increase: -0.0049, 95% CI: [-0.0525, 0.0387], p-value: 0.5765, Mean Acc: 0.5875, Acc 95% CI: [0.5000, 0.6719]
Predictor: race_is_black, Mean AUC: 0.6302, AUC increase: -0.0003, 95% CI: [-0.0441, 0.0397], p-value: 0.4885, Mean Acc: 0.5894, Acc 95% CI: [0.5078, 0.6719]
Predictor: race_is_asian, Mean AUC: 0.6400, AUC increase: 0.0096, 95% CI: [-0.0367, 0.0557], p-value: 0.3345, Mean Acc: 0.5983, Acc 95% CI: [0.5156, 0.6797]
Predictor: race_is_multiracial_or_other, Mean AUC: 0.6325, AUC increase: 0.0020, 95% CI: [-0.0451, 0.0475], p-value: 0.4562, Mean Acc: 0.5934, Acc 95% CI: [0.5078, 0.6797]
Predictor: age, Mean AUC: 0.6566, AUC increase: 0.0262, 95% CI: [-0.0366, 0.0900], p-value: 0.2024, Mean Acc: 0.6166, Acc 95% CI: [0.5391, 0.6953]
Predictor: income_satisfaction, Mean AUC: 0.6307, AUC increase: 0.0003, 95% CI: [-0.0455, 0.0427], p-value: 0.4847, Mean Acc: 0.5924, Acc 95% CI: [0.5078, 0.6797]
Predictor: gad7_sum, Mean AUC: 0.6776, AUC increase: 0.0472, 95% CI: [-0.0250, 0.1215], p-value: 0.0973, Mean Acc: 0.6365, Acc 95% CI: [0.5547, 0.7188]
Predictor: alc_sum, Mean AUC: 0.6420, AUC increase: 0.0115, 95% CI: [-0.0421, 0.0669], p-value: 0.3313, Mean Acc: 0.5968, Acc 95% CI: [0.5156, 0.6797]
Predictor: study_arm_EVO, Mean AUC: 0.6242, AUC increase: -0.0063, 95% CI: [-0.0590, 0.0423], p-value: 0.5901, Mean Acc: 0.5880, Acc 95% CI: [0.5000, 0.6719]
Predictor: study_arm_HealthTips, Mean AUC: 0.6248, AUC increase: -0.0056, 95% CI: [-0.0589, 0.0413], p-value: 0.5758, Mean Acc: 0.5872, Acc 95% CI: [0.5000, 0.6719]
Predictor: study_arm_iPST, Mean AUC: 0.6283, AUC increase: -0.0021, 95% CI: [-0.0494, 0.0430], p-value: 0.5353, Mean Acc: 0.5920, Acc 95% CI: [0.5078, 0.6797]
No predictors significantly improved the model. Stopping exploration for this path.
       outcome          model  ... complexity rf_n_estimators
0  mdd_improve  random_forest  ...          4             100
1  mdd_improve  random_forest  ...          4             100

[2 rows x 13 columns]
SAVING AS: results/sens_12wk/results_Brighten-v1/fwd_rf_depth_4_seed_0.csv
Total time (seconds): 14277.727147102356
