PLEASE NOTE: predictor 'mania_history' not in dataframe loaded from 'results/sens_12wk/miceRanger_imputed_formatted_Brighten-v1_all.csv'.
PLEASE NOTE: predictor 'psychosis_history' not in dataframe loaded from 'results/sens_12wk/miceRanger_imputed_formatted_Brighten-v1_all.csv'.

------- decision_tree predicting mdd_improve -------

Exploring models with complexity: 1

Exploring path with predictors: []
Current AUC: 0.5000
Predictor: base_phq9, Mean AUC: 0.5191, AUC increase: 0.0191, 95% CI: [-0.0512, 0.0879], p-value: 0.3033, Mean Acc: 0.5129, Acc 95% CI: [0.4219, 0.6016]
Predictor: gender, Mean AUC: 0.4943, AUC increase: -0.0057, 95% CI: [-0.0740, 0.0636], p-value: 0.5688, Mean Acc: 0.4900, Acc 95% CI: [0.4062, 0.5703]
Predictor: education, Mean AUC: 0.4946, AUC increase: -0.0054, 95% CI: [-0.0746, 0.0663], p-value: 0.5696, Mean Acc: 0.4899, Acc 95% CI: [0.4062, 0.5703]
Predictor: working, Mean AUC: 0.4991, AUC increase: -0.0009, 95% CI: [-0.0848, 0.0811], p-value: 0.5137, Mean Acc: 0.4950, Acc 95% CI: [0.4062, 0.5781]
Predictor: marital_status, Mean AUC: 0.4939, AUC increase: -0.0061, 95% CI: [-0.0775, 0.0672], p-value: 0.5788, Mean Acc: 0.4885, Acc 95% CI: [0.4062, 0.5703]
Predictor: race_is_latino, Mean AUC: 0.5005, AUC increase: 0.0005, 95% CI: [-0.0625, 0.0630], p-value: 0.4956, Mean Acc: 0.4938, Acc 95% CI: [0.4062, 0.5781]
Predictor: race_is_black, Mean AUC: 0.4983, AUC increase: -0.0017, 95% CI: [-0.0537, 0.0511], p-value: 0.5339, Mean Acc: 0.4914, Acc 95% CI: [0.4062, 0.5703]
Predictor: race_is_asian, Mean AUC: 0.5212, AUC increase: 0.0212, 95% CI: [-0.0279, 0.0685], p-value: 0.1893, Mean Acc: 0.5085, Acc 95% CI: [0.4219, 0.5938]
Predictor: race_is_multiracial_or_other, Mean AUC: 0.4948, AUC increase: -0.0052, 95% CI: [-0.0426, 0.0350], p-value: 0.6179, Mean Acc: 0.4891, Acc 95% CI: [0.4062, 0.5703]
Predictor: age, Mean AUC: 0.5122, AUC increase: 0.0122, 95% CI: [-0.0444, 0.0704], p-value: 0.3235, Mean Acc: 0.5050, Acc 95% CI: [0.4219, 0.5859]
Predictor: income_satisfaction, Mean AUC: 0.5075, AUC increase: 0.0075, 95% CI: [-0.0531, 0.0630], p-value: 0.3866, Mean Acc: 0.4998, Acc 95% CI: [0.4141, 0.5859]
Predictor: gad7_sum, Mean AUC: 0.6459, AUC increase: 0.1459, 95% CI: [0.0625, 0.2266], p-value: 0.0008, Mean Acc: 0.6460, Acc 95% CI: [0.5625, 0.7266]
Predictor: sds_sum, Mean AUC: 0.5957, AUC increase: 0.0957, 95% CI: [0.0185, 0.1767], p-value: 0.0073, Mean Acc: 0.5954, Acc 95% CI: [0.5078, 0.6797]
Predictor: alc_sum, Mean AUC: 0.5104, AUC increase: 0.0104, 95% CI: [-0.0522, 0.0929], p-value: 0.5058, Mean Acc: 0.5053, Acc 95% CI: [0.4141, 0.5938]
Predictor: study_arm_EVO, Mean AUC: 0.5117, AUC increase: 0.0117, 95% CI: [-0.0781, 0.0960], p-value: 0.3913, Mean Acc: 0.5038, Acc 95% CI: [0.4141, 0.5859]
Predictor: study_arm_HealthTips, Mean AUC: 0.4932, AUC increase: -0.0068, 95% CI: [-0.0882, 0.0703], p-value: 0.5671, Mean Acc: 0.4881, Acc 95% CI: [0.4062, 0.5703]
Predictor: study_arm_iPST, Mean AUC: 0.5064, AUC increase: 0.0064, 95% CI: [-0.0607, 0.0676], p-value: 0.4074, Mean Acc: 0.4978, Acc 95% CI: [0.4141, 0.5781]
Beam search: keeping top 5 predictors
Adding predictor gad7_sum. New AUC: 0.6459

Exploring path with predictors: ['gad7_sum']
Current AUC: 0.6459
Predictor: base_phq9, Mean AUC: 0.6459, AUC increase: 0.0000, 95% CI: [0.0000, 0.0000], p-value: 1.0000, Mean Acc: 0.6460, Acc 95% CI: [0.5625, 0.7266]
Predictor: gender, Mean AUC: 0.6459, AUC increase: 0.0000, 95% CI: [0.0000, 0.0000], p-value: 1.0000, Mean Acc: 0.6460, Acc 95% CI: [0.5625, 0.7266]
Predictor: education, Mean AUC: 0.6459, AUC increase: 0.0000, 95% CI: [0.0000, 0.0000], p-value: 1.0000, Mean Acc: 0.6460, Acc 95% CI: [0.5625, 0.7266]
Predictor: working, Mean AUC: 0.6459, AUC increase: 0.0000, 95% CI: [0.0000, 0.0000], p-value: 1.0000, Mean Acc: 0.6460, Acc 95% CI: [0.5625, 0.7266]
Predictor: marital_status, Mean AUC: 0.6459, AUC increase: 0.0000, 95% CI: [0.0000, 0.0000], p-value: 1.0000, Mean Acc: 0.6460, Acc 95% CI: [0.5625, 0.7266]
Predictor: race_is_latino, Mean AUC: 0.6459, AUC increase: 0.0000, 95% CI: [0.0000, 0.0000], p-value: 1.0000, Mean Acc: 0.6460, Acc 95% CI: [0.5625, 0.7266]
Predictor: race_is_black, Mean AUC: 0.6459, AUC increase: 0.0000, 95% CI: [0.0000, 0.0000], p-value: 1.0000, Mean Acc: 0.6460, Acc 95% CI: [0.5625, 0.7266]
Predictor: race_is_asian, Mean AUC: 0.6459, AUC increase: 0.0000, 95% CI: [0.0000, 0.0000], p-value: 1.0000, Mean Acc: 0.6460, Acc 95% CI: [0.5625, 0.7266]
Predictor: race_is_multiracial_or_other, Mean AUC: 0.6459, AUC increase: 0.0000, 95% CI: [0.0000, 0.0000], p-value: 1.0000, Mean Acc: 0.6460, Acc 95% CI: [0.5625, 0.7266]
Predictor: age, Mean AUC: 0.6459, AUC increase: 0.0000, 95% CI: [0.0000, 0.0000], p-value: 1.0000, Mean Acc: 0.6460, Acc 95% CI: [0.5625, 0.7266]
Predictor: income_satisfaction, Mean AUC: 0.6459, AUC increase: 0.0000, 95% CI: [0.0000, 0.0000], p-value: 1.0000, Mean Acc: 0.6460, Acc 95% CI: [0.5625, 0.7266]
Predictor: sds_sum, Mean AUC: 0.6433, AUC increase: -0.0025, 95% CI: [-0.0469, 0.0000], p-value: 0.9942, Mean Acc: 0.6434, Acc 95% CI: [0.5547, 0.7266]
Predictor: alc_sum, Mean AUC: 0.6459, AUC increase: 0.0000, 95% CI: [0.0000, 0.0000], p-value: 1.0000, Mean Acc: 0.6460, Acc 95% CI: [0.5625, 0.7266]
Predictor: study_arm_EVO, Mean AUC: 0.6459, AUC increase: 0.0000, 95% CI: [0.0000, 0.0000], p-value: 1.0000, Mean Acc: 0.6460, Acc 95% CI: [0.5625, 0.7266]
Predictor: study_arm_HealthTips, Mean AUC: 0.6459, AUC increase: 0.0000, 95% CI: [0.0000, 0.0000], p-value: 1.0000, Mean Acc: 0.6460, Acc 95% CI: [0.5625, 0.7266]
Predictor: study_arm_iPST, Mean AUC: 0.6459, AUC increase: 0.0000, 95% CI: [0.0000, 0.0000], p-value: 1.0000, Mean Acc: 0.6460, Acc 95% CI: [0.5625, 0.7266]
No predictors significantly improved the model. Stopping exploration for this path.
       outcome          model  ... complexity rf_n_estimators
0  mdd_improve  decision_tree  ...          1             100

[1 rows x 13 columns]
SAVING AS: results/sens_12wk/results_Brighten-v1/fwd_dt_depth_1_seed_0.csv
Total time (seconds): 599.9923360347748
