PLEASE NOTE: predictor 'mania_history' not in dataframe loaded from 'results/sens_12wk/miceRanger_imputed_formatted_Brighten-v1_all.csv'.
PLEASE NOTE: predictor 'psychosis_history' not in dataframe loaded from 'results/sens_12wk/miceRanger_imputed_formatted_Brighten-v1_all.csv'.

------- decision_tree predicting mdd_improve -------

Exploring models with complexity: 4

Exploring path with predictors: []
Current AUC: 0.5000
Predictor: base_phq9, Mean AUC: 0.5034, AUC increase: 0.0034, 95% CI: [-0.0945, 0.0975], p-value: 0.4709, Mean Acc: 0.5004, Acc 95% CI: [0.4141, 0.5859]
Predictor: gender, Mean AUC: 0.4943, AUC increase: -0.0057, 95% CI: [-0.0740, 0.0636], p-value: 0.5688, Mean Acc: 0.4900, Acc 95% CI: [0.4062, 0.5703]
Predictor: education, Mean AUC: 0.4946, AUC increase: -0.0054, 95% CI: [-0.0746, 0.0663], p-value: 0.5696, Mean Acc: 0.4899, Acc 95% CI: [0.4062, 0.5703]
Predictor: working, Mean AUC: 0.4991, AUC increase: -0.0009, 95% CI: [-0.0848, 0.0811], p-value: 0.5137, Mean Acc: 0.4950, Acc 95% CI: [0.4062, 0.5781]
Predictor: marital_status, Mean AUC: 0.4939, AUC increase: -0.0061, 95% CI: [-0.0775, 0.0672], p-value: 0.5788, Mean Acc: 0.4885, Acc 95% CI: [0.4062, 0.5703]
Predictor: race_is_latino, Mean AUC: 0.5005, AUC increase: 0.0005, 95% CI: [-0.0625, 0.0630], p-value: 0.4956, Mean Acc: 0.4938, Acc 95% CI: [0.4062, 0.5781]
Predictor: race_is_black, Mean AUC: 0.4983, AUC increase: -0.0017, 95% CI: [-0.0537, 0.0511], p-value: 0.5339, Mean Acc: 0.4914, Acc 95% CI: [0.4062, 0.5703]
Predictor: race_is_asian, Mean AUC: 0.5212, AUC increase: 0.0212, 95% CI: [-0.0279, 0.0685], p-value: 0.1893, Mean Acc: 0.5085, Acc 95% CI: [0.4219, 0.5938]
Predictor: race_is_multiracial_or_other, Mean AUC: 0.4948, AUC increase: -0.0052, 95% CI: [-0.0426, 0.0350], p-value: 0.6179, Mean Acc: 0.4891, Acc 95% CI: [0.4062, 0.5703]
Predictor: age, Mean AUC: 0.5336, AUC increase: 0.0336, 95% CI: [-0.0599, 0.1276], p-value: 0.2394, Mean Acc: 0.5257, Acc 95% CI: [0.4375, 0.6094]
Predictor: income_satisfaction, Mean AUC: 0.5075, AUC increase: 0.0075, 95% CI: [-0.0531, 0.0630], p-value: 0.3866, Mean Acc: 0.4998, Acc 95% CI: [0.4141, 0.5859]
Predictor: gad7_sum, Mean AUC: 0.6591, AUC increase: 0.1591, 95% CI: [0.0674, 0.2507], p-value: 0.0006, Mean Acc: 0.6343, Acc 95% CI: [0.5469, 0.7188]
Predictor: sds_sum, Mean AUC: 0.6239, AUC increase: 0.1239, 95% CI: [0.0275, 0.2161], p-value: 0.0064, Mean Acc: 0.5859, Acc 95% CI: [0.5000, 0.6719]
Predictor: alc_sum, Mean AUC: 0.5111, AUC increase: 0.0111, 95% CI: [-0.0867, 0.1110], p-value: 0.4186, Mean Acc: 0.5071, Acc 95% CI: [0.4141, 0.5938]
Predictor: study_arm_EVO, Mean AUC: 0.5117, AUC increase: 0.0117, 95% CI: [-0.0781, 0.0960], p-value: 0.3913, Mean Acc: 0.5038, Acc 95% CI: [0.4141, 0.5859]
Predictor: study_arm_HealthTips, Mean AUC: 0.4932, AUC increase: -0.0068, 95% CI: [-0.0882, 0.0703], p-value: 0.5671, Mean Acc: 0.4881, Acc 95% CI: [0.4062, 0.5703]
Predictor: study_arm_iPST, Mean AUC: 0.5064, AUC increase: 0.0064, 95% CI: [-0.0607, 0.0676], p-value: 0.4074, Mean Acc: 0.4978, Acc 95% CI: [0.4141, 0.5781]
Beam search: keeping top 5 predictors
Adding predictor gad7_sum. New AUC: 0.6591

Exploring path with predictors: ['gad7_sum']
Current AUC: 0.6591
Predictor: base_phq9, Mean AUC: 0.6650, AUC increase: 0.0059, 95% CI: [-0.0667, 0.0728], p-value: 0.4195, Mean Acc: 0.6354, Acc 95% CI: [0.5469, 0.7188]
Predictor: gender, Mean AUC: 0.6547, AUC increase: -0.0044, 95% CI: [-0.0513, 0.0346], p-value: 0.5779, Mean Acc: 0.6276, Acc 95% CI: [0.5391, 0.7109]
Predictor: education, Mean AUC: 0.6542, AUC increase: -0.0048, 95% CI: [-0.0492, 0.0299], p-value: 0.5825, Mean Acc: 0.6312, Acc 95% CI: [0.5469, 0.7188]
Predictor: working, Mean AUC: 0.6539, AUC increase: -0.0052, 95% CI: [-0.0527, 0.0321], p-value: 0.5886, Mean Acc: 0.6305, Acc 95% CI: [0.5391, 0.7188]
Predictor: marital_status, Mean AUC: 0.6521, AUC increase: -0.0069, 95% CI: [-0.0524, 0.0280], p-value: 0.6382, Mean Acc: 0.6303, Acc 95% CI: [0.5391, 0.7188]
Predictor: race_is_latino, Mean AUC: 0.6541, AUC increase: -0.0049, 95% CI: [-0.0473, 0.0317], p-value: 0.6168, Mean Acc: 0.6337, Acc 95% CI: [0.5469, 0.7188]
Predictor: race_is_black, Mean AUC: 0.6560, AUC increase: -0.0031, 95% CI: [-0.0417, 0.0301], p-value: 0.5695, Mean Acc: 0.6314, Acc 95% CI: [0.5469, 0.7188]
Predictor: race_is_asian, Mean AUC: 0.6583, AUC increase: -0.0007, 95% CI: [-0.0451, 0.0417], p-value: 0.5145, Mean Acc: 0.6337, Acc 95% CI: [0.5469, 0.7188]
Predictor: race_is_multiracial_or_other, Mean AUC: 0.6563, AUC increase: -0.0028, 95% CI: [-0.0448, 0.0337], p-value: 0.5493, Mean Acc: 0.6344, Acc 95% CI: [0.5469, 0.7188]
Predictor: age, Mean AUC: 0.6554, AUC increase: -0.0036, 95% CI: [-0.0759, 0.0632], p-value: 0.5330, Mean Acc: 0.6333, Acc 95% CI: [0.5391, 0.7188]
Predictor: income_satisfaction, Mean AUC: 0.6563, AUC increase: -0.0027, 95% CI: [-0.0446, 0.0357], p-value: 0.5576, Mean Acc: 0.6343, Acc 95% CI: [0.5469, 0.7188]
Predictor: sds_sum, Mean AUC: 0.6573, AUC increase: -0.0017, 95% CI: [-0.0722, 0.0648], p-value: 0.5105, Mean Acc: 0.6273, Acc 95% CI: [0.5312, 0.7188]
Predictor: alc_sum, Mean AUC: 0.6506, AUC increase: -0.0085, 95% CI: [-0.0721, 0.0486], p-value: 0.6087, Mean Acc: 0.6292, Acc 95% CI: [0.5391, 0.7188]
Predictor: study_arm_EVO, Mean AUC: 0.6580, AUC increase: -0.0010, 95% CI: [-0.0482, 0.0401], p-value: 0.5059, Mean Acc: 0.6318, Acc 95% CI: [0.5469, 0.7188]
Predictor: study_arm_HealthTips, Mean AUC: 0.6559, AUC increase: -0.0031, 95% CI: [-0.0487, 0.0351], p-value: 0.5534, Mean Acc: 0.6317, Acc 95% CI: [0.5469, 0.7188]
Predictor: study_arm_iPST, Mean AUC: 0.6540, AUC increase: -0.0051, 95% CI: [-0.0488, 0.0309], p-value: 0.5945, Mean Acc: 0.6326, Acc 95% CI: [0.5469, 0.7188]
No predictors significantly improved the model. Stopping exploration for this path.
       outcome          model  ... complexity rf_n_estimators
0  mdd_improve  decision_tree  ...          4             100

[1 rows x 13 columns]
SAVING AS: results/sens_12wk/results_Brighten-v1/fwd_dt_depth_4_seed_0.csv
Total time (seconds): 578.8284866809845
