PLEASE NOTE: predictor 'mania_history' not in dataframe loaded from 'results/sens_exclude_min/miceRanger_imputed_formatted_Brighten-v1_all.csv'.
PLEASE NOTE: predictor 'psychosis_history' not in dataframe loaded from 'results/sens_exclude_min/miceRanger_imputed_formatted_Brighten-v1_all.csv'.

------- decision_tree predicting mdd_improve -------

Exploring models with complexity: 3

Exploring path with predictors: []
Current AUC: 0.5000
Predictor: base_phq9, Mean AUC: 0.5055, AUC increase: 0.0055, 95% CI: [-0.1083, 0.1142], p-value: 0.4574, Mean Acc: 0.5739, Acc 95% CI: [0.4605, 0.6711]
Predictor: gender, Mean AUC: 0.4849, AUC increase: -0.0151, 95% CI: [-0.0996, 0.0667], p-value: 0.6351, Mean Acc: 0.6015, Acc 95% CI: [0.5000, 0.6974]
Predictor: education, Mean AUC: 0.4812, AUC increase: -0.0188, 95% CI: [-0.1022, 0.0587], p-value: 0.6641, Mean Acc: 0.6019, Acc 95% CI: [0.5000, 0.6974]
Predictor: working, Mean AUC: 0.4730, AUC increase: -0.0270, 95% CI: [-0.1136, 0.0540], p-value: 0.7367, Mean Acc: 0.6019, Acc 95% CI: [0.5000, 0.6974]
Predictor: marital_status, Mean AUC: 0.4810, AUC increase: -0.0190, 95% CI: [-0.1058, 0.0691], p-value: 0.6667, Mean Acc: 0.6014, Acc 95% CI: [0.5000, 0.6974]
Predictor: race_is_latino, Mean AUC: 0.5077, AUC increase: 0.0077, 95% CI: [-0.0846, 0.0865], p-value: 0.4082, Mean Acc: 0.5954, Acc 95% CI: [0.5000, 0.6974]
Predictor: race_is_black, Mean AUC: 0.5171, AUC increase: 0.0171, 95% CI: [-0.0472, 0.0783], p-value: 0.2836, Mean Acc: 0.5945, Acc 95% CI: [0.5000, 0.6974]
Predictor: race_is_asian, Mean AUC: 0.5163, AUC increase: 0.0163, 95% CI: [-0.0584, 0.0812], p-value: 0.3016, Mean Acc: 0.6019, Acc 95% CI: [0.5000, 0.6974]
Predictor: race_is_multiracial_or_other, Mean AUC: 0.4941, AUC increase: -0.0059, 95% CI: [-0.0568, 0.0426], p-value: 0.5934, Mean Acc: 0.6012, Acc 95% CI: [0.5000, 0.6974]
Predictor: age, Mean AUC: 0.4716, AUC increase: -0.0284, 95% CI: [-0.1323, 0.0604], p-value: 0.7288, Mean Acc: 0.5726, Acc 95% CI: [0.4605, 0.6711]
Predictor: income_satisfaction, Mean AUC: 0.4966, AUC increase: -0.0034, 95% CI: [-0.0764, 0.0722], p-value: 0.5395, Mean Acc: 0.5993, Acc 95% CI: [0.5000, 0.6974]
Predictor: gad7_sum, Mean AUC: 0.6448, AUC increase: 0.1448, 95% CI: [0.0290, 0.2563], p-value: 0.0062, Mean Acc: 0.6380, Acc 95% CI: [0.5263, 0.7368]
Predictor: sds_sum, Mean AUC: 0.5695, AUC increase: 0.0695, 95% CI: [-0.0455, 0.1835], p-value: 0.1155, Mean Acc: 0.5821, Acc 95% CI: [0.4737, 0.6842]
Predictor: alc_sum, Mean AUC: 0.5113, AUC increase: 0.0113, 95% CI: [-0.1075, 0.1240], p-value: 0.4199, Mean Acc: 0.5764, Acc 95% CI: [0.4737, 0.6711]
Predictor: study_arm_EVO, Mean AUC: 0.4924, AUC increase: -0.0076, 95% CI: [-0.1220, 0.0964], p-value: 0.5445, Mean Acc: 0.6017, Acc 95% CI: [0.5000, 0.6974]
Predictor: study_arm_HealthTips, Mean AUC: 0.4860, AUC increase: -0.0140, 95% CI: [-0.1215, 0.0847], p-value: 0.5858, Mean Acc: 0.6019, Acc 95% CI: [0.5000, 0.6974]
Predictor: study_arm_iPST, Mean AUC: 0.4816, AUC increase: -0.0184, 95% CI: [-0.0920, 0.0567], p-value: 0.6968, Mean Acc: 0.6017, Acc 95% CI: [0.5000, 0.6974]
No predictors significantly improved the model. Stopping exploration for this path.
Empty DataFrame
Columns: []
Index: []
SAVING AS: results/sens_exclude_min/results_Brighten-v1/fwd_dt_depth_3_seed_0.csv
Total time (seconds): 203.7309353351593
