
------- logistic_regression predicting response -------

Exploring models with complexity: 1

Exploring path with predictors: []
Current AUC: 0.5000
Predictor: base_phq9, AUC increase: 0.0675, 95% CI: [-0.0377, 0.1690], p-value: 0.1070, Mean coefs: {'base_phq9': -0.25252698408639174}, Coefs CI lower: {'base_phq9': -0.3695462493556609}, Coefs CI upper: {'base_phq9': -0.13888216424942218}
Predictor: gender, AUC increase: -0.0166, 95% CI: [-0.0891, 0.0530], p-value: 0.6753, Mean coefs: {'gender': 0.023750420864284767}, Coefs CI lower: {'gender': -0.09380547370297705}, Coefs CI upper: {'gender': 0.13882267079673072}
Predictor: education, AUC increase: -0.0134, 95% CI: [-0.0909, 0.0586], p-value: 0.6222, Mean coefs: {'education': 0.0325780124944361}, Coefs CI lower: {'education': -0.08747115772162038}, Coefs CI upper: {'education': 0.14540505754672162}
Predictor: working, AUC increase: -0.0163, 95% CI: [-0.1032, 0.0620], p-value: 0.6341, Mean coefs: {'working': 0.027080984966321553}, Coefs CI lower: {'working': -0.08840189659365097}, Coefs CI upper: {'working': 0.1444079825048087}
Predictor: marital_status, AUC increase: -0.0219, 95% CI: [-0.0924, 0.0456], p-value: 0.7318, Mean coefs: {'marital_status': -0.0111266410527988}, Coefs CI lower: {'marital_status': -0.12541098644488632}, Coefs CI upper: {'marital_status': 0.1010095676273019}
Predictor: race, AUC increase: 0.0070, 95% CI: [-0.1003, 0.0995], p-value: 0.4153, Mean coefs: {'race': 0.08148614127768111}, Coefs CI lower: {'race': -0.037091056020936305}, Coefs CI upper: {'race': 0.19784723493793702}
Predictor: age, AUC increase: 0.0177, 95% CI: [-0.1086, 0.1230], p-value: 0.3527, Mean coefs: {'age': -0.09956325394668147}, Coefs CI lower: {'age': -0.22421756094851797}, Coefs CI upper: {'age': 0.016989170850560936}
Predictor: income_satisfaction, AUC increase: -0.0011, 95% CI: [-0.0633, 0.0618], p-value: 0.5238, Mean coefs: {'income_satisfaction': 0.03998634352570448}, Coefs CI lower: {'income_satisfaction': -0.1352697210579091}, Coefs CI upper: {'income_satisfaction': 0.26274473718305663}
Predictor: gad7_sum, AUC increase: 0.1441, 95% CI: [0.0447, 0.2434], p-value: 0.0033, Mean coefs: {'gad7_sum': -0.5222462572482347}, Coefs CI lower: {'gad7_sum': -0.6504024248039562}, Coefs CI upper: {'gad7_sum': -0.39699264223720787}
Predictor: sds_sum, AUC increase: 0.1409, 95% CI: [0.0378, 0.2424], p-value: 0.0055, Mean coefs: {'sds_sum': -0.4933529479870397}, Coefs CI lower: {'sds_sum': -0.6200750245472331}, Coefs CI upper: {'sds_sum': -0.37353696522670976}
Predictor: alc_sum, AUC increase: 0.0002, 95% CI: [-0.1135, 0.1053], p-value: 0.4896, Mean coefs: {'alc_sum': -0.07370894038189164}, Coefs CI lower: {'alc_sum': -0.19367739413253487}, Coefs CI upper: {'alc_sum': 0.044233756384998026}
Predictor: mania_history, AUC increase: 0.0131, 95% CI: [-0.0813, 0.0883], p-value: 0.3559, Mean coefs: {'mania_history': -0.09584144341404036}, Coefs CI lower: {'mania_history': -0.21550592393294227}, Coefs CI upper: {'mania_history': 0.02026529954511024}
Predictor: psychosis_history, AUC increase: 0.0050, 95% CI: [-0.0149, 0.0246], p-value: 0.4241, Mean coefs: {'psychosis_history': -0.15976436089981244}, Coefs CI lower: {'psychosis_history': -0.4592273164095505}, Coefs CI upper: {'psychosis_history': -0.000473490695713945}
Predictor: study_arm_EVO, AUC increase: -0.0152, 95% CI: [-0.1036, 0.0714], p-value: 0.6255, Mean coefs: {'study_arm_EVO': 0.035371599354966934}, Coefs CI lower: {'study_arm_EVO': -0.07939663669908874}, Coefs CI upper: {'study_arm_EVO': 0.15166336171999764}
Predictor: study_arm_HealthTips, AUC increase: 0.0007, 95% CI: [-0.1049, 0.0913], p-value: 0.4719, Mean coefs: {'study_arm_HealthTips': -0.06785542859117556}, Coefs CI lower: {'study_arm_HealthTips': -0.18179645602132408}, Coefs CI upper: {'study_arm_HealthTips': 0.04187816508607315}
Predictor: study_arm_iPST, AUC increase: -0.0101, 95% CI: [-0.0815, 0.0601], p-value: 0.6068, Mean coefs: {'study_arm_iPST': 0.040975035259776305}, Coefs CI lower: {'study_arm_iPST': -0.08149367682403241}, Coefs CI upper: {'study_arm_iPST': 0.1616175604400299}
Beam search: keeping top 5 predictors
Adding predictor gad7_sum. New AUC: 0.6441
Adding predictor sds_sum. New AUC: 0.6409

Exploring path with predictors: ['gad7_sum']
Current AUC: 0.6441
Predictor: base_phq9, AUC increase: -0.0046, 95% CI: [-0.0281, 0.0059], p-value: 0.7129, Mean coefs: {'base_phq9': -0.00905374196218138, 'gad7_sum': -0.5182594961355973}, Coefs CI lower: {'base_phq9': -0.1445990393232351, 'gad7_sum': -0.6658407716613702}, Coefs CI upper: {'base_phq9': 0.12372114323410277, 'gad7_sum': -0.37992625125861884}
Predictor: gender, AUC increase: -0.0047, 95% CI: [-0.0338, 0.0080], p-value: 0.6602, Mean coefs: {'gad7_sum': -0.527626542031027, 'gender': -0.039214754531430654}, Coefs CI lower: {'gad7_sum': -0.6566520278379453, 'gender': -0.16266847593143266}, Coefs CI upper: {'gad7_sum': -0.4003155480413235, 'gender': 0.07934344740913031}
Predictor: education, AUC increase: -0.0047, 95% CI: [-0.0324, 0.0055], p-value: 0.6956, Mean coefs: {'education': 0.024352526571549613, 'gad7_sum': -0.5221058452985629}, Coefs CI lower: {'education': -0.09982565839859694, 'gad7_sum': -0.6497787101500759}, Coefs CI upper: {'education': 0.13928890137713873, 'gad7_sum': -0.3965984797692713}
Predictor: working, AUC increase: -0.0043, 95% CI: [-0.0309, 0.0062], p-value: 0.6608, Mean coefs: {'gad7_sum': -0.5227170847185872, 'working': 0.027668784798014833}, Coefs CI lower: {'gad7_sum': -0.6507695004357401, 'working': -0.09229292453361514}, Coefs CI upper: {'gad7_sum': -0.3969431852023713, 'working': 0.14943965101013143}
Predictor: marital_status, AUC increase: -0.0045, 95% CI: [-0.0287, 0.0054], p-value: 0.6982, Mean coefs: {'gad7_sum': -0.5231334807332372, 'marital_status': -0.022703135240799924}, Coefs CI lower: {'gad7_sum': -0.6510171845307385, 'marital_status': -0.14174814304127123}, Coefs CI upper: {'gad7_sum': -0.39737530255993214, 'marital_status': 0.09303097795184004}
Predictor: race, AUC increase: -0.0030, 95% CI: [-0.0377, 0.0167], p-value: 0.5175, Mean coefs: {'gad7_sum': -0.5233087399670902, 'race': 0.08439643616284545}, Coefs CI lower: {'gad7_sum': -0.6516817320664039, 'race': -0.03965374749533087}, Coefs CI upper: {'gad7_sum': -0.39761387839828927, 'race': 0.2061219505870476}
Predictor: age, AUC increase: -0.0000, 95% CI: [-0.0465, 0.0284], p-value: 0.4069, Mean coefs: {'age': -0.15163315461412968, 'gad7_sum': -0.538722906051733}, Coefs CI lower: {'age': -0.27737653056906586, 'gad7_sum': -0.6687110688586311}, Coefs CI upper: {'age': -0.031656080698792124, 'gad7_sum': -0.41070057597867593}
Predictor: income_satisfaction, AUC increase: -0.0028, 95% CI: [-0.0334, 0.0188], p-value: 0.5815, Mean coefs: {'gad7_sum': -0.523162243751218, 'income_satisfaction': 0.031524772936858486}, Coefs CI lower: {'gad7_sum': -0.6500599759511045, 'income_satisfaction': -0.15454668765579144}, Coefs CI upper: {'gad7_sum': -0.3973042979485849, 'income_satisfaction': 0.2597145329446091}
Predictor: sds_sum, AUC increase: 0.0134, 95% CI: [-0.0461, 0.0575], p-value: 0.2552, Mean coefs: {'gad7_sum': -0.35886606682669064, 'sds_sum': -0.30985220337770686}, Coefs CI lower: {'gad7_sum': -0.5077885252991702, 'sds_sum': -0.4567178447297873}, Coefs CI upper: {'gad7_sum': -0.209664323817628, 'sds_sum': -0.162597499537765}
Predictor: alc_sum, AUC increase: -0.0037, 95% CI: [-0.0333, 0.0111], p-value: 0.5869, Mean coefs: {'alc_sum': -0.05804091300143782, 'gad7_sum': -0.5208444012763973}, Coefs CI lower: {'alc_sum': -0.18595493301112034, 'gad7_sum': -0.6488303465760618}, Coefs CI upper: {'alc_sum': 0.06719434727689856, 'gad7_sum': -0.39525351654966057}
Predictor: mania_history, AUC increase: -0.0045, 95% CI: [-0.0283, 0.0057], p-value: 0.6967, Mean coefs: {'gad7_sum': -0.5197227177804965, 'mania_history': -0.01973928099904799}, Coefs CI lower: {'gad7_sum': -0.6484987252853002, 'mania_history': -0.14401686910427317}, Coefs CI upper: {'gad7_sum': -0.39400472743752873, 'mania_history': 0.1018186850347034}
Predictor: psychosis_history, AUC increase: 0.0001, 95% CI: [-0.0103, 0.0062], p-value: 0.5269, Mean coefs: {'gad7_sum': -0.5168335860646385, 'psychosis_history': -0.11872306329011835}, Coefs CI lower: {'gad7_sum': -0.6446048364385243, 'psychosis_history': -0.4314727238391376}, Coefs CI upper: {'gad7_sum': -0.3916145012811121, 'psychosis_history': 0.042585197631869694}
Predictor: study_arm_EVO, AUC increase: -0.0042, 95% CI: [-0.0288, 0.0061], p-value: 0.6780, Mean coefs: {'gad7_sum': -0.522023460668213, 'study_arm_EVO': 0.01779031921876608}, Coefs CI lower: {'gad7_sum': -0.6495908835842542, 'study_arm_EVO': -0.1001208858285786}, Coefs CI upper: {'gad7_sum': -0.3969113023010921, 'study_arm_EVO': 0.13885154879873726}
Predictor: study_arm_HealthTips, AUC increase: -0.0030, 95% CI: [-0.0331, 0.0129], p-value: 0.5485, Mean coefs: {'gad7_sum': -0.5216677376550038, 'study_arm_HealthTips': -0.05805858512630233}, Coefs CI lower: {'gad7_sum': -0.649782128562938, 'study_arm_HealthTips': -0.1764579347531943}, Coefs CI upper: {'gad7_sum': -0.3963326572094233, 'study_arm_HealthTips': 0.05797204339643837}
Predictor: study_arm_iPST, AUC increase: -0.0036, 95% CI: [-0.0326, 0.0119], p-value: 0.5850, Mean coefs: {'gad7_sum': -0.5236685882374541, 'study_arm_iPST': 0.05085943199901667}, Coefs CI lower: {'gad7_sum': -0.6524115720354832, 'study_arm_iPST': -0.07503139442811718}, Coefs CI upper: {'gad7_sum': -0.3975637505701168, 'study_arm_iPST': 0.17484780082498963}
No predictors significantly improved the model. Stopping exploration for this path.

Exploring path with predictors: ['sds_sum']
Current AUC: 0.6409
Predictor: base_phq9, AUC increase: -0.0023, 95% CI: [-0.0387, 0.0169], p-value: 0.4752, Mean coefs: {'base_phq9': -0.08904454869149228, 'sds_sum': -0.46215236662676107}, Coefs CI lower: {'base_phq9': -0.21113789192789761, 'sds_sum': -0.594730478751699}, Coefs CI upper: {'base_phq9': 0.03354698088957159, 'sds_sum': -0.33219177743340483}
Predictor: gender, AUC increase: -0.0064, 95% CI: [-0.0387, 0.0053], p-value: 0.7310, Mean coefs: {'gender': -0.01919210931177691, 'sds_sum': -0.4954418523329872}, Coefs CI lower: {'gender': -0.14238674146712477, 'sds_sum': -0.6225158808628729}, Coefs CI upper: {'gender': 0.099444517410869, 'sds_sum': -0.3765715441376643}
Predictor: education, AUC increase: -0.0037, 95% CI: [-0.0352, 0.0115], p-value: 0.5699, Mean coefs: {'education': 0.06351996575114364, 'sds_sum': -0.4980087292875411}, Coefs CI lower: {'education': -0.06326717066283215, 'sds_sum': -0.6274265121761458}, Coefs CI upper: {'education': 0.18117663432233297, 'sds_sum': -0.37768317470949936}
Predictor: working, AUC increase: -0.0051, 95% CI: [-0.0333, 0.0062], p-value: 0.7060, Mean coefs: {'sds_sum': -0.49498561760328874, 'working': -0.013781437593530609}, Coefs CI lower: {'sds_sum': -0.6225165350835632, 'working': -0.13664912118833072}, Coefs CI upper: {'sds_sum': -0.37520015309126814, 'working': 0.10672119761467187}
Predictor: marital_status, AUC increase: -0.0051, 95% CI: [-0.0308, 0.0049], p-value: 0.7217, Mean coefs: {'marital_status': 0.0067562052508479, 'sds_sum': -0.4940023072866252}, Coefs CI lower: {'marital_status': -0.1122603436694377, 'sds_sum': -0.6215462145443985}, Coefs CI upper: {'marital_status': 0.12537226592560588, 'sds_sum': -0.37384588222496995}
Predictor: race, AUC increase: -0.0047, 95% CI: [-0.0376, 0.0124], p-value: 0.6196, Mean coefs: {'race': 0.06133847217815369, 'sds_sum': -0.4909308539879755}, Coefs CI lower: {'race': -0.06172522688441638, 'sds_sum': -0.6186454753347506}, Coefs CI upper: {'race': 0.18286598789198671, 'sds_sum': -0.3716771614711876}
Predictor: age, AUC increase: -0.0045, 95% CI: [-0.0408, 0.0130], p-value: 0.5852, Mean coefs: {'age': -0.06296281518238528, 'sds_sum': -0.48879659093980155}, Coefs CI lower: {'age': -0.18733253702525404, 'sds_sum': -0.6177669557063715}, Coefs CI upper: {'age': 0.057098962860833505, 'sds_sum': -0.36896795902804397}
Predictor: income_satisfaction, AUC increase: -0.0034, 95% CI: [-0.0396, 0.0218], p-value: 0.5783, Mean coefs: {'income_satisfaction': 0.06519464374862496, 'sds_sum': -0.49881231786692753}, Coefs CI lower: {'income_satisfaction': -0.12393178402809302, 'sds_sum': -0.6260911364829497}, Coefs CI upper: {'income_satisfaction': 0.30704114236601704, 'sds_sum': -0.37569614204852375}
Predictor: gad7_sum, AUC increase: 0.0167, 95% CI: [-0.0523, 0.0705], p-value: 0.2677, Mean coefs: {'gad7_sum': -0.35886606682669064, 'sds_sum': -0.30985220337770686}, Coefs CI lower: {'gad7_sum': -0.5077885252991702, 'sds_sum': -0.4567178447297873}, Coefs CI upper: {'gad7_sum': -0.209664323817628, 'sds_sum': -0.162597499537765}
Predictor: alc_sum, AUC increase: -0.0033, 95% CI: [-0.0383, 0.0149], p-value: 0.5366, Mean coefs: {'alc_sum': -0.07468815599646716, 'sds_sum': -0.4936660135276292}, Coefs CI lower: {'alc_sum': -0.19780534182430634, 'sds_sum': -0.6212488732663595}, Coefs CI upper: {'alc_sum': 0.04718100260868414, 'sds_sum': -0.3737359884345137}
Predictor: mania_history, AUC increase: -0.0049, 95% CI: [-0.0322, 0.0071], p-value: 0.6850, Mean coefs: {'mania_history': -0.024008478964677827, 'sds_sum': -0.49029222709977194}, Coefs CI lower: {'mania_history': -0.14690011657322924, 'sds_sum': -0.6169476113138462}, Coefs CI upper: {'mania_history': 0.09730880905773352, 'sds_sum': -0.3701103681881608}
Predictor: psychosis_history, AUC increase: -0.0014, 95% CI: [-0.0176, 0.0074], p-value: 0.5159, Mean coefs: {'psychosis_history': -0.1256716451913942, 'sds_sum': -0.487412473206666}, Coefs CI lower: {'psychosis_history': -0.4278933815527938, 'sds_sum': -0.6134622008200876}, Coefs CI upper: {'psychosis_history': 0.026988095962068654, 'sds_sum': -0.3676101001921863}
Predictor: study_arm_EVO, AUC increase: -0.0049, 95% CI: [-0.0324, 0.0068], p-value: 0.6841, Mean coefs: {'sds_sum': -0.49323588318966005, 'study_arm_EVO': 0.023209052204997586}, Coefs CI lower: {'sds_sum': -0.6208898468260089, 'study_arm_EVO': -0.09488682169400389}, Coefs CI upper: {'sds_sum': -0.37360019153649804, 'study_arm_EVO': 0.14249180519522162}
Predictor: study_arm_HealthTips, AUC increase: -0.0061, 95% CI: [-0.0373, 0.0068], p-value: 0.7076, Mean coefs: {'sds_sum': -0.49167993596445775, 'study_arm_HealthTips': -0.042968190998093216}, Coefs CI lower: {'sds_sum': -0.6192813023760865, 'study_arm_HealthTips': -0.16229288798852035}, Coefs CI upper: {'sds_sum': -0.3714827793784704, 'study_arm_HealthTips': 0.07205031062502633}
Predictor: study_arm_iPST, AUC increase: -0.0053, 95% CI: [-0.0338, 0.0062], p-value: 0.7060, Mean coefs: {'sds_sum': -0.4929217253101686, 'study_arm_iPST': 0.02457965352819491}, Coefs CI lower: {'sds_sum': -0.621289323794539, 'study_arm_iPST': -0.10472769120675338}, Coefs CI upper: {'sds_sum': -0.37325054796070073, 'study_arm_iPST': 0.14883053334583227}
No predictors significantly improved the model. Stopping exploration for this path.

------- knn predicting response -------

Exploring models with complexity: 1

Exploring path with predictors: []
Current AUC: 0.5000
Predictor: base_phq9, AUC increase: 0.0096, 95% CI: [-0.0930, 0.1115], p-value: 0.4297
Predictor: gender, AUC increase: -0.0015, 95% CI: [-0.0750, 0.0704], p-value: 0.6820
Predictor: education, AUC increase: -0.0011, 95% CI: [-0.0749, 0.0714], p-value: 0.6762
Predictor: working, AUC increase: -0.0016, 95% CI: [-0.0830, 0.0801], p-value: 0.6764
Predictor: marital_status, AUC increase: -0.0015, 95% CI: [-0.0763, 0.0705], p-value: 0.6780
Predictor: race, AUC increase: 0.0002, 95% CI: [-0.0915, 0.0909], p-value: 0.6557
Predictor: age, AUC increase: 0.0049, 95% CI: [-0.1013, 0.1132], p-value: 0.4685
Predictor: income_satisfaction, AUC increase: -0.0001, 95% CI: [-0.0577, 0.0574], p-value: 0.6697
Predictor: gad7_sum, AUC increase: 0.0716, 95% CI: [-0.0477, 0.1821], p-value: 0.1124
Predictor: sds_sum, AUC increase: 0.0574, 95% CI: [-0.0552, 0.1665], p-value: 0.1577
Predictor: alc_sum, AUC increase: -0.0072, 95% CI: [-0.1051, 0.0894], p-value: 0.5585
Predictor: mania_history, AUC increase: 0.0005, 95% CI: [-0.0783, 0.0776], p-value: 0.6590
Predictor: psychosis_history, AUC increase: 0.0012, 95% CI: [-0.0169, 0.0192], p-value: 0.6998
Predictor: study_arm_EVO, AUC increase: -0.0010, 95% CI: [-0.0859, 0.0852], p-value: 0.6751
Predictor: study_arm_HealthTips, AUC increase: -0.0006, 95% CI: [-0.0887, 0.0880], p-value: 0.6696
Predictor: study_arm_iPST, AUC increase: -0.0013, 95% CI: [-0.0681, 0.0661], p-value: 0.6820
No predictors significantly improved the model. Stopping exploration for this path.

------- svm predicting response -------

Exploring models with complexity: 1

Exploring path with predictors: []
Current AUC: 0.5000
Predictor: base_phq9, AUC increase: -0.0066, 95% CI: [-0.1501, 0.1456], p-value: 0.5421
Predictor: gender, AUC increase: -0.0006, 95% CI: [-0.0777, 0.0750], p-value: 0.5919
Predictor: education, AUC increase: -0.0000, 95% CI: [-0.0768, 0.0785], p-value: 0.5760
Predictor: working, AUC increase: -0.0003, 95% CI: [-0.0852, 0.0858], p-value: 0.6186
Predictor: marital_status, AUC increase: -0.0011, 95% CI: [-0.0802, 0.0778], p-value: 0.5762
Predictor: race, AUC increase: 0.0006, 95% CI: [-0.0992, 0.0969], p-value: 0.5199
Predictor: age, AUC increase: -0.0005, 95% CI: [-0.1179, 0.1182], p-value: 0.5038
Predictor: income_satisfaction, AUC increase: 0.0002, 95% CI: [-0.0606, 0.0598], p-value: 0.5798
Predictor: gad7_sum, AUC increase: 0.0340, 95% CI: [-0.2252, 0.2301], p-value: 0.3615
Predictor: sds_sum, AUC increase: 0.0705, 95% CI: [-0.2205, 0.2299], p-value: 0.2239
Predictor: alc_sum, AUC increase: 0.0004, 95% CI: [-0.1101, 0.1096], p-value: 0.5010
Predictor: mania_history, AUC increase: 0.0003, 95% CI: [-0.0821, 0.0813], p-value: 0.5816
Predictor: psychosis_history, AUC increase: -0.0001, 95% CI: [-0.0185, 0.0182], p-value: 0.7319
Predictor: study_arm_EVO, AUC increase: -0.0021, 95% CI: [-0.0929, 0.0873], p-value: 0.5552
Predictor: study_arm_HealthTips, AUC increase: -0.0002, 95% CI: [-0.0962, 0.0950], p-value: 0.5432
Predictor: study_arm_iPST, AUC increase: 0.0003, 95% CI: [-0.0682, 0.0694], p-value: 0.6115
No predictors significantly improved the model. Stopping exploration for this path.
    outcome                model  ... complexity rf_n_estimators
0  response  logistic_regression  ...          1             100
1  response  logistic_regression  ...          1             100

[2 rows x 10 columns]
SAVING AS: results_Brighten-v1/fwd_fast_depth_1_seed_0.csv
Total time (seconds): 6186.703734636307
