
------- decision_tree predicting response -------

Exploring models with complexity: 1

Exploring path with predictors: []
Current AUC: 0.5000
Predictor: base_phq9, AUC increase: 0.0469, 95% CI: [-0.0305, 0.1241], p-value: 0.1232
Predictor: gender, AUC increase: -0.0166, 95% CI: [-0.0891, 0.0530], p-value: 0.6753
Predictor: education, AUC increase: -0.0134, 95% CI: [-0.0909, 0.0586], p-value: 0.6222
Predictor: working, AUC increase: -0.0163, 95% CI: [-0.1032, 0.0620], p-value: 0.6341
Predictor: marital_status, AUC increase: -0.0219, 95% CI: [-0.0924, 0.0456], p-value: 0.7318
Predictor: race, AUC increase: 0.0070, 95% CI: [-0.1003, 0.0995], p-value: 0.4153
Predictor: age, AUC increase: 0.0004, 95% CI: [-0.0697, 0.0778], p-value: 0.6139
Predictor: income_satisfaction, AUC increase: -0.0011, 95% CI: [-0.0633, 0.0618], p-value: 0.5238
Predictor: gad7_sum, AUC increase: 0.1308, 95% CI: [0.0388, 0.2211], p-value: 0.0029
Predictor: sds_sum, AUC increase: 0.1041, 95% CI: [0.0092, 0.1962], p-value: 0.0161
Predictor: alc_sum, AUC increase: -0.0088, 95% CI: [-0.0821, 0.0544], p-value: 0.6544
Predictor: mania_history, AUC increase: 0.0131, 95% CI: [-0.0813, 0.0883], p-value: 0.3559
Predictor: psychosis_history, AUC increase: 0.0050, 95% CI: [-0.0149, 0.0246], p-value: 0.4241
Predictor: study_arm_EVO, AUC increase: -0.0152, 95% CI: [-0.1036, 0.0714], p-value: 0.6255
Predictor: study_arm_HealthTips, AUC increase: 0.0007, 95% CI: [-0.1049, 0.0913], p-value: 0.4719
Predictor: study_arm_iPST, AUC increase: -0.0101, 95% CI: [-0.0815, 0.0601], p-value: 0.6068
Beam search: keeping top 5 predictors
Adding predictor gad7_sum. New AUC: 0.6308

Exploring path with predictors: ['gad7_sum']
Current AUC: 0.6308
Predictor: base_phq9, AUC increase: 0.0000, 95% CI: [0.0000, 0.0000], p-value: 1.0000
Predictor: gender, AUC increase: 0.0000, 95% CI: [0.0000, 0.0000], p-value: 1.0000
Predictor: education, AUC increase: 0.0000, 95% CI: [0.0000, 0.0000], p-value: 1.0000
Predictor: working, AUC increase: 0.0000, 95% CI: [0.0000, 0.0000], p-value: 1.0000
Predictor: marital_status, AUC increase: 0.0000, 95% CI: [0.0000, 0.0000], p-value: 1.0000
Predictor: race, AUC increase: 0.0000, 95% CI: [0.0000, 0.0000], p-value: 1.0000
Predictor: age, AUC increase: 0.0000, 95% CI: [0.0000, 0.0000], p-value: 1.0000
Predictor: income_satisfaction, AUC increase: 0.0000, 95% CI: [0.0000, 0.0000], p-value: 1.0000
Predictor: sds_sum, AUC increase: -0.0101, 95% CI: [-0.1136, 0.0000], p-value: 0.9750
Predictor: alc_sum, AUC increase: 0.0000, 95% CI: [0.0000, 0.0000], p-value: 1.0000
Predictor: mania_history, AUC increase: 0.0000, 95% CI: [0.0000, 0.0000], p-value: 1.0000
Predictor: psychosis_history, AUC increase: 0.0000, 95% CI: [0.0000, 0.0000], p-value: 1.0000
Predictor: study_arm_EVO, AUC increase: 0.0000, 95% CI: [0.0000, 0.0000], p-value: 1.0000
Predictor: study_arm_HealthTips, AUC increase: 0.0000, 95% CI: [0.0000, 0.0000], p-value: 1.0000
Predictor: study_arm_iPST, AUC increase: 0.0000, 95% CI: [0.0000, 0.0000], p-value: 1.0000
No predictors significantly improved the model. Stopping exploration for this path.
    outcome          model  predictors  ... p_value  complexity  rf_n_estimators
0  response  decision_tree  [gad7_sum]  ...  0.0029           1              100

[1 rows x 10 columns]
SAVING AS: results_Brighten-v1/fwd_dt_depth_1_seed_0.csv
Total time (seconds): 1516.9292542934418
