
------- random_forest predicting response -------

Exploring models with complexity: 2

Exploring path with predictors: []
Current AUC: 0.5000
Predictor: base_phq9, AUC increase: 0.0363, 95% CI: [-0.0658, 0.1370], p-value: 0.2418
Predictor: gender, AUC increase: -0.0166, 95% CI: [-0.0867, 0.0546], p-value: 0.6764
Predictor: education, AUC increase: -0.0126, 95% CI: [-0.0897, 0.0596], p-value: 0.6244
Predictor: working, AUC increase: -0.0162, 95% CI: [-0.0994, 0.0631], p-value: 0.6374
Predictor: marital_status, AUC increase: -0.0214, 95% CI: [-0.0925, 0.0468], p-value: 0.7260
Predictor: race, AUC increase: 0.0058, 95% CI: [-0.0996, 0.0981], p-value: 0.4235
Predictor: age, AUC increase: 0.0047, 95% CI: [-0.0988, 0.1114], p-value: 0.4697
Predictor: income_satisfaction, AUC increase: -0.0005, 95% CI: [-0.0648, 0.0638], p-value: 0.5125
Predictor: gad7_sum, AUC increase: 0.1517, 95% CI: [0.0495, 0.2507], p-value: 0.0023
Predictor: sds_sum, AUC increase: 0.1338, 95% CI: [0.0268, 0.2372], p-value: 0.0058
Predictor: alc_sum, AUC increase: -0.0317, 95% CI: [-0.1322, 0.0704], p-value: 0.7326
Predictor: mania_history, AUC increase: 0.0118, 95% CI: [-0.0833, 0.0874], p-value: 0.3672
Predictor: psychosis_history, AUC increase: 0.0049, 95% CI: [-0.0152, 0.0246], p-value: 0.4275
Predictor: study_arm_EVO, AUC increase: -0.0156, 95% CI: [-0.1042, 0.0724], p-value: 0.6339
Predictor: study_arm_HealthTips, AUC increase: -0.0004, 95% CI: [-0.1052, 0.0900], p-value: 0.4780
Predictor: study_arm_iPST, AUC increase: -0.0100, 95% CI: [-0.0797, 0.0595], p-value: 0.6094
Beam search: keeping top 5 predictors
Adding predictor gad7_sum. New AUC: 0.6517
Adding predictor sds_sum. New AUC: 0.6338

Exploring path with predictors: ['gad7_sum']
Current AUC: 0.6517
Predictor: base_phq9, AUC increase: -0.0077, 95% CI: [-0.0620, 0.0434], p-value: 0.6091
Predictor: gender, AUC increase: -0.0081, 95% CI: [-0.0511, 0.0363], p-value: 0.6610
Predictor: education, AUC increase: 0.0023, 95% CI: [-0.0448, 0.0500], p-value: 0.4529
Predictor: working, AUC increase: -0.0131, 95% CI: [-0.0595, 0.0309], p-value: 0.7338
Predictor: marital_status, AUC increase: 0.0031, 95% CI: [-0.0439, 0.0540], p-value: 0.4497
Predictor: race, AUC increase: -0.0018, 95% CI: [-0.0494, 0.0453], p-value: 0.5299
Predictor: age, AUC increase: 0.0091, 95% CI: [-0.0477, 0.0640], p-value: 0.3640
Predictor: income_satisfaction, AUC increase: -0.0012, 95% CI: [-0.0410, 0.0415], p-value: 0.5360
Predictor: sds_sum, AUC increase: 0.0180, 95% CI: [-0.0498, 0.0831], p-value: 0.2879
Predictor: alc_sum, AUC increase: -0.0168, 95% CI: [-0.0715, 0.0337], p-value: 0.7502
Predictor: mania_history, AUC increase: -0.0061, 95% CI: [-0.0500, 0.0383], p-value: 0.6194
Predictor: psychosis_history, AUC increase: 0.0005, 95% CI: [-0.0265, 0.0325], p-value: 0.5079
Predictor: study_arm_EVO, AUC increase: -0.0060, 95% CI: [-0.0536, 0.0414], p-value: 0.6057
Predictor: study_arm_HealthTips, AUC increase: 0.0010, 95% CI: [-0.0504, 0.0493], p-value: 0.4757
Predictor: study_arm_iPST, AUC increase: 0.0008, 95% CI: [-0.0423, 0.0436], p-value: 0.4827
No predictors significantly improved the model. Stopping exploration for this path.

Exploring path with predictors: ['sds_sum']
Current AUC: 0.6338
Predictor: base_phq9, AUC increase: 0.0031, 95% CI: [-0.0567, 0.0564], p-value: 0.4390
Predictor: gender, AUC increase: -0.0005, 95% CI: [-0.0384, 0.0397], p-value: 0.5237
Predictor: education, AUC increase: -0.0050, 95% CI: [-0.0451, 0.0340], p-value: 0.6078
Predictor: working, AUC increase: -0.0007, 95% CI: [-0.0447, 0.0428], p-value: 0.5124
Predictor: marital_status, AUC increase: -0.0058, 95% CI: [-0.0442, 0.0351], p-value: 0.6462
Predictor: race, AUC increase: -0.0006, 95% CI: [-0.0432, 0.0416], p-value: 0.5119
Predictor: age, AUC increase: -0.0074, 95% CI: [-0.0642, 0.0425], p-value: 0.6025
Predictor: income_satisfaction, AUC increase: 0.0021, 95% CI: [-0.0374, 0.0441], p-value: 0.4601
Predictor: gad7_sum, AUC increase: 0.0358, 95% CI: [-0.0299, 0.1019], p-value: 0.1352
Predictor: alc_sum, AUC increase: -0.0024, 95% CI: [-0.0593, 0.0477], p-value: 0.5212
Predictor: mania_history, AUC increase: 0.0100, 95% CI: [-0.0307, 0.0542], p-value: 0.3019
Predictor: psychosis_history, AUC increase: 0.0021, 95% CI: [-0.0235, 0.0326], p-value: 0.4408
Predictor: study_arm_EVO, AUC increase: -0.0060, 95% CI: [-0.0480, 0.0362], p-value: 0.6321
Predictor: study_arm_HealthTips, AUC increase: -0.0045, 95% CI: [-0.0481, 0.0389], p-value: 0.5977
Predictor: study_arm_iPST, AUC increase: 0.0039, 95% CI: [-0.0345, 0.0455], p-value: 0.4237
No predictors significantly improved the model. Stopping exploration for this path.
    outcome          model  predictors  ... p_value  complexity  rf_n_estimators
0  response  random_forest  [gad7_sum]  ...  0.0023           2              100
1  response  random_forest   [sds_sum]  ...  0.0058           2              100

[2 rows x 10 columns]
SAVING AS: results_Brighten-v1/fwd_rf_depth_2_seed_0.csv
Total time (seconds): 33694.48521018028
