
------- decision_tree predicting response -------

Exploring models with complexity: 3

Exploring path with predictors: []
Current AUC: 0.5000
Predictor: base_phq9, AUC increase: 0.0202, 95% CI: [-0.0773, 0.1158], p-value: 0.3392
Predictor: gender, AUC increase: -0.0166, 95% CI: [-0.0891, 0.0530], p-value: 0.6753
Predictor: education, AUC increase: -0.0134, 95% CI: [-0.0909, 0.0586], p-value: 0.6222
Predictor: working, AUC increase: -0.0163, 95% CI: [-0.1032, 0.0620], p-value: 0.6341
Predictor: marital_status, AUC increase: -0.0219, 95% CI: [-0.0924, 0.0456], p-value: 0.7318
Predictor: race, AUC increase: 0.0070, 95% CI: [-0.1003, 0.0995], p-value: 0.4153
Predictor: age, AUC increase: -0.0008, 95% CI: [-0.0936, 0.0937], p-value: 0.5213
Predictor: income_satisfaction, AUC increase: -0.0011, 95% CI: [-0.0633, 0.0618], p-value: 0.5238
Predictor: gad7_sum, AUC increase: 0.1389, 95% CI: [0.0394, 0.2361], p-value: 0.0026
Predictor: sds_sum, AUC increase: 0.1125, 95% CI: [0.0098, 0.2131], p-value: 0.0189
Predictor: alc_sum, AUC increase: -0.0302, 95% CI: [-0.1281, 0.0619], p-value: 0.7390
Predictor: mania_history, AUC increase: 0.0131, 95% CI: [-0.0813, 0.0883], p-value: 0.3559
Predictor: psychosis_history, AUC increase: 0.0050, 95% CI: [-0.0149, 0.0246], p-value: 0.4241
Predictor: study_arm_EVO, AUC increase: -0.0152, 95% CI: [-0.1036, 0.0714], p-value: 0.6255
Predictor: study_arm_HealthTips, AUC increase: 0.0007, 95% CI: [-0.1049, 0.0913], p-value: 0.4719
Predictor: study_arm_iPST, AUC increase: -0.0101, 95% CI: [-0.0815, 0.0601], p-value: 0.6068
Beam search: keeping top 5 predictors
Adding predictor gad7_sum. New AUC: 0.6389

Exploring path with predictors: ['gad7_sum']
Current AUC: 0.6389
Predictor: base_phq9, AUC increase: -0.0119, 95% CI: [-0.0867, 0.0472], p-value: 0.6402
Predictor: gender, AUC increase: -0.0036, 95% CI: [-0.0444, 0.0157], p-value: 0.8077
Predictor: education, AUC increase: 0.0041, 95% CI: [-0.0443, 0.0506], p-value: 0.4436
Predictor: working, AUC increase: -0.0035, 95% CI: [-0.0397, 0.0081], p-value: 0.8958
Predictor: marital_status, AUC increase: -0.0006, 95% CI: [-0.0417, 0.0371], p-value: 0.6693
Predictor: race, AUC increase: -0.0041, 95% CI: [-0.0535, 0.0258], p-value: 0.6724
Predictor: age, AUC increase: 0.0088, 95% CI: [-0.0808, 0.0831], p-value: 0.3824
Predictor: income_satisfaction, AUC increase: -0.0013, 95% CI: [-0.0403, 0.0331], p-value: 0.6915
Predictor: sds_sum, AUC increase: -0.0049, 95% CI: [-0.0989, 0.0731], p-value: 0.5236
Predictor: alc_sum, AUC increase: -0.0045, 95% CI: [-0.0780, 0.0650], p-value: 0.5511
Predictor: mania_history, AUC increase: -0.0030, 95% CI: [-0.0425, 0.0160], p-value: 0.7950
Predictor: psychosis_history, AUC increase: -0.0008, 95% CI: [-0.0195, 0.0066], p-value: 0.9421
Predictor: study_arm_EVO, AUC increase: -0.0035, 95% CI: [-0.0467, 0.0199], p-value: 0.7957
Predictor: study_arm_HealthTips, AUC increase: -0.0049, 95% CI: [-0.0638, 0.0306], p-value: 0.6409
Predictor: study_arm_iPST, AUC increase: -0.0031, 95% CI: [-0.0421, 0.0212], p-value: 0.7534
No predictors significantly improved the model. Stopping exploration for this path.
    outcome          model  predictors  ... p_value  complexity  rf_n_estimators
0  response  decision_tree  [gad7_sum]  ...  0.0026           3              100

[1 rows x 10 columns]
SAVING AS: results_Brighten-v1/fwd_dt_depth_3_seed_0.csv
Total time (seconds): 2031.299207687378
