
------- decision_tree predicting response -------

Exploring models with complexity: 4

Exploring path with predictors: []
Current AUC: 0.5000
Predictor: base_phq9, AUC increase: 0.0176, 95% CI: [-0.0818, 0.1153], p-value: 0.3675
Predictor: gender, AUC increase: -0.0166, 95% CI: [-0.0891, 0.0530], p-value: 0.6753
Predictor: education, AUC increase: -0.0134, 95% CI: [-0.0909, 0.0586], p-value: 0.6222
Predictor: working, AUC increase: -0.0163, 95% CI: [-0.1032, 0.0620], p-value: 0.6341
Predictor: marital_status, AUC increase: -0.0219, 95% CI: [-0.0924, 0.0456], p-value: 0.7318
Predictor: race, AUC increase: 0.0070, 95% CI: [-0.1003, 0.0995], p-value: 0.4153
Predictor: age, AUC increase: 0.0005, 95% CI: [-0.0992, 0.0994], p-value: 0.4995
Predictor: income_satisfaction, AUC increase: -0.0011, 95% CI: [-0.0633, 0.0618], p-value: 0.5238
Predictor: gad7_sum, AUC increase: 0.1329, 95% CI: [0.0317, 0.2316], p-value: 0.0059
Predictor: sds_sum, AUC increase: 0.1107, 95% CI: [0.0080, 0.2123], p-value: 0.0191
Predictor: alc_sum, AUC increase: -0.0349, 95% CI: [-0.1352, 0.0639], p-value: 0.7578
Predictor: mania_history, AUC increase: 0.0131, 95% CI: [-0.0813, 0.0883], p-value: 0.3559
Predictor: psychosis_history, AUC increase: 0.0050, 95% CI: [-0.0149, 0.0246], p-value: 0.4241
Predictor: study_arm_EVO, AUC increase: -0.0152, 95% CI: [-0.1036, 0.0714], p-value: 0.6255
Predictor: study_arm_HealthTips, AUC increase: 0.0007, 95% CI: [-0.1049, 0.0913], p-value: 0.4719
Predictor: study_arm_iPST, AUC increase: -0.0101, 95% CI: [-0.0815, 0.0601], p-value: 0.6068
No predictors significantly improved the model. Stopping exploration for this path.
Empty DataFrame
Columns: []
Index: []
SAVING AS: results_Brighten-v1/fwd_dt_depth_4_seed_0.csv
Total time (seconds): 621.8735880851746
