
------- random_forest predicting response -------

Exploring models with complexity: 1

Exploring path with predictors: []
Current AUC: 0.5000
Predictor: base_phq9, AUC increase: 0.0567, 95% CI: [-0.0415, 0.1534], p-value: 0.1267
Predictor: gender, AUC increase: -0.0166, 95% CI: [-0.0867, 0.0546], p-value: 0.6764
Predictor: education, AUC increase: -0.0126, 95% CI: [-0.0897, 0.0596], p-value: 0.6244
Predictor: working, AUC increase: -0.0162, 95% CI: [-0.0994, 0.0631], p-value: 0.6374
Predictor: marital_status, AUC increase: -0.0214, 95% CI: [-0.0925, 0.0468], p-value: 0.7260
Predictor: race, AUC increase: 0.0058, 95% CI: [-0.0996, 0.0981], p-value: 0.4235
Predictor: age, AUC increase: 0.0074, 95% CI: [-0.1004, 0.1110], p-value: 0.4427
Predictor: income_satisfaction, AUC increase: -0.0005, 95% CI: [-0.0648, 0.0638], p-value: 0.5125
Predictor: gad7_sum, AUC increase: 0.1451, 95% CI: [0.0446, 0.2433], p-value: 0.0028
Predictor: sds_sum, AUC increase: 0.1377, 95% CI: [0.0347, 0.2392], p-value: 0.0047
Predictor: alc_sum, AUC increase: -0.0214, 95% CI: [-0.1251, 0.0786], p-value: 0.6642
Predictor: mania_history, AUC increase: 0.0118, 95% CI: [-0.0833, 0.0874], p-value: 0.3672
Predictor: psychosis_history, AUC increase: 0.0049, 95% CI: [-0.0152, 0.0246], p-value: 0.4275
Predictor: study_arm_EVO, AUC increase: -0.0156, 95% CI: [-0.1042, 0.0724], p-value: 0.6339
Predictor: study_arm_HealthTips, AUC increase: -0.0004, 95% CI: [-0.1052, 0.0900], p-value: 0.4780
Predictor: study_arm_iPST, AUC increase: -0.0100, 95% CI: [-0.0797, 0.0595], p-value: 0.6094
Beam search: keeping top 5 predictors
Adding predictor gad7_sum. New AUC: 0.6451
Adding predictor sds_sum. New AUC: 0.6377

Exploring path with predictors: ['gad7_sum']
Current AUC: 0.6451
Predictor: base_phq9, AUC increase: -0.0063, 95% CI: [-0.0587, 0.0421], p-value: 0.5920
Predictor: gender, AUC increase: -0.0089, 95% CI: [-0.0463, 0.0225], p-value: 0.6900
Predictor: education, AUC increase: -0.0070, 95% CI: [-0.0494, 0.0262], p-value: 0.6236
Predictor: working, AUC increase: -0.0082, 95% CI: [-0.0539, 0.0275], p-value: 0.6364
Predictor: marital_status, AUC increase: -0.0093, 95% CI: [-0.0507, 0.0231], p-value: 0.6856
Predictor: race, AUC increase: 0.0002, 95% CI: [-0.0503, 0.0434], p-value: 0.4646
Predictor: age, AUC increase: 0.0001, 95% CI: [-0.0560, 0.0503], p-value: 0.4820
Predictor: income_satisfaction, AUC increase: -0.0029, 95% CI: [-0.0408, 0.0306], p-value: 0.5572
Predictor: sds_sum, AUC increase: 0.0218, 95% CI: [-0.0373, 0.0767], p-value: 0.2177
Predictor: alc_sum, AUC increase: -0.0154, 95% CI: [-0.0700, 0.0322], p-value: 0.7196
Predictor: mania_history, AUC increase: -0.0058, 95% CI: [-0.0490, 0.0306], p-value: 0.5972
Predictor: psychosis_history, AUC increase: 0.0009, 95% CI: [-0.0218, 0.0193], p-value: 0.4422
Predictor: study_arm_EVO, AUC increase: -0.0088, 95% CI: [-0.0556, 0.0297], p-value: 0.6454
Predictor: study_arm_HealthTips, AUC increase: -0.0018, 95% CI: [-0.0522, 0.0386], p-value: 0.4949
Predictor: study_arm_iPST, AUC increase: -0.0072, 95% CI: [-0.0493, 0.0267], p-value: 0.6312
No predictors significantly improved the model. Stopping exploration for this path.

Exploring path with predictors: ['sds_sum']
Current AUC: 0.6377
Predictor: base_phq9, AUC increase: -0.0042, 95% CI: [-0.0652, 0.0468], p-value: 0.5342
Predictor: gender, AUC increase: -0.0121, 95% CI: [-0.0547, 0.0153], p-value: 0.7440
Predictor: education, AUC increase: -0.0090, 95% CI: [-0.0511, 0.0197], p-value: 0.6754
Predictor: working, AUC increase: -0.0122, 95% CI: [-0.0581, 0.0175], p-value: 0.7339
Predictor: marital_status, AUC increase: -0.0108, 95% CI: [-0.0520, 0.0161], p-value: 0.7290
Predictor: race, AUC increase: -0.0065, 95% CI: [-0.0585, 0.0321], p-value: 0.5849
Predictor: age, AUC increase: -0.0132, 95% CI: [-0.0731, 0.0347], p-value: 0.6734
Predictor: income_satisfaction, AUC increase: -0.0042, 95% CI: [-0.0439, 0.0276], p-value: 0.5769
Predictor: gad7_sum, AUC increase: 0.0292, 95% CI: [-0.0304, 0.0894], p-value: 0.1694
Predictor: alc_sum, AUC increase: -0.0155, 95% CI: [-0.0704, 0.0259], p-value: 0.7313
Predictor: mania_history, AUC increase: -0.0064, 95% CI: [-0.0513, 0.0261], p-value: 0.5922
Predictor: psychosis_history, AUC increase: -0.0022, 95% CI: [-0.0249, 0.0132], p-value: 0.5137
Predictor: study_arm_EVO, AUC increase: -0.0108, 95% CI: [-0.0576, 0.0211], p-value: 0.6970
Predictor: study_arm_HealthTips, AUC increase: -0.0096, 95% CI: [-0.0597, 0.0259], p-value: 0.6490
Predictor: study_arm_iPST, AUC increase: -0.0090, 95% CI: [-0.0506, 0.0197], p-value: 0.6916
No predictors significantly improved the model. Stopping exploration for this path.
    outcome          model  predictors  ... p_value  complexity  rf_n_estimators
0  response  random_forest  [gad7_sum]  ...  0.0028           1              100
1  response  random_forest   [sds_sum]  ...  0.0047           1              100

[2 rows x 10 columns]
SAVING AS: results_Brighten-v1/fwd_rf_depth_1_seed_0.csv
Total time (seconds): 35940.602519750595
