
------- decision_tree predicting response -------

Exploring models with complexity: 2

Exploring path with predictors: []
Current AUC: 0.5000
Predictor: base_phq9, AUC increase: 0.0357, 95% CI: [-0.0592, 0.1237], p-value: 0.2281
Predictor: gender, AUC increase: -0.0166, 95% CI: [-0.0891, 0.0530], p-value: 0.6753
Predictor: education, AUC increase: -0.0134, 95% CI: [-0.0909, 0.0586], p-value: 0.6222
Predictor: working, AUC increase: -0.0163, 95% CI: [-0.1032, 0.0620], p-value: 0.6341
Predictor: marital_status, AUC increase: -0.0219, 95% CI: [-0.0924, 0.0456], p-value: 0.7318
Predictor: race, AUC increase: 0.0070, 95% CI: [-0.1003, 0.0995], p-value: 0.4153
Predictor: age, AUC increase: -0.0029, 95% CI: [-0.0904, 0.0855], p-value: 0.5471
Predictor: income_satisfaction, AUC increase: -0.0011, 95% CI: [-0.0633, 0.0618], p-value: 0.5238
Predictor: gad7_sum, AUC increase: 0.1447, 95% CI: [0.0497, 0.2373], p-value: 0.0013
Predictor: sds_sum, AUC increase: 0.1158, 95% CI: [0.0192, 0.2099], p-value: 0.0097
Predictor: alc_sum, AUC increase: -0.0230, 95% CI: [-0.1104, 0.0583], p-value: 0.7170
Predictor: mania_history, AUC increase: 0.0131, 95% CI: [-0.0813, 0.0883], p-value: 0.3559
Predictor: psychosis_history, AUC increase: 0.0050, 95% CI: [-0.0149, 0.0246], p-value: 0.4241
Predictor: study_arm_EVO, AUC increase: -0.0152, 95% CI: [-0.1036, 0.0714], p-value: 0.6255
Predictor: study_arm_HealthTips, AUC increase: 0.0007, 95% CI: [-0.1049, 0.0913], p-value: 0.4719
Predictor: study_arm_iPST, AUC increase: -0.0101, 95% CI: [-0.0815, 0.0601], p-value: 0.6068
Beam search: keeping top 5 predictors
Adding predictor gad7_sum. New AUC: 0.6447

Exploring path with predictors: ['gad7_sum']
Current AUC: 0.6447
Predictor: base_phq9, AUC increase: -0.0072, 95% CI: [-0.0559, 0.0113], p-value: 0.9081
Predictor: gender, AUC increase: -0.0005, 95% CI: [0.0000, 0.0000], p-value: 0.9991
Predictor: education, AUC increase: -0.0029, 95% CI: [-0.0346, 0.0049], p-value: 0.9567
Predictor: working, AUC increase: -0.0004, 95% CI: [0.0000, 0.0000], p-value: 0.9996
Predictor: marital_status, AUC increase: -0.0018, 95% CI: [-0.0271, 0.0000], p-value: 0.9779
Predictor: race, AUC increase: -0.0010, 95% CI: [-0.0235, 0.0133], p-value: 0.9178
Predictor: age, AUC increase: 0.0043, 95% CI: [-0.0473, 0.0520], p-value: 0.4241
Predictor: income_satisfaction, AUC increase: -0.0013, 95% CI: [-0.0206, 0.0016], p-value: 0.9714
Predictor: sds_sum, AUC increase: -0.0097, 95% CI: [-0.0924, 0.0450], p-value: 0.6322
Predictor: alc_sum, AUC increase: -0.0076, 95% CI: [-0.0634, 0.0221], p-value: 0.7520
Predictor: mania_history, AUC increase: -0.0005, 95% CI: [-0.0009, 0.0000], p-value: 0.9971
Predictor: psychosis_history, AUC increase: -0.0001, 95% CI: [0.0000, 0.0000], p-value: 0.9999
Predictor: study_arm_EVO, AUC increase: -0.0012, 95% CI: [-0.0196, 0.0000], p-value: 0.9833
Predictor: study_arm_HealthTips, AUC increase: -0.0011, 95% CI: [-0.0273, 0.0163], p-value: 0.8735
Predictor: study_arm_iPST, AUC increase: -0.0010, 95% CI: [-0.0177, 0.0025], p-value: 0.9688
No predictors significantly improved the model. Stopping exploration for this path.
    outcome          model  predictors  ... p_value  complexity  rf_n_estimators
0  response  decision_tree  [gad7_sum]  ...  0.0013           2              100

[1 rows x 10 columns]
SAVING AS: results_Brighten-v1/fwd_dt_depth_2_seed_0.csv
Total time (seconds): 1540.8365919589996
