
------- random_forest predicting response -------

Exploring models with complexity: 5

Exploring path with predictors: []
Current AUC: 0.5000
Predictor: base_phq9, AUC increase: 0.0199, 95% CI: [-0.0828, 0.1209], p-value: 0.3504
Predictor: gender, AUC increase: -0.0166, 95% CI: [-0.0867, 0.0546], p-value: 0.6764
Predictor: education, AUC increase: -0.0126, 95% CI: [-0.0897, 0.0596], p-value: 0.6244
Predictor: working, AUC increase: -0.0162, 95% CI: [-0.0994, 0.0631], p-value: 0.6374
Predictor: marital_status, AUC increase: -0.0214, 95% CI: [-0.0925, 0.0468], p-value: 0.7260
Predictor: race, AUC increase: 0.0058, 95% CI: [-0.0996, 0.0981], p-value: 0.4235
Predictor: age, AUC increase: 0.0130, 95% CI: [-0.0898, 0.1164], p-value: 0.4078
Predictor: income_satisfaction, AUC increase: -0.0005, 95% CI: [-0.0648, 0.0638], p-value: 0.5125
Predictor: gad7_sum, AUC increase: 0.1333, 95% CI: [0.0301, 0.2335], p-value: 0.0057
Predictor: sds_sum, AUC increase: 0.1087, 95% CI: [0.0027, 0.2107], p-value: 0.0227
Predictor: alc_sum, AUC increase: -0.0387, 95% CI: [-0.1417, 0.0660], p-value: 0.7731
Predictor: mania_history, AUC increase: 0.0118, 95% CI: [-0.0833, 0.0874], p-value: 0.3672
Predictor: psychosis_history, AUC increase: 0.0049, 95% CI: [-0.0152, 0.0246], p-value: 0.4275
Predictor: study_arm_EVO, AUC increase: -0.0156, 95% CI: [-0.1042, 0.0724], p-value: 0.6339
Predictor: study_arm_HealthTips, AUC increase: -0.0004, 95% CI: [-0.1052, 0.0900], p-value: 0.4780
Predictor: study_arm_iPST, AUC increase: -0.0100, 95% CI: [-0.0797, 0.0595], p-value: 0.6094
No predictors significantly improved the model. Stopping exploration for this path.
Empty DataFrame
Columns: []
Index: []
SAVING AS: results_Brighten-v1/fwd_rf_depth_5_seed_0.csv
Total time (seconds): 8861.084985256195
